running egg_info
creating ../../build/pros_library/pros_library.egg-info
writing ../../build/pros_library/pros_library.egg-info/PKG-INFO
writing dependency_links to ../../build/pros_library/pros_library.egg-info/dependency_links.txt
writing entry points to ../../build/pros_library/pros_library.egg-info/entry_points.txt
writing requirements to ../../build/pros_library/pros_library.egg-info/requires.txt
writing top-level names to ../../build/pros_library/pros_library.egg-info/top_level.txt
writing manifest file '../../build/pros_library/pros_library.egg-info/SOURCES.txt'
reading manifest file '../../build/pros_library/pros_library.egg-info/SOURCES.txt'
writing manifest file '../../build/pros_library/pros_library.egg-info/SOURCES.txt'
running build
running build_py
creating /home/otischung/DATA/workspace/ros2_ws/build/pros_library/build
creating /home/otischung/DATA/workspace/ros2_ws/build/pros_library/build/lib
creating /home/otischung/DATA/workspace/ros2_ws/build/pros_library/build/lib/pros_library
copying pros_library/__init__.py -> /home/otischung/DATA/workspace/ros2_ws/build/pros_library/build/lib/pros_library
copying pros_library/pros_node.py -> /home/otischung/DATA/workspace/ros2_ws/build/pros_library/build/lib/pros_library
running install
running install_lib
creating /home/otischung/DATA/workspace/ros2_ws/install/pros_library/lib/python3.10/site-packages/pros_library
copying /home/otischung/DATA/workspace/ros2_ws/build/pros_library/build/lib/pros_library/__init__.py -> /home/otischung/DATA/workspace/ros2_ws/install/pros_library/lib/python3.10/site-packages/pros_library
copying /home/otischung/DATA/workspace/ros2_ws/build/pros_library/build/lib/pros_library/pros_node.py -> /home/otischung/DATA/workspace/ros2_ws/install/pros_library/lib/python3.10/site-packages/pros_library
byte-compiling /home/otischung/DATA/workspace/ros2_ws/install/pros_library/lib/python3.10/site-packages/pros_library/__init__.py to __init__.cpython-310.pyc
byte-compiling /home/otischung/DATA/workspace/ros2_ws/install/pros_library/lib/python3.10/site-packages/pros_library/pros_node.py to pros_node.cpython-310.pyc
running install_data
creating /home/otischung/DATA/workspace/ros2_ws/install/pros_library/share/ament_index
creating /home/otischung/DATA/workspace/ros2_ws/install/pros_library/share/ament_index/resource_index
creating /home/otischung/DATA/workspace/ros2_ws/install/pros_library/share/ament_index/resource_index/packages
copying resource/pros_library -> /home/otischung/DATA/workspace/ros2_ws/install/pros_library/share/ament_index/resource_index/packages
copying package.xml -> /home/otischung/DATA/workspace/ros2_ws/install/pros_library/share/pros_library
running install_egg_info
Copying ../../build/pros_library/pros_library.egg-info to /home/otischung/DATA/workspace/ros2_ws/install/pros_library/lib/python3.10/site-packages/pros_library-0.0.0-py3.10.egg-info
running install_scripts
writing list of installed files to '/home/otischung/DATA/workspace/ros2_ws/build/pros_library/install.log'
