[0.567s] Invoking command in '/home/otischung/DATA/workspace/ros2_ws/src/pros_library': CMAKE_PREFIX_PATH=/home/otischung/DATA/workspace/ros2_ws/install/system_interfaces:/home/otischung/DATA/workspace/ros2_ws/install/monitor_system PYTHONPATH=/home/otischung/DATA/workspace/ros2_ws/build/pros_library/prefix_override:/home/otischung/DATA/workspace/ros2_ws/install/pros_library/lib/python3.10/site-packages:${PYTHONPATH} /usr/bin/python3 setup.py egg_info --egg-base ../../build/pros_library build --build-base /home/otischung/DATA/workspace/ros2_ws/build/pros_library/build install --record /home/otischung/DATA/workspace/ros2_ws/build/pros_library/install.log --single-version-externally-managed
[0.801s] running egg_info
[0.801s] creating ../../build/pros_library/pros_library.egg-info
[0.801s] writing ../../build/pros_library/pros_library.egg-info/PKG-INFO
[0.801s] writing dependency_links to ../../build/pros_library/pros_library.egg-info/dependency_links.txt
[0.801s] writing entry points to ../../build/pros_library/pros_library.egg-info/entry_points.txt
[0.802s] writing requirements to ../../build/pros_library/pros_library.egg-info/requires.txt
[0.802s] writing top-level names to ../../build/pros_library/pros_library.egg-info/top_level.txt
[0.802s] writing manifest file '../../build/pros_library/pros_library.egg-info/SOURCES.txt'
[0.803s] reading manifest file '../../build/pros_library/pros_library.egg-info/SOURCES.txt'
[0.804s] writing manifest file '../../build/pros_library/pros_library.egg-info/SOURCES.txt'
[0.804s] running build
[0.804s] running build_py
[0.804s] creating /home/otischung/DATA/workspace/ros2_ws/build/pros_library/build
[0.804s] creating /home/otischung/DATA/workspace/ros2_ws/build/pros_library/build/lib
[0.804s] creating /home/otischung/DATA/workspace/ros2_ws/build/pros_library/build/lib/pros_library
[0.805s] copying pros_library/__init__.py -> /home/otischung/DATA/workspace/ros2_ws/build/pros_library/build/lib/pros_library
[0.805s] copying pros_library/pros_node.py -> /home/otischung/DATA/workspace/ros2_ws/build/pros_library/build/lib/pros_library
[0.805s] running install
[0.805s] running install_lib
[0.805s] creating /home/otischung/DATA/workspace/ros2_ws/install/pros_library/lib/python3.10/site-packages/pros_library
[0.805s] copying /home/otischung/DATA/workspace/ros2_ws/build/pros_library/build/lib/pros_library/__init__.py -> /home/otischung/DATA/workspace/ros2_ws/install/pros_library/lib/python3.10/site-packages/pros_library
[0.805s] copying /home/otischung/DATA/workspace/ros2_ws/build/pros_library/build/lib/pros_library/pros_node.py -> /home/otischung/DATA/workspace/ros2_ws/install/pros_library/lib/python3.10/site-packages/pros_library
[0.806s] byte-compiling /home/otischung/DATA/workspace/ros2_ws/install/pros_library/lib/python3.10/site-packages/pros_library/__init__.py to __init__.cpython-310.pyc
[0.806s] byte-compiling /home/otischung/DATA/workspace/ros2_ws/install/pros_library/lib/python3.10/site-packages/pros_library/pros_node.py to pros_node.cpython-310.pyc
[0.807s] running install_data
[0.807s] creating /home/otischung/DATA/workspace/ros2_ws/install/pros_library/share/ament_index
[0.807s] creating /home/otischung/DATA/workspace/ros2_ws/install/pros_library/share/ament_index/resource_index
[0.807s] creating /home/otischung/DATA/workspace/ros2_ws/install/pros_library/share/ament_index/resource_index/packages
[0.808s] copying resource/pros_library -> /home/otischung/DATA/workspace/ros2_ws/install/pros_library/share/ament_index/resource_index/packages
[0.808s] copying package.xml -> /home/otischung/DATA/workspace/ros2_ws/install/pros_library/share/pros_library
[0.808s] running install_egg_info
[0.809s] Copying ../../build/pros_library/pros_library.egg-info to /home/otischung/DATA/workspace/ros2_ws/install/pros_library/lib/python3.10/site-packages/pros_library-0.0.0-py3.10.egg-info
[0.809s] running install_scripts
[0.826s] writing list of installed files to '/home/otischung/DATA/workspace/ros2_ws/build/pros_library/install.log'
[0.846s] Invoked command in '/home/otischung/DATA/workspace/ros2_ws/src/pros_library' returned '0': CMAKE_PREFIX_PATH=/home/otischung/DATA/workspace/ros2_ws/install/system_interfaces:/home/otischung/DATA/workspace/ros2_ws/install/monitor_system PYTHONPATH=/home/otischung/DATA/workspace/ros2_ws/build/pros_library/prefix_override:/home/otischung/DATA/workspace/ros2_ws/install/pros_library/lib/python3.10/site-packages:${PYTHONPATH} /usr/bin/python3 setup.py egg_info --egg-base ../../build/pros_library build --build-base /home/otischung/DATA/workspace/ros2_ws/build/pros_library/build install --record /home/otischung/DATA/workspace/ros2_ws/build/pros_library/install.log --single-version-externally-managed
