[0.635s] Invoking command in '/home/otischung/DATA/workspace/ros2_ws/src/pros_library': CMAKE_PREFIX_PATH=/home/otischung/DATA/workspace/ros2_ws/install/system_interfaces:/home/otischung/DATA/workspace/ros2_ws/install/monitor_system PYTHONPATH=/home/otischung/DATA/workspace/ros2_ws/build/pros_library/prefix_override:/home/otischung/DATA/workspace/ros2_ws/install/pros_library/lib/python3.10/site-packages:${PYTHONPATH} /usr/bin/python3 setup.py egg_info --egg-base ../../build/pros_library build --build-base /home/otischung/DATA/workspace/ros2_ws/build/pros_library/build install --record /home/otischung/DATA/workspace/ros2_ws/build/pros_library/install.log --single-version-externally-managed
[0.874s] running egg_info
[0.875s] writing ../../build/pros_library/pros_library.egg-info/PKG-INFO
[0.875s] writing dependency_links to ../../build/pros_library/pros_library.egg-info/dependency_links.txt
[0.875s] writing entry points to ../../build/pros_library/pros_library.egg-info/entry_points.txt
[0.875s] writing requirements to ../../build/pros_library/pros_library.egg-info/requires.txt
[0.875s] writing top-level names to ../../build/pros_library/pros_library.egg-info/top_level.txt
[0.877s] reading manifest file '../../build/pros_library/pros_library.egg-info/SOURCES.txt'
[0.878s] writing manifest file '../../build/pros_library/pros_library.egg-info/SOURCES.txt'
[0.878s] running build
[0.878s] running build_py
[0.878s] running install
[0.878s] running install_lib
[0.879s] running install_data
[0.880s] running install_egg_info
[0.881s] removing '/home/otischung/DATA/workspace/ros2_ws/install/pros_library/lib/python3.10/site-packages/pros_library-0.0.0-py3.10.egg-info' (and everything under it)
[0.881s] Copying ../../build/pros_library/pros_library.egg-info to /home/otischung/DATA/workspace/ros2_ws/install/pros_library/lib/python3.10/site-packages/pros_library-0.0.0-py3.10.egg-info
[0.882s] running install_scripts
[0.898s] writing list of installed files to '/home/otischung/DATA/workspace/ros2_ws/build/pros_library/install.log'
[0.917s] Invoked command in '/home/otischung/DATA/workspace/ros2_ws/src/pros_library' returned '0': CMAKE_PREFIX_PATH=/home/otischung/DATA/workspace/ros2_ws/install/system_interfaces:/home/otischung/DATA/workspace/ros2_ws/install/monitor_system PYTHONPATH=/home/otischung/DATA/workspace/ros2_ws/build/pros_library/prefix_override:/home/otischung/DATA/workspace/ros2_ws/install/pros_library/lib/python3.10/site-packages:${PYTHONPATH} /usr/bin/python3 setup.py egg_info --egg-base ../../build/pros_library build --build-base /home/otischung/DATA/workspace/ros2_ws/build/pros_library/build install --record /home/otischung/DATA/workspace/ros2_ws/build/pros_library/install.log --single-version-externally-managed
