running egg_info
writing ../../build/template/template.egg-info/PKG-INFO
writing dependency_links to ../../build/template/template.egg-info/dependency_links.txt
writing entry points to ../../build/template/template.egg-info/entry_points.txt
writing requirements to ../../build/template/template.egg-info/requires.txt
writing top-level names to ../../build/template/template.egg-info/top_level.txt
reading manifest file '../../build/template/template.egg-info/SOURCES.txt'
writing manifest file '../../build/template/template.egg-info/SOURCES.txt'
running build
running build_py
copying template/template.py -> /home/otischung/DATA/workspace/ros2_ws/build/template/build/lib/template
running install
running install_lib
copying /home/otischung/DATA/workspace/ros2_ws/build/template/build/lib/template/template.py -> /home/otischung/DATA/workspace/ros2_ws/install/template/lib/python3.10/site-packages/template
byte-compiling /home/otischung/DATA/workspace/ros2_ws/install/template/lib/python3.10/site-packages/template/template.py to template.cpython-310.pyc
running install_data
running install_egg_info
removing '/home/otischung/DATA/workspace/ros2_ws/install/template/lib/python3.10/site-packages/template-0.0.0-py3.10.egg-info' (and everything under it)
Copying ../../build/template/template.egg-info to /home/otischung/DATA/workspace/ros2_ws/install/template/lib/python3.10/site-packages/template-0.0.0-py3.10.egg-info
running install_scripts
Installing robot_node script to /home/otischung/DATA/workspace/ros2_ws/install/template/lib/template
writing list of installed files to '/home/otischung/DATA/workspace/ros2_ws/build/template/install.log'
