[0.847s] Invoking command in '/home/otischung/DATA/workspace/ros2_ws/src/template': AMENT_PREFIX_PATH=/home/otischung/DATA/workspace/ros2_ws/install/pros_library:/home/otischung/DATA/workspace/ros2_ws/install/test_node:/home/otischung/DATA/workspace/ros2_ws/install/template:/home/otischung/DATA/workspace/ros2_ws/install/monitor_system:/home/otischung/DATA/workspace/ros2_ws/install/system_interfaces:/home/otischung/DATA/workspace/ros2_ws/install/my_py_pkg:/opt/ros/humble CMAKE_PREFIX_PATH=/home/otischung/DATA/workspace/ros2_ws/install/system_interfaces:/home/otischung/DATA/workspace/ros2_ws/install/monitor_system PYTHONPATH=/home/otischung/DATA/workspace/ros2_ws/build/template/prefix_override:/home/otischung/DATA/workspace/ros2_ws/install/template/lib/python3.10/site-packages:/home/otischung/DATA/workspace/ros2_ws/install/pros_library/lib/python3.10/site-packages:/home/otischung/DATA/workspace/ros2_ws/install/test_node/lib/python3.10/site-packages:/home/otischung/DATA/workspace/ros2_ws/install/template/lib/python3.10/site-packages:/home/otischung/DATA/workspace/ros2_ws/install/system_interfaces/local/lib/python3.10/dist-packages:/home/otischung/DATA/workspace/ros2_ws/install/my_py_pkg/lib/python3.10/site-packages:/home/otischung/DATA/workspace/ros2_ws/install/my-test-package/lib/python3.10/site-packages:/opt/ros/humble/lib/python3.10/site-packages:/opt/ros/humble/local/lib/python3.10/dist-packages /usr/bin/python3 setup.py egg_info --egg-base ../../build/template build --build-base /home/otischung/DATA/workspace/ros2_ws/build/template/build install --record /home/otischung/DATA/workspace/ros2_ws/build/template/install.log --single-version-externally-managed
[1.097s] running egg_info
[1.098s] writing ../../build/template/template.egg-info/PKG-INFO
[1.098s] writing dependency_links to ../../build/template/template.egg-info/dependency_links.txt
[1.098s] writing entry points to ../../build/template/template.egg-info/entry_points.txt
[1.098s] writing requirements to ../../build/template/template.egg-info/requires.txt
[1.098s] writing top-level names to ../../build/template/template.egg-info/top_level.txt
[1.100s] reading manifest file '../../build/template/template.egg-info/SOURCES.txt'
[1.101s] writing manifest file '../../build/template/template.egg-info/SOURCES.txt'
[1.101s] running build
[1.101s] running build_py
[1.101s] copying template/template.py -> /home/otischung/DATA/workspace/ros2_ws/build/template/build/lib/template
[1.101s] running install
[1.101s] running install_lib
[1.102s] copying /home/otischung/DATA/workspace/ros2_ws/build/template/build/lib/template/template.py -> /home/otischung/DATA/workspace/ros2_ws/install/template/lib/python3.10/site-packages/template
[1.102s] byte-compiling /home/otischung/DATA/workspace/ros2_ws/install/template/lib/python3.10/site-packages/template/template.py to template.cpython-310.pyc
[1.103s] running install_data
[1.103s] running install_egg_info
[1.104s] removing '/home/otischung/DATA/workspace/ros2_ws/install/template/lib/python3.10/site-packages/template-0.0.0-py3.10.egg-info' (and everything under it)
[1.105s] Copying ../../build/template/template.egg-info to /home/otischung/DATA/workspace/ros2_ws/install/template/lib/python3.10/site-packages/template-0.0.0-py3.10.egg-info
[1.105s] running install_scripts
[1.124s] Installing robot_node script to /home/otischung/DATA/workspace/ros2_ws/install/template/lib/template
[1.124s] writing list of installed files to '/home/otischung/DATA/workspace/ros2_ws/build/template/install.log'
[1.157s] Invoked command in '/home/otischung/DATA/workspace/ros2_ws/src/template' returned '0': AMENT_PREFIX_PATH=/home/otischung/DATA/workspace/ros2_ws/install/pros_library:/home/otischung/DATA/workspace/ros2_ws/install/test_node:/home/otischung/DATA/workspace/ros2_ws/install/template:/home/otischung/DATA/workspace/ros2_ws/install/monitor_system:/home/otischung/DATA/workspace/ros2_ws/install/system_interfaces:/home/otischung/DATA/workspace/ros2_ws/install/my_py_pkg:/opt/ros/humble CMAKE_PREFIX_PATH=/home/otischung/DATA/workspace/ros2_ws/install/system_interfaces:/home/otischung/DATA/workspace/ros2_ws/install/monitor_system PYTHONPATH=/home/otischung/DATA/workspace/ros2_ws/build/template/prefix_override:/home/otischung/DATA/workspace/ros2_ws/install/template/lib/python3.10/site-packages:/home/otischung/DATA/workspace/ros2_ws/install/pros_library/lib/python3.10/site-packages:/home/otischung/DATA/workspace/ros2_ws/install/test_node/lib/python3.10/site-packages:/home/otischung/DATA/workspace/ros2_ws/install/template/lib/python3.10/site-packages:/home/otischung/DATA/workspace/ros2_ws/install/system_interfaces/local/lib/python3.10/dist-packages:/home/otischung/DATA/workspace/ros2_ws/install/my_py_pkg/lib/python3.10/site-packages:/home/otischung/DATA/workspace/ros2_ws/install/my-test-package/lib/python3.10/site-packages:/opt/ros/humble/lib/python3.10/site-packages:/opt/ros/humble/local/lib/python3.10/dist-packages /usr/bin/python3 setup.py egg_info --egg-base ../../build/template build --build-base /home/otischung/DATA/workspace/ros2_ws/build/template/build install --record /home/otischung/DATA/workspace/ros2_ws/build/template/install.log --single-version-externally-managed
