[0.014s] Invoking command in '/home/otischung/DATA/workspace/ros2_ws/build/system_interfaces': CMAKE_PREFIX_PATH=${CMAKE_PREFIX_PATH}:/home/otischung/DATA/workspace/ros2_ws/install/test_node:/home/otischung/DATA/workspace/ros2_ws/install/template:/home/otischung/DATA/workspace/ros2_ws/install/pros_library:/home/otischung/DATA/workspace/ros2_ws/install/my_py_pkg:/opt/ros/humble /usr/bin/cmake /home/otischung/DATA/workspace/ros2_ws/src/system_interfaces -DCMAKE_INSTALL_PREFIX=/home/otischung/DATA/workspace/ros2_ws/install/system_interfaces
[0.063s] -- The C compiler identification is GNU 11.4.0
[0.113s] -- The CXX compiler identification is GNU 11.4.0
[0.120s] -- Detecting C compiler ABI info
[0.183s] -- Detecting C compiler ABI info - done
[0.190s] -- Check for working C compiler: /usr/bin/cc - skipped
[0.190s] -- Detecting C compile features
[0.190s] -- Detecting C compile features - done
[0.193s] -- Detecting CXX compiler ABI info
[0.271s] -- Detecting CXX compiler ABI info - done
[0.278s] -- Check for working CXX compiler: /usr/bin/c++ - skipped
[0.278s] -- Detecting CXX compile features
[0.278s] -- Detecting CXX compile features - done
[0.280s] -- Found ament_cmake: 1.3.5 (/opt/ros/humble/share/ament_cmake/cmake)
[0.430s] -- Found Python3: /usr/bin/python3.10 (found version "3.10.12") found components: Interpreter 
[0.501s] -- Found rosidl_default_generators: 1.2.0 (/opt/ros/humble/share/rosidl_default_generators/cmake)
[0.503s] -- Using all available rosidl_typesupport_c: rosidl_typesupport_fastrtps_c;rosidl_typesupport_introspection_c
[0.509s] -- Found rosidl_adapter: 3.1.5 (/opt/ros/humble/share/rosidl_adapter/cmake)
[0.549s] -- Using all available rosidl_typesupport_cpp: rosidl_typesupport_fastrtps_cpp;rosidl_typesupport_introspection_cpp
[0.798s] -- Found ament_cmake_ros: 0.10.0 (/opt/ros/humble/share/ament_cmake_ros/cmake)
[0.965s] -- Using all available rosidl_typesupport_c: rosidl_typesupport_fastrtps_c;rosidl_typesupport_introspection_c
[1.167s] -- Using all available rosidl_typesupport_cpp: rosidl_typesupport_fastrtps_cpp;rosidl_typesupport_introspection_cpp
[1.186s] -- Found PythonInterp: /usr/bin/python3 (found suitable version "3.10.12", minimum required is "3.6") 
[1.187s] -- Found python_cmake_module: 0.10.0 (/opt/ros/humble/share/python_cmake_module/cmake)
[1.210s] -- Found PythonLibs: /usr/lib/x86_64-linux-gnu/libpython3.10.so (found suitable version "3.10.12", minimum required is "3.5") 
[1.210s] -- Using PYTHON_EXECUTABLE: /usr/bin/python3
[1.211s] -- Using PYTHON_INCLUDE_DIRS: /usr/include/python3.10
[1.211s] -- Using PYTHON_LIBRARIES: /usr/lib/x86_64-linux-gnu/libpython3.10.so
[1.230s] -- Found PythonExtra: .so  
[1.260s] -- Found ament_lint_auto: 0.12.8 (/opt/ros/humble/share/ament_lint_auto/cmake)
[1.274s] -- Added test 'lint_cmake' to check CMake code style
[1.275s] -- Added test 'xmllint' to check XML markup files
[1.278s] -- Configuring done
[1.305s] -- Generating done
[1.307s] -- Build files have been written to: /home/otischung/DATA/workspace/ros2_ws/build/system_interfaces
[1.314s] Invoked command in '/home/otischung/DATA/workspace/ros2_ws/build/system_interfaces' returned '0': CMAKE_PREFIX_PATH=${CMAKE_PREFIX_PATH}:/home/otischung/DATA/workspace/ros2_ws/install/test_node:/home/otischung/DATA/workspace/ros2_ws/install/template:/home/otischung/DATA/workspace/ros2_ws/install/pros_library:/home/otischung/DATA/workspace/ros2_ws/install/my_py_pkg:/opt/ros/humble /usr/bin/cmake /home/otischung/DATA/workspace/ros2_ws/src/system_interfaces -DCMAKE_INSTALL_PREFIX=/home/otischung/DATA/workspace/ros2_ws/install/system_interfaces
[1.315s] Invoking command in '/home/otischung/DATA/workspace/ros2_ws/build/system_interfaces': CMAKE_PREFIX_PATH=${CMAKE_PREFIX_PATH}:/home/otischung/DATA/workspace/ros2_ws/install/test_node:/home/otischung/DATA/workspace/ros2_ws/install/template:/home/otischung/DATA/workspace/ros2_ws/install/pros_library:/home/otischung/DATA/workspace/ros2_ws/install/my_py_pkg:/opt/ros/humble /usr/bin/cmake --build /home/otischung/DATA/workspace/ros2_ws/build/system_interfaces -- -j12 -l12
[1.348s] [  2%] [34m[1mGenerating C code for ROS interfaces[0m
[1.357s] [  5%] [34m[1mGenerating C++ code for ROS interfaces[0m
[1.365s] [  5%] Built target ament_cmake_python_copy_system_interfaces
[1.608s] running egg_info
[1.609s] creating system_interfaces.egg-info
[1.609s] writing system_interfaces.egg-info/PKG-INFO
[1.609s] writing dependency_links to system_interfaces.egg-info/dependency_links.txt
[1.609s] writing top-level names to system_interfaces.egg-info/top_level.txt
[1.610s] writing manifest file 'system_interfaces.egg-info/SOURCES.txt'
[1.611s] reading manifest file 'system_interfaces.egg-info/SOURCES.txt'
[1.612s] writing manifest file 'system_interfaces.egg-info/SOURCES.txt'
[1.617s] [  5%] Built target system_interfaces__cpp
[1.620s] [ 10%] [32mBuilding C object CMakeFiles/system_interfaces__rosidl_generator_c.dir/rosidl_generator_c/system_interfaces/msg/detail/node_change__functions.c.o[0m
[1.620s] [ 10%] [32mBuilding C object CMakeFiles/system_interfaces__rosidl_generator_c.dir/rosidl_generator_c/system_interfaces/msg/detail/check_node__functions.c.o[0m
[1.627s] [ 17%] [34m[1mGenerating C++ introspection for ROS interfaces[0m
[1.627s] [ 17%] [34m[1mGenerating C++ type support for eProsima Fast-RTPS[0m
[1.628s] [ 17%] [34m[1mGenerating C++ type support dispatch for ROS interfaces[0m
[1.641s] [ 17%] Built target ament_cmake_python_build_system_interfaces_egg
[1.667s] [ 20%] [32m[1mLinking C shared library libsystem_interfaces__rosidl_generator_c.so[0m
[1.700s] [ 20%] Built target system_interfaces__rosidl_generator_c
[1.710s] [ 25%] [34m[1mGenerating C introspection for ROS interfaces[0m
[1.710s] [ 25%] [34m[1mGenerating C type support for eProsima Fast-RTPS[0m
[1.710s] [ 28%] [34m[1mGenerating C type support dispatch for ROS interfaces[0m
[1.871s] [ 33%] [32mBuilding CXX object CMakeFiles/system_interfaces__rosidl_typesupport_cpp.dir/rosidl_typesupport_cpp/system_interfaces/msg/check_node__type_support.cpp.o[0m
[1.871s] [ 33%] [32mBuilding CXX object CMakeFiles/system_interfaces__rosidl_typesupport_cpp.dir/rosidl_typesupport_cpp/system_interfaces/msg/node_change__type_support.cpp.o[0m
[1.887s] [ 38%] [32mBuilding CXX object CMakeFiles/system_interfaces__rosidl_typesupport_introspection_cpp.dir/rosidl_typesupport_introspection_cpp/system_interfaces/msg/detail/node_change__type_support.cpp.o[0m
[1.887s] [ 38%] [32mBuilding CXX object CMakeFiles/system_interfaces__rosidl_typesupport_introspection_cpp.dir/rosidl_typesupport_introspection_cpp/system_interfaces/msg/detail/check_node__type_support.cpp.o[0m
[1.905s] [ 41%] [32mBuilding CXX object CMakeFiles/system_interfaces__rosidl_typesupport_fastrtps_cpp.dir/rosidl_typesupport_fastrtps_cpp/system_interfaces/msg/detail/dds_fastrtps/node_change__type_support.cpp.o[0m
[1.908s] [ 43%] [32mBuilding CXX object CMakeFiles/system_interfaces__rosidl_typesupport_fastrtps_cpp.dir/rosidl_typesupport_fastrtps_cpp/system_interfaces/msg/detail/dds_fastrtps/check_node__type_support.cpp.o[0m
[1.982s] [ 46%] [32mBuilding CXX object CMakeFiles/system_interfaces__rosidl_typesupport_c.dir/rosidl_typesupport_c/system_interfaces/msg/node_change__type_support.cpp.o[0m
[1.982s] [ 48%] [32mBuilding CXX object CMakeFiles/system_interfaces__rosidl_typesupport_c.dir/rosidl_typesupport_c/system_interfaces/msg/check_node__type_support.cpp.o[0m
[2.040s] [ 51%] [32m[1mLinking CXX shared library libsystem_interfaces__rosidl_typesupport_c.so[0m
[2.061s] [ 56%] [32mBuilding CXX object CMakeFiles/system_interfaces__rosidl_typesupport_fastrtps_c.dir/rosidl_typesupport_fastrtps_c/system_interfaces/msg/detail/check_node__type_support_c.cpp.o[0m
[2.061s] [ 56%] [32mBuilding CXX object CMakeFiles/system_interfaces__rosidl_typesupport_fastrtps_c.dir/rosidl_typesupport_fastrtps_c/system_interfaces/msg/detail/node_change__type_support_c.cpp.o[0m
[2.070s] [ 61%] [32mBuilding C object CMakeFiles/system_interfaces__rosidl_typesupport_introspection_c.dir/rosidl_typesupport_introspection_c/system_interfaces/msg/detail/check_node__type_support.c.o[0m
[2.071s] [ 61%] [32mBuilding C object CMakeFiles/system_interfaces__rosidl_typesupport_introspection_c.dir/rosidl_typesupport_introspection_c/system_interfaces/msg/detail/node_change__type_support.c.o[0m
[2.103s] [ 61%] Built target system_interfaces__rosidl_typesupport_c
[2.124s] [ 64%] [32m[1mLinking C shared library libsystem_interfaces__rosidl_typesupport_introspection_c.so[0m
[2.169s] [ 64%] Built target system_interfaces__rosidl_typesupport_introspection_c
[2.216s] [ 66%] [32m[1mLinking CXX shared library libsystem_interfaces__rosidl_typesupport_cpp.so[0m
[2.256s] [ 66%] Built target system_interfaces__rosidl_typesupport_cpp
[2.364s] [ 69%] [32m[1mLinking CXX shared library libsystem_interfaces__rosidl_typesupport_fastrtps_cpp.so[0m
[2.416s] [ 71%] [32m[1mLinking CXX shared library libsystem_interfaces__rosidl_typesupport_introspection_cpp.so[0m
[2.437s] [ 71%] Built target system_interfaces__rosidl_typesupport_fastrtps_cpp
[2.472s] [ 71%] Built target system_interfaces__rosidl_typesupport_introspection_cpp
[2.481s] [ 74%] [32m[1mLinking CXX shared library libsystem_interfaces__rosidl_typesupport_fastrtps_c.so[0m
[2.542s] [ 74%] Built target system_interfaces__rosidl_typesupport_fastrtps_c
[2.559s] [ 74%] Built target system_interfaces
[2.577s] [ 76%] [34m[1mGenerating Python code for ROS interfaces[0m
[2.889s] [ 76%] Built target system_interfaces__py
[2.906s] [ 82%] [32mBuilding C object CMakeFiles/system_interfaces__rosidl_generator_py.dir/rosidl_generator_py/system_interfaces/msg/_node_change_s.c.o[0m
[2.906s] [ 82%] [32mBuilding C object CMakeFiles/system_interfaces__rosidl_generator_py.dir/rosidl_generator_py/system_interfaces/msg/_check_node_s.c.o[0m
[2.994s] [ 84%] [32m[1mLinking C shared library rosidl_generator_py/system_interfaces/libsystem_interfaces__rosidl_generator_py.so[0m
[3.029s] [ 84%] Built target system_interfaces__rosidl_generator_py
[3.047s] [ 92%] [32mBuilding C object CMakeFiles/system_interfaces__rosidl_typesupport_introspection_c__pyext.dir/rosidl_generator_py/system_interfaces/_system_interfaces_s.ep.rosidl_typesupport_introspection_c.c.o[0m
[3.047s] [ 92%] [32mBuilding C object CMakeFiles/system_interfaces__rosidl_typesupport_fastrtps_c__pyext.dir/rosidl_generator_py/system_interfaces/_system_interfaces_s.ep.rosidl_typesupport_fastrtps_c.c.o[0m
[3.047s] [ 92%] [32mBuilding C object CMakeFiles/system_interfaces__rosidl_typesupport_c__pyext.dir/rosidl_generator_py/system_interfaces/_system_interfaces_s.ep.rosidl_typesupport_c.c.o[0m
[3.132s] [ 94%] [32m[1mLinking C shared library rosidl_generator_py/system_interfaces/system_interfaces_s__rosidl_typesupport_c.cpython-310-x86_64-linux-gnu.so[0m
[3.132s] [ 97%] [32m[1mLinking C shared library rosidl_generator_py/system_interfaces/system_interfaces_s__rosidl_typesupport_introspection_c.cpython-310-x86_64-linux-gnu.so[0m
[3.134s] [100%] [32m[1mLinking C shared library rosidl_generator_py/system_interfaces/system_interfaces_s__rosidl_typesupport_fastrtps_c.cpython-310-x86_64-linux-gnu.so[0m
[3.161s] [100%] Built target system_interfaces__rosidl_typesupport_introspection_c__pyext
[3.161s] [100%] Built target system_interfaces__rosidl_typesupport_c__pyext
[3.163s] [100%] Built target system_interfaces__rosidl_typesupport_fastrtps_c__pyext
[3.173s] Invoked command in '/home/otischung/DATA/workspace/ros2_ws/build/system_interfaces' returned '0': CMAKE_PREFIX_PATH=${CMAKE_PREFIX_PATH}:/home/otischung/DATA/workspace/ros2_ws/install/test_node:/home/otischung/DATA/workspace/ros2_ws/install/template:/home/otischung/DATA/workspace/ros2_ws/install/pros_library:/home/otischung/DATA/workspace/ros2_ws/install/my_py_pkg:/opt/ros/humble /usr/bin/cmake --build /home/otischung/DATA/workspace/ros2_ws/build/system_interfaces -- -j12 -l12
[3.254s] Invoking command in '/home/otischung/DATA/workspace/ros2_ws/build/system_interfaces': CMAKE_PREFIX_PATH=${CMAKE_PREFIX_PATH}:/home/otischung/DATA/workspace/ros2_ws/install/test_node:/home/otischung/DATA/workspace/ros2_ws/install/template:/home/otischung/DATA/workspace/ros2_ws/install/pros_library:/home/otischung/DATA/workspace/ros2_ws/install/my_py_pkg:/opt/ros/humble /usr/bin/cmake --install /home/otischung/DATA/workspace/ros2_ws/build/system_interfaces
[3.261s] -- Install configuration: ""
[3.261s] -- Installing: /home/otischung/DATA/workspace/ros2_ws/install/system_interfaces/share/ament_index/resource_index/rosidl_interfaces/system_interfaces
[3.261s] -- Installing: /home/otischung/DATA/workspace/ros2_ws/install/system_interfaces/include/system_interfaces/system_interfaces
[3.261s] -- Installing: /home/otischung/DATA/workspace/ros2_ws/install/system_interfaces/include/system_interfaces/system_interfaces/msg
[3.262s] -- Installing: /home/otischung/DATA/workspace/ros2_ws/install/system_interfaces/include/system_interfaces/system_interfaces/msg/rosidl_generator_c__visibility_control.h
[3.262s] -- Installing: /home/otischung/DATA/workspace/ros2_ws/install/system_interfaces/include/system_interfaces/system_interfaces/msg/detail
[3.262s] -- Installing: /home/otischung/DATA/workspace/ros2_ws/install/system_interfaces/include/system_interfaces/system_interfaces/msg/detail/node_change__type_support.h
[3.262s] -- Installing: /home/otischung/DATA/workspace/ros2_ws/install/system_interfaces/include/system_interfaces/system_interfaces/msg/detail/node_change__functions.c
[3.262s] -- Installing: /home/otischung/DATA/workspace/ros2_ws/install/system_interfaces/include/system_interfaces/system_interfaces/msg/detail/check_node__functions.c
[3.262s] -- Installing: /home/otischung/DATA/workspace/ros2_ws/install/system_interfaces/include/system_interfaces/system_interfaces/msg/detail/check_node__functions.h
[3.262s] -- Installing: /home/otischung/DATA/workspace/ros2_ws/install/system_interfaces/include/system_interfaces/system_interfaces/msg/detail/check_node__type_support.h
[3.262s] -- Installing: /home/otischung/DATA/workspace/ros2_ws/install/system_interfaces/include/system_interfaces/system_interfaces/msg/detail/node_change__struct.h
[3.262s] -- Installing: /home/otischung/DATA/workspace/ros2_ws/install/system_interfaces/include/system_interfaces/system_interfaces/msg/detail/node_change__functions.h
[3.262s] -- Installing: /home/otischung/DATA/workspace/ros2_ws/install/system_interfaces/include/system_interfaces/system_interfaces/msg/detail/check_node__struct.h
[3.262s] -- Installing: /home/otischung/DATA/workspace/ros2_ws/install/system_interfaces/include/system_interfaces/system_interfaces/msg/node_change.h
[3.262s] -- Installing: /home/otischung/DATA/workspace/ros2_ws/install/system_interfaces/include/system_interfaces/system_interfaces/msg/check_node.h
[3.263s] -- Installing: /home/otischung/DATA/workspace/ros2_ws/install/system_interfaces/share/system_interfaces/environment/library_path.sh
[3.263s] -- Installing: /home/otischung/DATA/workspace/ros2_ws/install/system_interfaces/share/system_interfaces/environment/library_path.dsv
[3.263s] -- Installing: /home/otischung/DATA/workspace/ros2_ws/install/system_interfaces/lib/libsystem_interfaces__rosidl_generator_c.so
[3.263s] -- Set runtime path of "/home/otischung/DATA/workspace/ros2_ws/install/system_interfaces/lib/libsystem_interfaces__rosidl_generator_c.so" to ""
[3.264s] -- Up-to-date: /home/otischung/DATA/workspace/ros2_ws/install/system_interfaces/include/system_interfaces/system_interfaces
[3.264s] -- Up-to-date: /home/otischung/DATA/workspace/ros2_ws/install/system_interfaces/include/system_interfaces/system_interfaces/msg
[3.264s] -- Installing: /home/otischung/DATA/workspace/ros2_ws/install/system_interfaces/include/system_interfaces/system_interfaces/msg/rosidl_typesupport_fastrtps_c__visibility_control.h
[3.264s] -- Up-to-date: /home/otischung/DATA/workspace/ros2_ws/install/system_interfaces/include/system_interfaces/system_interfaces/msg/detail
[3.264s] -- Installing: /home/otischung/DATA/workspace/ros2_ws/install/system_interfaces/include/system_interfaces/system_interfaces/msg/detail/check_node__rosidl_typesupport_fastrtps_c.h
[3.264s] -- Installing: /home/otischung/DATA/workspace/ros2_ws/install/system_interfaces/include/system_interfaces/system_interfaces/msg/detail/node_change__rosidl_typesupport_fastrtps_c.h
[3.264s] -- Installing: /home/otischung/DATA/workspace/ros2_ws/install/system_interfaces/lib/libsystem_interfaces__rosidl_typesupport_fastrtps_c.so
[3.264s] -- Set runtime path of "/home/otischung/DATA/workspace/ros2_ws/install/system_interfaces/lib/libsystem_interfaces__rosidl_typesupport_fastrtps_c.so" to ""
[3.265s] -- Up-to-date: /home/otischung/DATA/workspace/ros2_ws/install/system_interfaces/include/system_interfaces/system_interfaces
[3.265s] -- Up-to-date: /home/otischung/DATA/workspace/ros2_ws/install/system_interfaces/include/system_interfaces/system_interfaces/msg
[3.265s] -- Installing: /home/otischung/DATA/workspace/ros2_ws/install/system_interfaces/include/system_interfaces/system_interfaces/msg/rosidl_typesupport_introspection_c__visibility_control.h
[3.265s] -- Up-to-date: /home/otischung/DATA/workspace/ros2_ws/install/system_interfaces/include/system_interfaces/system_interfaces/msg/detail
[3.265s] -- Installing: /home/otischung/DATA/workspace/ros2_ws/install/system_interfaces/include/system_interfaces/system_interfaces/msg/detail/check_node__type_support.c
[3.265s] -- Installing: /home/otischung/DATA/workspace/ros2_ws/install/system_interfaces/include/system_interfaces/system_interfaces/msg/detail/node_change__type_support.c
[3.265s] -- Installing: /home/otischung/DATA/workspace/ros2_ws/install/system_interfaces/include/system_interfaces/system_interfaces/msg/detail/check_node__rosidl_typesupport_introspection_c.h
[3.265s] -- Installing: /home/otischung/DATA/workspace/ros2_ws/install/system_interfaces/include/system_interfaces/system_interfaces/msg/detail/node_change__rosidl_typesupport_introspection_c.h
[3.265s] -- Installing: /home/otischung/DATA/workspace/ros2_ws/install/system_interfaces/lib/libsystem_interfaces__rosidl_typesupport_introspection_c.so
[3.266s] -- Set runtime path of "/home/otischung/DATA/workspace/ros2_ws/install/system_interfaces/lib/libsystem_interfaces__rosidl_typesupport_introspection_c.so" to ""
[3.266s] -- Installing: /home/otischung/DATA/workspace/ros2_ws/install/system_interfaces/lib/libsystem_interfaces__rosidl_typesupport_c.so
[3.266s] -- Set runtime path of "/home/otischung/DATA/workspace/ros2_ws/install/system_interfaces/lib/libsystem_interfaces__rosidl_typesupport_c.so" to ""
[3.266s] -- Up-to-date: /home/otischung/DATA/workspace/ros2_ws/install/system_interfaces/include/system_interfaces/system_interfaces
[3.266s] -- Up-to-date: /home/otischung/DATA/workspace/ros2_ws/install/system_interfaces/include/system_interfaces/system_interfaces/msg
[3.266s] -- Installing: /home/otischung/DATA/workspace/ros2_ws/install/system_interfaces/include/system_interfaces/system_interfaces/msg/check_node.hpp
[3.266s] -- Installing: /home/otischung/DATA/workspace/ros2_ws/install/system_interfaces/include/system_interfaces/system_interfaces/msg/node_change.hpp
[3.266s] -- Up-to-date: /home/otischung/DATA/workspace/ros2_ws/install/system_interfaces/include/system_interfaces/system_interfaces/msg/detail
[3.266s] -- Installing: /home/otischung/DATA/workspace/ros2_ws/install/system_interfaces/include/system_interfaces/system_interfaces/msg/detail/node_change__builder.hpp
[3.266s] -- Installing: /home/otischung/DATA/workspace/ros2_ws/install/system_interfaces/include/system_interfaces/system_interfaces/msg/detail/check_node__builder.hpp
[3.267s] -- Installing: /home/otischung/DATA/workspace/ros2_ws/install/system_interfaces/include/system_interfaces/system_interfaces/msg/detail/node_change__struct.hpp
[3.267s] -- Installing: /home/otischung/DATA/workspace/ros2_ws/install/system_interfaces/include/system_interfaces/system_interfaces/msg/detail/check_node__struct.hpp
[3.267s] -- Installing: /home/otischung/DATA/workspace/ros2_ws/install/system_interfaces/include/system_interfaces/system_interfaces/msg/detail/check_node__traits.hpp
[3.267s] -- Installing: /home/otischung/DATA/workspace/ros2_ws/install/system_interfaces/include/system_interfaces/system_interfaces/msg/detail/node_change__traits.hpp
[3.267s] -- Up-to-date: /home/otischung/DATA/workspace/ros2_ws/install/system_interfaces/include/system_interfaces/system_interfaces
[3.267s] -- Up-to-date: /home/otischung/DATA/workspace/ros2_ws/install/system_interfaces/include/system_interfaces/system_interfaces/msg
[3.267s] -- Installing: /home/otischung/DATA/workspace/ros2_ws/install/system_interfaces/include/system_interfaces/system_interfaces/msg/rosidl_typesupport_fastrtps_cpp__visibility_control.h
[3.267s] -- Up-to-date: /home/otischung/DATA/workspace/ros2_ws/install/system_interfaces/include/system_interfaces/system_interfaces/msg/detail
[3.267s] -- Installing: /home/otischung/DATA/workspace/ros2_ws/install/system_interfaces/include/system_interfaces/system_interfaces/msg/detail/node_change__rosidl_typesupport_fastrtps_cpp.hpp
[3.267s] -- Installing: /home/otischung/DATA/workspace/ros2_ws/install/system_interfaces/include/system_interfaces/system_interfaces/msg/detail/check_node__rosidl_typesupport_fastrtps_cpp.hpp
[3.268s] -- Installing: /home/otischung/DATA/workspace/ros2_ws/install/system_interfaces/include/system_interfaces/system_interfaces/msg/detail/dds_fastrtps
[3.268s] -- Installing: /home/otischung/DATA/workspace/ros2_ws/install/system_interfaces/lib/libsystem_interfaces__rosidl_typesupport_fastrtps_cpp.so
[3.268s] -- Set runtime path of "/home/otischung/DATA/workspace/ros2_ws/install/system_interfaces/lib/libsystem_interfaces__rosidl_typesupport_fastrtps_cpp.so" to ""
[3.268s] -- Up-to-date: /home/otischung/DATA/workspace/ros2_ws/install/system_interfaces/include/system_interfaces/system_interfaces
[3.268s] -- Up-to-date: /home/otischung/DATA/workspace/ros2_ws/install/system_interfaces/include/system_interfaces/system_interfaces/msg
[3.268s] -- Up-to-date: /home/otischung/DATA/workspace/ros2_ws/install/system_interfaces/include/system_interfaces/system_interfaces/msg/detail
[3.268s] -- Installing: /home/otischung/DATA/workspace/ros2_ws/install/system_interfaces/include/system_interfaces/system_interfaces/msg/detail/check_node__rosidl_typesupport_introspection_cpp.hpp
[3.268s] -- Installing: /home/otischung/DATA/workspace/ros2_ws/install/system_interfaces/include/system_interfaces/system_interfaces/msg/detail/check_node__type_support.cpp
[3.268s] -- Installing: /home/otischung/DATA/workspace/ros2_ws/install/system_interfaces/include/system_interfaces/system_interfaces/msg/detail/node_change__rosidl_typesupport_introspection_cpp.hpp
[3.268s] -- Installing: /home/otischung/DATA/workspace/ros2_ws/install/system_interfaces/include/system_interfaces/system_interfaces/msg/detail/node_change__type_support.cpp
[3.269s] -- Installing: /home/otischung/DATA/workspace/ros2_ws/install/system_interfaces/lib/libsystem_interfaces__rosidl_typesupport_introspection_cpp.so
[3.269s] -- Set runtime path of "/home/otischung/DATA/workspace/ros2_ws/install/system_interfaces/lib/libsystem_interfaces__rosidl_typesupport_introspection_cpp.so" to ""
[3.269s] -- Installing: /home/otischung/DATA/workspace/ros2_ws/install/system_interfaces/lib/libsystem_interfaces__rosidl_typesupport_cpp.so
[3.270s] -- Set runtime path of "/home/otischung/DATA/workspace/ros2_ws/install/system_interfaces/lib/libsystem_interfaces__rosidl_typesupport_cpp.so" to ""
[3.270s] -- Installing: /home/otischung/DATA/workspace/ros2_ws/install/system_interfaces/share/system_interfaces/environment/pythonpath.sh
[3.270s] -- Installing: /home/otischung/DATA/workspace/ros2_ws/install/system_interfaces/share/system_interfaces/environment/pythonpath.dsv
[3.270s] -- Installing: /home/otischung/DATA/workspace/ros2_ws/install/system_interfaces/local/lib/python3.10/dist-packages/system_interfaces-0.0.0-py3.10.egg-info
[3.270s] -- Installing: /home/otischung/DATA/workspace/ros2_ws/install/system_interfaces/local/lib/python3.10/dist-packages/system_interfaces-0.0.0-py3.10.egg-info/dependency_links.txt
[3.270s] -- Installing: /home/otischung/DATA/workspace/ros2_ws/install/system_interfaces/local/lib/python3.10/dist-packages/system_interfaces-0.0.0-py3.10.egg-info/SOURCES.txt
[3.270s] -- Installing: /home/otischung/DATA/workspace/ros2_ws/install/system_interfaces/local/lib/python3.10/dist-packages/system_interfaces-0.0.0-py3.10.egg-info/top_level.txt
[3.270s] -- Installing: /home/otischung/DATA/workspace/ros2_ws/install/system_interfaces/local/lib/python3.10/dist-packages/system_interfaces-0.0.0-py3.10.egg-info/PKG-INFO
[3.271s] -- Installing: /home/otischung/DATA/workspace/ros2_ws/install/system_interfaces/local/lib/python3.10/dist-packages/system_interfaces
[3.271s] -- Installing: /home/otischung/DATA/workspace/ros2_ws/install/system_interfaces/local/lib/python3.10/dist-packages/system_interfaces/system_interfaces_s__rosidl_typesupport_fastrtps_c.cpython-310-x86_64-linux-gnu.so
[3.271s] -- Installing: /home/otischung/DATA/workspace/ros2_ws/install/system_interfaces/local/lib/python3.10/dist-packages/system_interfaces/libsystem_interfaces__rosidl_generator_py.so
[3.271s] -- Installing: /home/otischung/DATA/workspace/ros2_ws/install/system_interfaces/local/lib/python3.10/dist-packages/system_interfaces/_system_interfaces_s.ep.rosidl_typesupport_introspection_c.c
[3.271s] -- Installing: /home/otischung/DATA/workspace/ros2_ws/install/system_interfaces/local/lib/python3.10/dist-packages/system_interfaces/__init__.py
[3.271s] -- Installing: /home/otischung/DATA/workspace/ros2_ws/install/system_interfaces/local/lib/python3.10/dist-packages/system_interfaces/msg
[3.271s] -- Installing: /home/otischung/DATA/workspace/ros2_ws/install/system_interfaces/local/lib/python3.10/dist-packages/system_interfaces/msg/_node_change.py
[3.271s] -- Installing: /home/otischung/DATA/workspace/ros2_ws/install/system_interfaces/local/lib/python3.10/dist-packages/system_interfaces/msg/_check_node.py
[3.271s] -- Installing: /home/otischung/DATA/workspace/ros2_ws/install/system_interfaces/local/lib/python3.10/dist-packages/system_interfaces/msg/__init__.py
[3.272s] -- Installing: /home/otischung/DATA/workspace/ros2_ws/install/system_interfaces/local/lib/python3.10/dist-packages/system_interfaces/msg/_node_change_s.c
[3.272s] -- Installing: /home/otischung/DATA/workspace/ros2_ws/install/system_interfaces/local/lib/python3.10/dist-packages/system_interfaces/msg/_check_node_s.c
[3.272s] -- Installing: /home/otischung/DATA/workspace/ros2_ws/install/system_interfaces/local/lib/python3.10/dist-packages/system_interfaces/system_interfaces_s__rosidl_typesupport_introspection_c.cpython-310-x86_64-linux-gnu.so
[3.272s] -- Installing: /home/otischung/DATA/workspace/ros2_ws/install/system_interfaces/local/lib/python3.10/dist-packages/system_interfaces/_system_interfaces_s.ep.rosidl_typesupport_fastrtps_c.c
[3.272s] -- Installing: /home/otischung/DATA/workspace/ros2_ws/install/system_interfaces/local/lib/python3.10/dist-packages/system_interfaces/_system_interfaces_s.ep.rosidl_typesupport_c.c
[3.272s] -- Installing: /home/otischung/DATA/workspace/ros2_ws/install/system_interfaces/local/lib/python3.10/dist-packages/system_interfaces/system_interfaces_s__rosidl_typesupport_c.cpython-310-x86_64-linux-gnu.so
[3.302s] Listing '/home/otischung/DATA/workspace/ros2_ws/install/system_interfaces/local/lib/python3.10/dist-packages/system_interfaces'...
[3.302s] Compiling '/home/otischung/DATA/workspace/ros2_ws/install/system_interfaces/local/lib/python3.10/dist-packages/system_interfaces/__init__.py'...
[3.302s] Listing '/home/otischung/DATA/workspace/ros2_ws/install/system_interfaces/local/lib/python3.10/dist-packages/system_interfaces/msg'...
[3.302s] Compiling '/home/otischung/DATA/workspace/ros2_ws/install/system_interfaces/local/lib/python3.10/dist-packages/system_interfaces/msg/__init__.py'...
[3.303s] Compiling '/home/otischung/DATA/workspace/ros2_ws/install/system_interfaces/local/lib/python3.10/dist-packages/system_interfaces/msg/_check_node.py'...
[3.303s] Compiling '/home/otischung/DATA/workspace/ros2_ws/install/system_interfaces/local/lib/python3.10/dist-packages/system_interfaces/msg/_node_change.py'...
[3.306s] -- Installing: /home/otischung/DATA/workspace/ros2_ws/install/system_interfaces/local/lib/python3.10/dist-packages/system_interfaces/system_interfaces_s__rosidl_typesupport_fastrtps_c.cpython-310-x86_64-linux-gnu.so
[3.306s] -- Set runtime path of "/home/otischung/DATA/workspace/ros2_ws/install/system_interfaces/local/lib/python3.10/dist-packages/system_interfaces/system_interfaces_s__rosidl_typesupport_fastrtps_c.cpython-310-x86_64-linux-gnu.so" to ""
[3.307s] -- Installing: /home/otischung/DATA/workspace/ros2_ws/install/system_interfaces/local/lib/python3.10/dist-packages/system_interfaces/system_interfaces_s__rosidl_typesupport_introspection_c.cpython-310-x86_64-linux-gnu.so
[3.307s] -- Set runtime path of "/home/otischung/DATA/workspace/ros2_ws/install/system_interfaces/local/lib/python3.10/dist-packages/system_interfaces/system_interfaces_s__rosidl_typesupport_introspection_c.cpython-310-x86_64-linux-gnu.so" to ""
[3.307s] -- Installing: /home/otischung/DATA/workspace/ros2_ws/install/system_interfaces/local/lib/python3.10/dist-packages/system_interfaces/system_interfaces_s__rosidl_typesupport_c.cpython-310-x86_64-linux-gnu.so
[3.307s] -- Set runtime path of "/home/otischung/DATA/workspace/ros2_ws/install/system_interfaces/local/lib/python3.10/dist-packages/system_interfaces/system_interfaces_s__rosidl_typesupport_c.cpython-310-x86_64-linux-gnu.so" to ""
[3.308s] -- Installing: /home/otischung/DATA/workspace/ros2_ws/install/system_interfaces/lib/libsystem_interfaces__rosidl_generator_py.so
[3.308s] -- Set runtime path of "/home/otischung/DATA/workspace/ros2_ws/install/system_interfaces/lib/libsystem_interfaces__rosidl_generator_py.so" to ""
[3.308s] -- Installing: /home/otischung/DATA/workspace/ros2_ws/install/system_interfaces/share/system_interfaces/msg/NodeChange.idl
[3.308s] -- Installing: /home/otischung/DATA/workspace/ros2_ws/install/system_interfaces/share/system_interfaces/msg/CheckNode.idl
[3.308s] -- Installing: /home/otischung/DATA/workspace/ros2_ws/install/system_interfaces/share/system_interfaces/msg/NodeChange.msg
[3.308s] -- Installing: /home/otischung/DATA/workspace/ros2_ws/install/system_interfaces/share/system_interfaces/msg/CheckNode.msg
[3.308s] -- Installing: /home/otischung/DATA/workspace/ros2_ws/install/system_interfaces/share/ament_index/resource_index/package_run_dependencies/system_interfaces
[3.309s] -- Installing: /home/otischung/DATA/workspace/ros2_ws/install/system_interfaces/share/ament_index/resource_index/parent_prefix_path/system_interfaces
[3.309s] -- Installing: /home/otischung/DATA/workspace/ros2_ws/install/system_interfaces/share/system_interfaces/environment/ament_prefix_path.sh
[3.309s] -- Installing: /home/otischung/DATA/workspace/ros2_ws/install/system_interfaces/share/system_interfaces/environment/ament_prefix_path.dsv
[3.309s] -- Installing: /home/otischung/DATA/workspace/ros2_ws/install/system_interfaces/share/system_interfaces/environment/path.sh
[3.309s] -- Installing: /home/otischung/DATA/workspace/ros2_ws/install/system_interfaces/share/system_interfaces/environment/path.dsv
[3.309s] -- Installing: /home/otischung/DATA/workspace/ros2_ws/install/system_interfaces/share/system_interfaces/local_setup.bash
[3.310s] -- Installing: /home/otischung/DATA/workspace/ros2_ws/install/system_interfaces/share/system_interfaces/local_setup.sh
[3.310s] -- Installing: /home/otischung/DATA/workspace/ros2_ws/install/system_interfaces/share/system_interfaces/local_setup.zsh
[3.310s] -- Installing: /home/otischung/DATA/workspace/ros2_ws/install/system_interfaces/share/system_interfaces/local_setup.dsv
[3.310s] -- Installing: /home/otischung/DATA/workspace/ros2_ws/install/system_interfaces/share/system_interfaces/package.dsv
[3.310s] -- Installing: /home/otischung/DATA/workspace/ros2_ws/install/system_interfaces/share/ament_index/resource_index/packages/system_interfaces
[3.310s] -- Installing: /home/otischung/DATA/workspace/ros2_ws/install/system_interfaces/share/system_interfaces/cmake/export_system_interfaces__rosidl_generator_cExport.cmake
[3.311s] -- Installing: /home/otischung/DATA/workspace/ros2_ws/install/system_interfaces/share/system_interfaces/cmake/export_system_interfaces__rosidl_generator_cExport-noconfig.cmake
[3.311s] -- Installing: /home/otischung/DATA/workspace/ros2_ws/install/system_interfaces/share/system_interfaces/cmake/export_system_interfaces__rosidl_typesupport_fastrtps_cExport.cmake
[3.311s] -- Installing: /home/otischung/DATA/workspace/ros2_ws/install/system_interfaces/share/system_interfaces/cmake/export_system_interfaces__rosidl_typesupport_fastrtps_cExport-noconfig.cmake
[3.311s] -- Installing: /home/otischung/DATA/workspace/ros2_ws/install/system_interfaces/share/system_interfaces/cmake/system_interfaces__rosidl_typesupport_introspection_cExport.cmake
[3.311s] -- Installing: /home/otischung/DATA/workspace/ros2_ws/install/system_interfaces/share/system_interfaces/cmake/system_interfaces__rosidl_typesupport_introspection_cExport-noconfig.cmake
[3.311s] -- Installing: /home/otischung/DATA/workspace/ros2_ws/install/system_interfaces/share/system_interfaces/cmake/system_interfaces__rosidl_typesupport_cExport.cmake
[3.311s] -- Installing: /home/otischung/DATA/workspace/ros2_ws/install/system_interfaces/share/system_interfaces/cmake/system_interfaces__rosidl_typesupport_cExport-noconfig.cmake
[3.312s] -- Installing: /home/otischung/DATA/workspace/ros2_ws/install/system_interfaces/share/system_interfaces/cmake/export_system_interfaces__rosidl_generator_cppExport.cmake
[3.312s] -- Installing: /home/otischung/DATA/workspace/ros2_ws/install/system_interfaces/share/system_interfaces/cmake/export_system_interfaces__rosidl_typesupport_fastrtps_cppExport.cmake
[3.312s] -- Installing: /home/otischung/DATA/workspace/ros2_ws/install/system_interfaces/share/system_interfaces/cmake/export_system_interfaces__rosidl_typesupport_fastrtps_cppExport-noconfig.cmake
[3.312s] -- Installing: /home/otischung/DATA/workspace/ros2_ws/install/system_interfaces/share/system_interfaces/cmake/system_interfaces__rosidl_typesupport_introspection_cppExport.cmake
[3.312s] -- Installing: /home/otischung/DATA/workspace/ros2_ws/install/system_interfaces/share/system_interfaces/cmake/system_interfaces__rosidl_typesupport_introspection_cppExport-noconfig.cmake
[3.312s] -- Installing: /home/otischung/DATA/workspace/ros2_ws/install/system_interfaces/share/system_interfaces/cmake/system_interfaces__rosidl_typesupport_cppExport.cmake
[3.313s] -- Installing: /home/otischung/DATA/workspace/ros2_ws/install/system_interfaces/share/system_interfaces/cmake/system_interfaces__rosidl_typesupport_cppExport-noconfig.cmake
[3.313s] -- Installing: /home/otischung/DATA/workspace/ros2_ws/install/system_interfaces/share/system_interfaces/cmake/export_system_interfaces__rosidl_generator_pyExport.cmake
[3.313s] -- Installing: /home/otischung/DATA/workspace/ros2_ws/install/system_interfaces/share/system_interfaces/cmake/export_system_interfaces__rosidl_generator_pyExport-noconfig.cmake
[3.313s] -- Installing: /home/otischung/DATA/workspace/ros2_ws/install/system_interfaces/share/system_interfaces/cmake/rosidl_cmake-extras.cmake
[3.313s] -- Installing: /home/otischung/DATA/workspace/ros2_ws/install/system_interfaces/share/system_interfaces/cmake/ament_cmake_export_include_directories-extras.cmake
[3.313s] -- Installing: /home/otischung/DATA/workspace/ros2_ws/install/system_interfaces/share/system_interfaces/cmake/ament_cmake_export_libraries-extras.cmake
[3.313s] -- Installing: /home/otischung/DATA/workspace/ros2_ws/install/system_interfaces/share/system_interfaces/cmake/ament_cmake_export_targets-extras.cmake
[3.313s] -- Installing: /home/otischung/DATA/workspace/ros2_ws/install/system_interfaces/share/system_interfaces/cmake/rosidl_cmake_export_typesupport_targets-extras.cmake
[3.314s] -- Installing: /home/otischung/DATA/workspace/ros2_ws/install/system_interfaces/share/system_interfaces/cmake/ament_cmake_export_dependencies-extras.cmake
[3.314s] -- Installing: /home/otischung/DATA/workspace/ros2_ws/install/system_interfaces/share/system_interfaces/cmake/rosidl_cmake_export_typesupport_libraries-extras.cmake
[3.314s] -- Installing: /home/otischung/DATA/workspace/ros2_ws/install/system_interfaces/share/system_interfaces/cmake/system_interfacesConfig.cmake
[3.314s] -- Installing: /home/otischung/DATA/workspace/ros2_ws/install/system_interfaces/share/system_interfaces/cmake/system_interfacesConfig-version.cmake
[3.314s] -- Installing: /home/otischung/DATA/workspace/ros2_ws/install/system_interfaces/share/system_interfaces/package.xml
[3.319s] Invoked command in '/home/otischung/DATA/workspace/ros2_ws/build/system_interfaces' returned '0': CMAKE_PREFIX_PATH=${CMAKE_PREFIX_PATH}:/home/otischung/DATA/workspace/ros2_ws/install/test_node:/home/otischung/DATA/workspace/ros2_ws/install/template:/home/otischung/DATA/workspace/ros2_ws/install/pros_library:/home/otischung/DATA/workspace/ros2_ws/install/my_py_pkg:/opt/ros/humble /usr/bin/cmake --install /home/otischung/DATA/workspace/ros2_ws/build/system_interfaces
