[0.000000] (-) TimerEvent: {}
[0.000926] (my-test-package) JobQueued: {'identifier': 'my-test-package', 'dependencies': OrderedDict()}
[0.001062] (system_interfaces) JobQueued: {'identifier': 'system_interfaces', 'dependencies': OrderedDict()}
[0.001140] (monitor_system) JobQueued: {'identifier': 'monitor_system', 'dependencies': OrderedDict([('system_interfaces', '/home/otischung/DATA/workspace/ros2_ws/install/system_interfaces')])}
[0.001173] (pros_library) JobQueued: {'identifier': 'pros_library', 'dependencies': OrderedDict([('system_interfaces', '/home/otischung/DATA/workspace/ros2_ws/install/system_interfaces')])}
[0.001222] (template) JobQueued: {'identifier': 'template', 'dependencies': OrderedDict([('system_interfaces', '/home/otischung/DATA/workspace/ros2_ws/install/system_interfaces'), ('pros_library', '/home/otischung/DATA/workspace/ros2_ws/install/pros_library')])}
[0.001254] (test_node) JobQueued: {'identifier': 'test_node', 'dependencies': OrderedDict([('system_interfaces', '/home/otischung/DATA/workspace/ros2_ws/install/system_interfaces'), ('pros_library', '/home/otischung/DATA/workspace/ros2_ws/install/pros_library')])}
[0.001337] (system_interfaces) JobStarted: {'identifier': 'system_interfaces'}
[0.011440] (my-test-package) JobStarted: {'identifier': 'my-test-package'}
[0.016802] (system_interfaces) JobProgress: {'identifier': 'system_interfaces', 'progress': 'cmake'}
[0.017312] (system_interfaces) JobProgress: {'identifier': 'system_interfaces', 'progress': 'build'}
[0.018069] (system_interfaces) Command: {'cmd': ['/usr/bin/cmake', '--build', '/home/otischung/DATA/workspace/ros2_ws/build/system_interfaces', '--', '-j12', '-l12'], 'cwd': '/home/otischung/DATA/workspace/ros2_ws/build/system_interfaces', 'env': OrderedDict([('KDE_FULL_SESSION', 'true'), ('PROFILEHOME', ''), ('LANGUAGE', 'zh_TW:zh'), ('PAM_KWALLET5_LOGIN', '/run/user/1000/kwallet5.socket'), ('USER', 'otischung'), ('LESS_TERMCAP_ue', '\x1b[0m'), ('XDG_SEAT', 'seat0'), ('SSH_AGENT_PID', '1640'), ('XDG_SESSION_TYPE', 'x11'), ('GIT_ASKPASS', '/usr/share/code/resources/app/extensions/git/dist/askpass.sh'), ('KONSOLE_VERSION', '211203'), ('SHLVL', '2'), ('XCURSOR_SIZE', '24'), ('GREP_COLOR', '37;45'), ('LD_LIBRARY_PATH', '/home/otischung/DATA/workspace/ros2_ws/install/system_interfaces/lib:/opt/ros/humble/opt/rviz_ogre_vendor/lib:/opt/ros/humble/lib/x86_64-linux-gnu:/opt/ros/humble/lib'), ('HOME', '/home/otischung'), ('KDE_APPLICATIONS_AS_SCOPE', '1'), ('OLDPWD', '/home/otischung/DATA/workspace/ros2_ws/install/template/lib/python3.10/site-packages/template'), ('CHROME_DESKTOP', 'code-url-handler.desktop'), ('DESKTOP_SESSION', 'plasma'), ('TERM_PROGRAM_VERSION', '1.82.2'), ('GTK_MODULES', 'gail:atk-bridge'), ('GTK_RC_FILES', '/etc/gtk/gtkrc:/home/otischung/.gtkrc:/home/otischung/.config/gtkrc'), ('KDE_SESSION_VERSION', '5'), ('SHELL_SESSION_ID', 'ca8f327f8dd84ac98eac53a239715610'), ('XDG_SEAT_PATH', '/org/freedesktop/DisplayManager/Seat0'), ('PAGER', 'less'), ('ROS_PYTHON_VERSION', '3'), ('VSCODE_GIT_ASKPASS_MAIN', '/usr/share/code/resources/app/extensions/git/dist/askpass-main.js'), ('KONSOLE_DBUS_SESSION', '/Sessions/1'), ('GREP_COLORS', 'mt=37;45'), ('VSCODE_GIT_ASKPASS_NODE', '/usr/share/code/code'), ('DBUS_SESSION_BUS_ADDRESS', 'unix:path=/run/user/1000/bus'), ('SYSTEMD_EXEC_PID', '1462'), ('P9K_TTY', 'old'), ('COLORTERM', 'truecolor'), ('KONSOLE_DBUS_WINDOW', '/Windows/1'), ('MANDATORY_PATH', '/usr/share/gconf/plasma.mandatory.path'), ('ROS_DISTRO', 'humble'), ('COLCON_PREFIX_PATH', '/home/otischung/DATA/workspace/ros2_ws/install'), ('GTK_IM_MODULE', 'ibus'), ('LOGNAME', 'otischung'), ('QT_AUTO_SCREEN_SCALE_FACTOR', '0'), ('WINDOWID', '79691783'), ('_', '/usr/bin/colcon'), ('LESS_TERMCAP_us', '\x1b[1;32m'), ('_P9K_SSH_TTY', '/dev/pts/2'), ('COLORFGBG', '15;0'), ('DEFAULTS_PATH', '/usr/share/gconf/plasma.default.path'), ('XDG_SESSION_CLASS', 'user'), ('ROS_VERSION', '2'), ('USER_ZDOTDIR', '/home/otischung'), ('TERM', 'xterm-256color'), ('XDG_SESSION_ID', '3'), ('ROS_LOCALHOST_ONLY', '0'), ('GTK2_RC_FILES', '/etc/gtk-2.0/gtkrc:/home/otischung/.gtkrc-2.0:/home/otischung/.config/gtkrc-2.0'), ('PATH', '/opt/ros/humble/bin:/usr/local/sbin:/usr/local/bin:/usr/sbin:/usr/bin:/sbin:/bin:/usr/games:/usr/local/games:/snap/bin'), ('XCURSOR_THEME', 'breeze_cursors'), ('XDG_RUNTIME_DIR', '/run/user/1000'), ('XDG_SESSION_PATH', '/org/freedesktop/DisplayManager/Session1'), ('GDK_BACKEND', 'x11'), ('DISPLAY', ':0'), ('LANG', 'zh_TW.UTF-8'), ('XDG_CURRENT_DESKTOP', 'KDE'), ('VSCODE_INJECTION', '1'), ('XAUTHORITY', '/home/otischung/.Xauthority'), ('XDG_SESSION_DESKTOP', 'KDE'), ('XMODIFIERS', '@im=ibus'), ('LS_COLORS', 'di=1;34:ln=35:so=32:pi=33:ex=31:bd=1;36:cd=1;33:su=30;41:sg=30;46:tw=30;42:ow=30;43'), ('TERM_PROGRAM', 'vscode'), ('VSCODE_GIT_IPC_HANDLE', '/run/user/1000/vscode-git-d1ca1d175d.sock'), ('SSH_AUTH_SOCK', '/tmp/ssh-XXXXXXpbpJfe/agent.1544'), ('AMENT_PREFIX_PATH', '/home/otischung/DATA/workspace/ros2_ws/install/test_node:/home/otischung/DATA/workspace/ros2_ws/install/template:/home/otischung/DATA/workspace/ros2_ws/install/pros_library:/home/otischung/DATA/workspace/ros2_ws/install/monitor_system:/home/otischung/DATA/workspace/ros2_ws/install/system_interfaces:/home/otischung/DATA/workspace/ros2_ws/install/my_py_pkg:/opt/ros/humble'), ('ORIGINAL_XDG_CURRENT_DESKTOP', 'KDE'), ('SHELL', '/usr/bin/zsh'), ('QT_ACCESSIBILITY', '1'), ('KONSOLE_DBUS_SERVICE', ':1.81'), ('LESS_TERMCAP_mb', '\x1b[1;31m'), ('GPG_AGENT_INFO', '/run/user/1000/gnupg/S.gpg-agent:0:1'), ('P9K_SSH', '0'), ('QT_IM_MODULE', 'ibus'), ('XDG_VTNR', '1'), ('LESS_TERMCAP_md', '\x1b[1;31m'), ('VSCODE_GIT_ASKPASS_EXTRA_ARGS', '--ms-enable-electron-run-as-node'), ('VSCODE_NONCE', '50c79f29-c18e-4c37-8ffc-5034b819b35a'), ('PWD', '/home/otischung/DATA/workspace/ros2_ws/build/system_interfaces'), ('LESS_TERMCAP_me', '\x1b[0m'), ('CLUTTER_IM_MODULE', 'ibus'), ('XDG_CONFIG_DIRS', '/home/otischung/.config/kdedefaults:/etc/xdg/xdg-plasma:/etc/xdg'), ('XDG_DATA_DIRS', '/usr/share/plasma:/usr/local/share/:/usr/share/'), ('_P9K_TTY', '/dev/pts/2'), ('ZDOTDIR', '/home/otischung'), ('PYTHONPATH', '/home/otischung/DATA/workspace/ros2_ws/install/test_node/lib/python3.10/site-packages:/home/otischung/DATA/workspace/ros2_ws/install/template/lib/python3.10/site-packages:/home/otischung/DATA/workspace/ros2_ws/install/pros_library/lib/python3.10/site-packages:/home/otischung/DATA/workspace/ros2_ws/install/system_interfaces/local/lib/python3.10/dist-packages:/home/otischung/DATA/workspace/ros2_ws/install/my_py_pkg/lib/python3.10/site-packages:/home/otischung/DATA/workspace/ros2_ws/install/my-test-package/lib/python3.10/site-packages:/opt/ros/humble/lib/python3.10/site-packages:/opt/ros/humble/local/lib/python3.10/dist-packages'), ('KDE_SESSION_UID', '1000'), ('COLCON', '1'), ('CMAKE_PREFIX_PATH', '/home/otischung/DATA/workspace/ros2_ws/install/monitor_system:/home/otischung/DATA/workspace/ros2_ws/install/system_interfaces:/home/otischung/DATA/workspace/ros2_ws/install/test_node:/home/otischung/DATA/workspace/ros2_ws/install/template:/home/otischung/DATA/workspace/ros2_ws/install/pros_library:/home/otischung/DATA/workspace/ros2_ws/install/my_py_pkg:/opt/ros/humble')]), 'shell': False}
[0.057865] (system_interfaces) StdoutLine: {'line': b'\x1b[35m\x1b[1mConsolidate compiler generated dependencies of target system_interfaces__rosidl_generator_c\x1b[0m\n'}
[0.066350] (system_interfaces) StdoutLine: {'line': b'[  2%] Built target system_interfaces__cpp\n'}
[0.068510] (system_interfaces) StdoutLine: {'line': b'[ 12%] Built target system_interfaces__rosidl_generator_c\n'}
[0.076271] (system_interfaces) StdoutLine: {'line': b'\x1b[35m\x1b[1mConsolidate compiler generated dependencies of target system_interfaces__rosidl_typesupport_cpp\x1b[0m\n'}
[0.077221] (system_interfaces) StdoutLine: {'line': b'[ 12%] Built target ament_cmake_python_copy_system_interfaces\n'}
[0.077452] (system_interfaces) StdoutLine: {'line': b'\x1b[35m\x1b[1mConsolidate compiler generated dependencies of target system_interfaces__rosidl_typesupport_fastrtps_cpp\x1b[0m\n'}
[0.078508] (system_interfaces) StdoutLine: {'line': b'\x1b[35m\x1b[1mConsolidate compiler generated dependencies of target system_interfaces__rosidl_typesupport_introspection_cpp\x1b[0m\n'}
[0.081280] (system_interfaces) StdoutLine: {'line': b'\x1b[35m\x1b[1mConsolidate compiler generated dependencies of target system_interfaces__rosidl_typesupport_introspection_c\x1b[0m\n'}
[0.081947] (system_interfaces) StdoutLine: {'line': b'\x1b[35m\x1b[1mConsolidate compiler generated dependencies of target system_interfaces__rosidl_typesupport_c\x1b[0m\n'}
[0.082125] (system_interfaces) StdoutLine: {'line': b'\x1b[35m\x1b[1mConsolidate compiler generated dependencies of target system_interfaces__rosidl_typesupport_fastrtps_c\x1b[0m\n'}
[0.094445] (system_interfaces) StdoutLine: {'line': b'[ 23%] Built target system_interfaces__rosidl_typesupport_cpp\n'}
[0.096151] (system_interfaces) StdoutLine: {'line': b'[ 33%] Built target system_interfaces__rosidl_typesupport_introspection_c\n'}
[0.096681] (system_interfaces) StdoutLine: {'line': b'[ 43%] Built target system_interfaces__rosidl_typesupport_c\n'}
[0.096979] (system_interfaces) StdoutLine: {'line': b'[ 53%] Built target system_interfaces__rosidl_typesupport_fastrtps_cpp\n'}
[0.098208] (system_interfaces) StdoutLine: {'line': b'[ 64%] Built target system_interfaces__rosidl_typesupport_introspection_cpp\n'}
[0.099034] (-) TimerEvent: {}
[0.103050] (system_interfaces) StdoutLine: {'line': b'[ 74%] Built target system_interfaces__rosidl_typesupport_fastrtps_c\n'}
[0.123237] (system_interfaces) StdoutLine: {'line': b'[ 74%] Built target system_interfaces\n'}
[0.143241] (system_interfaces) StdoutLine: {'line': b'[ 76%] Built target system_interfaces__py\n'}
[0.152790] (system_interfaces) StdoutLine: {'line': b'\x1b[35m\x1b[1mConsolidate compiler generated dependencies of target system_interfaces__rosidl_generator_py\x1b[0m\n'}
[0.167042] (system_interfaces) StdoutLine: {'line': b'[ 84%] Built target system_interfaces__rosidl_generator_py\n'}
[0.176987] (system_interfaces) StdoutLine: {'line': b'\x1b[35m\x1b[1mConsolidate compiler generated dependencies of target system_interfaces__rosidl_typesupport_fastrtps_c__pyext\x1b[0m\n'}
[0.177189] (system_interfaces) StdoutLine: {'line': b'\x1b[35m\x1b[1mConsolidate compiler generated dependencies of target system_interfaces__rosidl_typesupport_introspection_c__pyext\x1b[0m\n'}
[0.177539] (system_interfaces) StdoutLine: {'line': b'\x1b[35m\x1b[1mConsolidate compiler generated dependencies of target system_interfaces__rosidl_typesupport_c__pyext\x1b[0m\n'}
[0.190169] (system_interfaces) StdoutLine: {'line': b'[ 89%] Built target system_interfaces__rosidl_typesupport_fastrtps_c__pyext\n'}
[0.190841] (system_interfaces) StdoutLine: {'line': b'[ 94%] Built target system_interfaces__rosidl_typesupport_introspection_c__pyext\n'}
[0.191180] (system_interfaces) StdoutLine: {'line': b'[100%] Built target system_interfaces__rosidl_typesupport_c__pyext\n'}
[0.199115] (-) TimerEvent: {}
[0.299351] (-) TimerEvent: {}
[0.360658] (system_interfaces) StdoutLine: {'line': b'running egg_info\n'}
[0.361259] (system_interfaces) StdoutLine: {'line': b'writing system_interfaces.egg-info/PKG-INFO\n'}
[0.361434] (system_interfaces) StdoutLine: {'line': b'writing dependency_links to system_interfaces.egg-info/dependency_links.txt\n'}
[0.361596] (system_interfaces) StdoutLine: {'line': b'writing top-level names to system_interfaces.egg-info/top_level.txt\n'}
[0.363422] (system_interfaces) StdoutLine: {'line': b"reading manifest file 'system_interfaces.egg-info/SOURCES.txt'\n"}
[0.363954] (system_interfaces) StdoutLine: {'line': b"writing manifest file 'system_interfaces.egg-info/SOURCES.txt'\n"}
[0.385670] (system_interfaces) StdoutLine: {'line': b'[100%] Built target ament_cmake_python_build_system_interfaces_egg\n'}
[0.396973] (system_interfaces) CommandEnded: {'returncode': 0}
[0.399426] (-) TimerEvent: {}
[0.474899] (system_interfaces) JobProgress: {'identifier': 'system_interfaces', 'progress': 'install'}
[0.483186] (system_interfaces) Command: {'cmd': ['/usr/bin/cmake', '--install', '/home/otischung/DATA/workspace/ros2_ws/build/system_interfaces'], 'cwd': '/home/otischung/DATA/workspace/ros2_ws/build/system_interfaces', 'env': OrderedDict([('KDE_FULL_SESSION', 'true'), ('PROFILEHOME', ''), ('LANGUAGE', 'zh_TW:zh'), ('PAM_KWALLET5_LOGIN', '/run/user/1000/kwallet5.socket'), ('USER', 'otischung'), ('LESS_TERMCAP_ue', '\x1b[0m'), ('XDG_SEAT', 'seat0'), ('SSH_AGENT_PID', '1640'), ('XDG_SESSION_TYPE', 'x11'), ('GIT_ASKPASS', '/usr/share/code/resources/app/extensions/git/dist/askpass.sh'), ('KONSOLE_VERSION', '211203'), ('SHLVL', '2'), ('XCURSOR_SIZE', '24'), ('GREP_COLOR', '37;45'), ('LD_LIBRARY_PATH', '/home/otischung/DATA/workspace/ros2_ws/install/system_interfaces/lib:/opt/ros/humble/opt/rviz_ogre_vendor/lib:/opt/ros/humble/lib/x86_64-linux-gnu:/opt/ros/humble/lib'), ('HOME', '/home/otischung'), ('KDE_APPLICATIONS_AS_SCOPE', '1'), ('OLDPWD', '/home/otischung/DATA/workspace/ros2_ws/install/template/lib/python3.10/site-packages/template'), ('CHROME_DESKTOP', 'code-url-handler.desktop'), ('DESKTOP_SESSION', 'plasma'), ('TERM_PROGRAM_VERSION', '1.82.2'), ('GTK_MODULES', 'gail:atk-bridge'), ('GTK_RC_FILES', '/etc/gtk/gtkrc:/home/otischung/.gtkrc:/home/otischung/.config/gtkrc'), ('KDE_SESSION_VERSION', '5'), ('SHELL_SESSION_ID', 'ca8f327f8dd84ac98eac53a239715610'), ('XDG_SEAT_PATH', '/org/freedesktop/DisplayManager/Seat0'), ('PAGER', 'less'), ('ROS_PYTHON_VERSION', '3'), ('VSCODE_GIT_ASKPASS_MAIN', '/usr/share/code/resources/app/extensions/git/dist/askpass-main.js'), ('KONSOLE_DBUS_SESSION', '/Sessions/1'), ('GREP_COLORS', 'mt=37;45'), ('VSCODE_GIT_ASKPASS_NODE', '/usr/share/code/code'), ('DBUS_SESSION_BUS_ADDRESS', 'unix:path=/run/user/1000/bus'), ('SYSTEMD_EXEC_PID', '1462'), ('P9K_TTY', 'old'), ('COLORTERM', 'truecolor'), ('KONSOLE_DBUS_WINDOW', '/Windows/1'), ('MANDATORY_PATH', '/usr/share/gconf/plasma.mandatory.path'), ('ROS_DISTRO', 'humble'), ('COLCON_PREFIX_PATH', '/home/otischung/DATA/workspace/ros2_ws/install'), ('GTK_IM_MODULE', 'ibus'), ('LOGNAME', 'otischung'), ('QT_AUTO_SCREEN_SCALE_FACTOR', '0'), ('WINDOWID', '79691783'), ('_', '/usr/bin/colcon'), ('LESS_TERMCAP_us', '\x1b[1;32m'), ('_P9K_SSH_TTY', '/dev/pts/2'), ('COLORFGBG', '15;0'), ('DEFAULTS_PATH', '/usr/share/gconf/plasma.default.path'), ('XDG_SESSION_CLASS', 'user'), ('ROS_VERSION', '2'), ('USER_ZDOTDIR', '/home/otischung'), ('TERM', 'xterm-256color'), ('XDG_SESSION_ID', '3'), ('ROS_LOCALHOST_ONLY', '0'), ('GTK2_RC_FILES', '/etc/gtk-2.0/gtkrc:/home/otischung/.gtkrc-2.0:/home/otischung/.config/gtkrc-2.0'), ('PATH', '/opt/ros/humble/bin:/usr/local/sbin:/usr/local/bin:/usr/sbin:/usr/bin:/sbin:/bin:/usr/games:/usr/local/games:/snap/bin'), ('XCURSOR_THEME', 'breeze_cursors'), ('XDG_RUNTIME_DIR', '/run/user/1000'), ('XDG_SESSION_PATH', '/org/freedesktop/DisplayManager/Session1'), ('GDK_BACKEND', 'x11'), ('DISPLAY', ':0'), ('LANG', 'zh_TW.UTF-8'), ('XDG_CURRENT_DESKTOP', 'KDE'), ('VSCODE_INJECTION', '1'), ('XAUTHORITY', '/home/otischung/.Xauthority'), ('XDG_SESSION_DESKTOP', 'KDE'), ('XMODIFIERS', '@im=ibus'), ('LS_COLORS', 'di=1;34:ln=35:so=32:pi=33:ex=31:bd=1;36:cd=1;33:su=30;41:sg=30;46:tw=30;42:ow=30;43'), ('TERM_PROGRAM', 'vscode'), ('VSCODE_GIT_IPC_HANDLE', '/run/user/1000/vscode-git-d1ca1d175d.sock'), ('SSH_AUTH_SOCK', '/tmp/ssh-XXXXXXpbpJfe/agent.1544'), ('AMENT_PREFIX_PATH', '/home/otischung/DATA/workspace/ros2_ws/install/test_node:/home/otischung/DATA/workspace/ros2_ws/install/template:/home/otischung/DATA/workspace/ros2_ws/install/pros_library:/home/otischung/DATA/workspace/ros2_ws/install/monitor_system:/home/otischung/DATA/workspace/ros2_ws/install/system_interfaces:/home/otischung/DATA/workspace/ros2_ws/install/my_py_pkg:/opt/ros/humble'), ('ORIGINAL_XDG_CURRENT_DESKTOP', 'KDE'), ('SHELL', '/usr/bin/zsh'), ('QT_ACCESSIBILITY', '1'), ('KONSOLE_DBUS_SERVICE', ':1.81'), ('LESS_TERMCAP_mb', '\x1b[1;31m'), ('GPG_AGENT_INFO', '/run/user/1000/gnupg/S.gpg-agent:0:1'), ('P9K_SSH', '0'), ('QT_IM_MODULE', 'ibus'), ('XDG_VTNR', '1'), ('LESS_TERMCAP_md', '\x1b[1;31m'), ('VSCODE_GIT_ASKPASS_EXTRA_ARGS', '--ms-enable-electron-run-as-node'), ('VSCODE_NONCE', '50c79f29-c18e-4c37-8ffc-5034b819b35a'), ('PWD', '/home/otischung/DATA/workspace/ros2_ws/build/system_interfaces'), ('LESS_TERMCAP_me', '\x1b[0m'), ('CLUTTER_IM_MODULE', 'ibus'), ('XDG_CONFIG_DIRS', '/home/otischung/.config/kdedefaults:/etc/xdg/xdg-plasma:/etc/xdg'), ('XDG_DATA_DIRS', '/usr/share/plasma:/usr/local/share/:/usr/share/'), ('_P9K_TTY', '/dev/pts/2'), ('ZDOTDIR', '/home/otischung'), ('PYTHONPATH', '/home/otischung/DATA/workspace/ros2_ws/install/test_node/lib/python3.10/site-packages:/home/otischung/DATA/workspace/ros2_ws/install/template/lib/python3.10/site-packages:/home/otischung/DATA/workspace/ros2_ws/install/pros_library/lib/python3.10/site-packages:/home/otischung/DATA/workspace/ros2_ws/install/system_interfaces/local/lib/python3.10/dist-packages:/home/otischung/DATA/workspace/ros2_ws/install/my_py_pkg/lib/python3.10/site-packages:/home/otischung/DATA/workspace/ros2_ws/install/my-test-package/lib/python3.10/site-packages:/opt/ros/humble/lib/python3.10/site-packages:/opt/ros/humble/local/lib/python3.10/dist-packages'), ('KDE_SESSION_UID', '1000'), ('COLCON', '1'), ('CMAKE_PREFIX_PATH', '/home/otischung/DATA/workspace/ros2_ws/install/monitor_system:/home/otischung/DATA/workspace/ros2_ws/install/system_interfaces:/home/otischung/DATA/workspace/ros2_ws/install/test_node:/home/otischung/DATA/workspace/ros2_ws/install/template:/home/otischung/DATA/workspace/ros2_ws/install/pros_library:/home/otischung/DATA/workspace/ros2_ws/install/my_py_pkg:/opt/ros/humble')]), 'shell': False}
[0.491657] (system_interfaces) StdoutLine: {'line': b'-- Install configuration: ""\n'}
[0.491922] (system_interfaces) StdoutLine: {'line': b'-- Up-to-date: /home/otischung/DATA/workspace/ros2_ws/install/system_interfaces/share/ament_index/resource_index/rosidl_interfaces/system_interfaces\n'}
[0.492168] (system_interfaces) StdoutLine: {'line': b'-- Up-to-date: /home/otischung/DATA/workspace/ros2_ws/install/system_interfaces/include/system_interfaces/system_interfaces\n'}
[0.492314] (system_interfaces) StdoutLine: {'line': b'-- Up-to-date: /home/otischung/DATA/workspace/ros2_ws/install/system_interfaces/include/system_interfaces/system_interfaces/msg\n'}
[0.492436] (system_interfaces) StdoutLine: {'line': b'-- Up-to-date: /home/otischung/DATA/workspace/ros2_ws/install/system_interfaces/include/system_interfaces/system_interfaces/msg/rosidl_generator_c__visibility_control.h\n'}
[0.492552] (system_interfaces) StdoutLine: {'line': b'-- Up-to-date: /home/otischung/DATA/workspace/ros2_ws/install/system_interfaces/include/system_interfaces/system_interfaces/msg/detail\n'}
[0.492668] (system_interfaces) StdoutLine: {'line': b'-- Up-to-date: /home/otischung/DATA/workspace/ros2_ws/install/system_interfaces/include/system_interfaces/system_interfaces/msg/detail/node_change__type_support.h\n'}
[0.492802] (system_interfaces) StdoutLine: {'line': b'-- Up-to-date: /home/otischung/DATA/workspace/ros2_ws/install/system_interfaces/include/system_interfaces/system_interfaces/msg/detail/node_change__functions.c\n'}
[0.492976] (system_interfaces) StdoutLine: {'line': b'-- Up-to-date: /home/otischung/DATA/workspace/ros2_ws/install/system_interfaces/include/system_interfaces/system_interfaces/msg/detail/check_node__functions.c\n'}
[0.493110] (system_interfaces) StdoutLine: {'line': b'-- Up-to-date: /home/otischung/DATA/workspace/ros2_ws/install/system_interfaces/include/system_interfaces/system_interfaces/msg/detail/check_node__functions.h\n'}
[0.493242] (system_interfaces) StdoutLine: {'line': b'-- Up-to-date: /home/otischung/DATA/workspace/ros2_ws/install/system_interfaces/include/system_interfaces/system_interfaces/msg/detail/check_node__type_support.h\n'}
[0.493386] (system_interfaces) StdoutLine: {'line': b'-- Up-to-date: /home/otischung/DATA/workspace/ros2_ws/install/system_interfaces/include/system_interfaces/system_interfaces/msg/detail/node_change__struct.h\n'}
[0.493539] (system_interfaces) StdoutLine: {'line': b'-- Up-to-date: /home/otischung/DATA/workspace/ros2_ws/install/system_interfaces/include/system_interfaces/system_interfaces/msg/detail/node_change__functions.h\n'}
[0.493706] (system_interfaces) StdoutLine: {'line': b'-- Up-to-date: /home/otischung/DATA/workspace/ros2_ws/install/system_interfaces/include/system_interfaces/system_interfaces/msg/detail/check_node__struct.h\n'}
[0.493833] (system_interfaces) StdoutLine: {'line': b'-- Up-to-date: /home/otischung/DATA/workspace/ros2_ws/install/system_interfaces/include/system_interfaces/system_interfaces/msg/node_change.h\n'}
[0.493973] (system_interfaces) StdoutLine: {'line': b'-- Up-to-date: /home/otischung/DATA/workspace/ros2_ws/install/system_interfaces/include/system_interfaces/system_interfaces/msg/check_node.h\n'}
[0.494110] (system_interfaces) StdoutLine: {'line': b'-- Up-to-date: /home/otischung/DATA/workspace/ros2_ws/install/system_interfaces/share/system_interfaces/environment/library_path.sh\n'}
[0.494235] (system_interfaces) StdoutLine: {'line': b'-- Up-to-date: /home/otischung/DATA/workspace/ros2_ws/install/system_interfaces/share/system_interfaces/environment/library_path.dsv\n'}
[0.494375] (system_interfaces) StdoutLine: {'line': b'-- Up-to-date: /home/otischung/DATA/workspace/ros2_ws/install/system_interfaces/lib/libsystem_interfaces__rosidl_generator_c.so\n'}
[0.494504] (system_interfaces) StdoutLine: {'line': b'-- Up-to-date: /home/otischung/DATA/workspace/ros2_ws/install/system_interfaces/include/system_interfaces/system_interfaces\n'}
[0.494689] (system_interfaces) StdoutLine: {'line': b'-- Up-to-date: /home/otischung/DATA/workspace/ros2_ws/install/system_interfaces/include/system_interfaces/system_interfaces/msg\n'}
[0.494864] (system_interfaces) StdoutLine: {'line': b'-- Up-to-date: /home/otischung/DATA/workspace/ros2_ws/install/system_interfaces/include/system_interfaces/system_interfaces/msg/rosidl_typesupport_fastrtps_c__visibility_control.h\n'}
[0.495074] (system_interfaces) StdoutLine: {'line': b'-- Up-to-date: /home/otischung/DATA/workspace/ros2_ws/install/system_interfaces/include/system_interfaces/system_interfaces/msg/detail\n'}
[0.495254] (system_interfaces) StdoutLine: {'line': b'-- Up-to-date: /home/otischung/DATA/workspace/ros2_ws/install/system_interfaces/include/system_interfaces/system_interfaces/msg/detail/check_node__rosidl_typesupport_fastrtps_c.h\n'}
[0.495377] (system_interfaces) StdoutLine: {'line': b'-- Up-to-date: /home/otischung/DATA/workspace/ros2_ws/install/system_interfaces/include/system_interfaces/system_interfaces/msg/detail/node_change__rosidl_typesupport_fastrtps_c.h\n'}
[0.495514] (system_interfaces) StdoutLine: {'line': b'-- Up-to-date: /home/otischung/DATA/workspace/ros2_ws/install/system_interfaces/lib/libsystem_interfaces__rosidl_typesupport_fastrtps_c.so\n'}
[0.495645] (system_interfaces) StdoutLine: {'line': b'-- Up-to-date: /home/otischung/DATA/workspace/ros2_ws/install/system_interfaces/include/system_interfaces/system_interfaces\n'}
[0.495809] (system_interfaces) StdoutLine: {'line': b'-- Up-to-date: /home/otischung/DATA/workspace/ros2_ws/install/system_interfaces/include/system_interfaces/system_interfaces/msg\n'}
[0.495983] (system_interfaces) StdoutLine: {'line': b'-- Up-to-date: /home/otischung/DATA/workspace/ros2_ws/install/system_interfaces/include/system_interfaces/system_interfaces/msg/rosidl_typesupport_introspection_c__visibility_control.h\n'}
[0.496140] (system_interfaces) StdoutLine: {'line': b'-- Up-to-date: /home/otischung/DATA/workspace/ros2_ws/install/system_interfaces/include/system_interfaces/system_interfaces/msg/detail\n'}
[0.496296] (system_interfaces) StdoutLine: {'line': b'-- Up-to-date: /home/otischung/DATA/workspace/ros2_ws/install/system_interfaces/include/system_interfaces/system_interfaces/msg/detail/check_node__type_support.c\n'}
[0.496421] (system_interfaces) StdoutLine: {'line': b'-- Up-to-date: /home/otischung/DATA/workspace/ros2_ws/install/system_interfaces/include/system_interfaces/system_interfaces/msg/detail/node_change__type_support.c\n'}
[0.496550] (system_interfaces) StdoutLine: {'line': b'-- Up-to-date: /home/otischung/DATA/workspace/ros2_ws/install/system_interfaces/include/system_interfaces/system_interfaces/msg/detail/check_node__rosidl_typesupport_introspection_c.h\n'}
[0.496704] (system_interfaces) StdoutLine: {'line': b'-- Up-to-date: /home/otischung/DATA/workspace/ros2_ws/install/system_interfaces/include/system_interfaces/system_interfaces/msg/detail/node_change__rosidl_typesupport_introspection_c.h\n'}
[0.496829] (system_interfaces) StdoutLine: {'line': b'-- Up-to-date: /home/otischung/DATA/workspace/ros2_ws/install/system_interfaces/lib/libsystem_interfaces__rosidl_typesupport_introspection_c.so\n'}
[0.497030] (system_interfaces) StdoutLine: {'line': b'-- Up-to-date: /home/otischung/DATA/workspace/ros2_ws/install/system_interfaces/lib/libsystem_interfaces__rosidl_typesupport_c.so\n'}
[0.497171] (system_interfaces) StdoutLine: {'line': b'-- Up-to-date: /home/otischung/DATA/workspace/ros2_ws/install/system_interfaces/include/system_interfaces/system_interfaces\n'}
[0.497330] (system_interfaces) StdoutLine: {'line': b'-- Up-to-date: /home/otischung/DATA/workspace/ros2_ws/install/system_interfaces/include/system_interfaces/system_interfaces/msg\n'}
[0.497475] (system_interfaces) StdoutLine: {'line': b'-- Up-to-date: /home/otischung/DATA/workspace/ros2_ws/install/system_interfaces/include/system_interfaces/system_interfaces/msg/check_node.hpp\n'}
[0.497632] (system_interfaces) StdoutLine: {'line': b'-- Up-to-date: /home/otischung/DATA/workspace/ros2_ws/install/system_interfaces/include/system_interfaces/system_interfaces/msg/node_change.hpp\n'}
[0.497855] (system_interfaces) StdoutLine: {'line': b'-- Up-to-date: /home/otischung/DATA/workspace/ros2_ws/install/system_interfaces/include/system_interfaces/system_interfaces/msg/detail\n'}
[0.498046] (system_interfaces) StdoutLine: {'line': b'-- Up-to-date: /home/otischung/DATA/workspace/ros2_ws/install/system_interfaces/include/system_interfaces/system_interfaces/msg/detail/node_change__builder.hpp\n'}
[0.498171] (system_interfaces) StdoutLine: {'line': b'-- Up-to-date: /home/otischung/DATA/workspace/ros2_ws/install/system_interfaces/include/system_interfaces/system_interfaces/msg/detail/check_node__builder.hpp\n'}
[0.498295] (system_interfaces) StdoutLine: {'line': b'-- Up-to-date: /home/otischung/DATA/workspace/ros2_ws/install/system_interfaces/include/system_interfaces/system_interfaces/msg/detail/node_change__struct.hpp\n'}
[0.498414] (system_interfaces) StdoutLine: {'line': b'-- Up-to-date: /home/otischung/DATA/workspace/ros2_ws/install/system_interfaces/include/system_interfaces/system_interfaces/msg/detail/check_node__struct.hpp\n'}
[0.498535] (system_interfaces) StdoutLine: {'line': b'-- Up-to-date: /home/otischung/DATA/workspace/ros2_ws/install/system_interfaces/include/system_interfaces/system_interfaces/msg/detail/check_node__traits.hpp\n'}
[0.498659] (system_interfaces) StdoutLine: {'line': b'-- Up-to-date: /home/otischung/DATA/workspace/ros2_ws/install/system_interfaces/include/system_interfaces/system_interfaces/msg/detail/node_change__traits.hpp\n'}
[0.498780] (system_interfaces) StdoutLine: {'line': b'-- Up-to-date: /home/otischung/DATA/workspace/ros2_ws/install/system_interfaces/include/system_interfaces/system_interfaces\n'}
[0.498901] (system_interfaces) StdoutLine: {'line': b'-- Up-to-date: /home/otischung/DATA/workspace/ros2_ws/install/system_interfaces/include/system_interfaces/system_interfaces/msg\n'}
[0.499022] (system_interfaces) StdoutLine: {'line': b'-- Up-to-date: /home/otischung/DATA/workspace/ros2_ws/install/system_interfaces/include/system_interfaces/system_interfaces/msg/rosidl_typesupport_fastrtps_cpp__visibility_control.h\n'}
[0.499143] (system_interfaces) StdoutLine: {'line': b'-- Up-to-date: /home/otischung/DATA/workspace/ros2_ws/install/system_interfaces/include/system_interfaces/system_interfaces/msg/detail\n'}
[0.499264] (system_interfaces) StdoutLine: {'line': b'-- Up-to-date: /home/otischung/DATA/workspace/ros2_ws/install/system_interfaces/include/system_interfaces/system_interfaces/msg/detail/node_change__rosidl_typesupport_fastrtps_cpp.hpp\n'}
[0.499390] (system_interfaces) StdoutLine: {'line': b'-- Up-to-date: /home/otischung/DATA/workspace/ros2_ws/install/system_interfaces/include/system_interfaces/system_interfaces/msg/detail/check_node__rosidl_typesupport_fastrtps_cpp.hpp\n'}
[0.499514] (-) TimerEvent: {}
[0.499638] (system_interfaces) StdoutLine: {'line': b'-- Up-to-date: /home/otischung/DATA/workspace/ros2_ws/install/system_interfaces/include/system_interfaces/system_interfaces/msg/detail/dds_fastrtps\n'}
[0.499770] (system_interfaces) StdoutLine: {'line': b'-- Up-to-date: /home/otischung/DATA/workspace/ros2_ws/install/system_interfaces/lib/libsystem_interfaces__rosidl_typesupport_fastrtps_cpp.so\n'}
[0.499893] (system_interfaces) StdoutLine: {'line': b'-- Up-to-date: /home/otischung/DATA/workspace/ros2_ws/install/system_interfaces/include/system_interfaces/system_interfaces\n'}
[0.500017] (system_interfaces) StdoutLine: {'line': b'-- Up-to-date: /home/otischung/DATA/workspace/ros2_ws/install/system_interfaces/include/system_interfaces/system_interfaces/msg\n'}
[0.500148] (system_interfaces) StdoutLine: {'line': b'-- Up-to-date: /home/otischung/DATA/workspace/ros2_ws/install/system_interfaces/include/system_interfaces/system_interfaces/msg/detail\n'}
[0.500274] (system_interfaces) StdoutLine: {'line': b'-- Up-to-date: /home/otischung/DATA/workspace/ros2_ws/install/system_interfaces/include/system_interfaces/system_interfaces/msg/detail/check_node__rosidl_typesupport_introspection_cpp.hpp\n'}
[0.500396] (system_interfaces) StdoutLine: {'line': b'-- Up-to-date: /home/otischung/DATA/workspace/ros2_ws/install/system_interfaces/include/system_interfaces/system_interfaces/msg/detail/check_node__type_support.cpp\n'}
[0.500517] (system_interfaces) StdoutLine: {'line': b'-- Up-to-date: /home/otischung/DATA/workspace/ros2_ws/install/system_interfaces/include/system_interfaces/system_interfaces/msg/detail/node_change__rosidl_typesupport_introspection_cpp.hpp\n'}
[0.500638] (system_interfaces) StdoutLine: {'line': b'-- Up-to-date: /home/otischung/DATA/workspace/ros2_ws/install/system_interfaces/include/system_interfaces/system_interfaces/msg/detail/node_change__type_support.cpp\n'}
[0.500758] (system_interfaces) StdoutLine: {'line': b'-- Up-to-date: /home/otischung/DATA/workspace/ros2_ws/install/system_interfaces/lib/libsystem_interfaces__rosidl_typesupport_introspection_cpp.so\n'}
[0.500881] (system_interfaces) StdoutLine: {'line': b'-- Up-to-date: /home/otischung/DATA/workspace/ros2_ws/install/system_interfaces/lib/libsystem_interfaces__rosidl_typesupport_cpp.so\n'}
[0.501001] (system_interfaces) StdoutLine: {'line': b'-- Up-to-date: /home/otischung/DATA/workspace/ros2_ws/install/system_interfaces/share/system_interfaces/environment/pythonpath.sh\n'}
[0.501122] (system_interfaces) StdoutLine: {'line': b'-- Up-to-date: /home/otischung/DATA/workspace/ros2_ws/install/system_interfaces/share/system_interfaces/environment/pythonpath.dsv\n'}
[0.501256] (system_interfaces) StdoutLine: {'line': b'-- Up-to-date: /home/otischung/DATA/workspace/ros2_ws/install/system_interfaces/local/lib/python3.10/dist-packages/system_interfaces-0.0.0-py3.10.egg-info\n'}
[0.501376] (system_interfaces) StdoutLine: {'line': b'-- Installing: /home/otischung/DATA/workspace/ros2_ws/install/system_interfaces/local/lib/python3.10/dist-packages/system_interfaces-0.0.0-py3.10.egg-info/dependency_links.txt\n'}
[0.501498] (system_interfaces) StdoutLine: {'line': b'-- Installing: /home/otischung/DATA/workspace/ros2_ws/install/system_interfaces/local/lib/python3.10/dist-packages/system_interfaces-0.0.0-py3.10.egg-info/SOURCES.txt\n'}
[0.501619] (system_interfaces) StdoutLine: {'line': b'-- Installing: /home/otischung/DATA/workspace/ros2_ws/install/system_interfaces/local/lib/python3.10/dist-packages/system_interfaces-0.0.0-py3.10.egg-info/top_level.txt\n'}
[0.501742] (system_interfaces) StdoutLine: {'line': b'-- Installing: /home/otischung/DATA/workspace/ros2_ws/install/system_interfaces/local/lib/python3.10/dist-packages/system_interfaces-0.0.0-py3.10.egg-info/PKG-INFO\n'}
[0.501861] (system_interfaces) StdoutLine: {'line': b'-- Up-to-date: /home/otischung/DATA/workspace/ros2_ws/install/system_interfaces/local/lib/python3.10/dist-packages/system_interfaces\n'}
[0.501988] (system_interfaces) StdoutLine: {'line': b'-- Up-to-date: /home/otischung/DATA/workspace/ros2_ws/install/system_interfaces/local/lib/python3.10/dist-packages/system_interfaces/system_interfaces_s__rosidl_typesupport_fastrtps_c.cpython-310-x86_64-linux-gnu.so\n'}
[0.502110] (system_interfaces) StdoutLine: {'line': b'-- Up-to-date: /home/otischung/DATA/workspace/ros2_ws/install/system_interfaces/local/lib/python3.10/dist-packages/system_interfaces/libsystem_interfaces__rosidl_generator_py.so\n'}
[0.502232] (system_interfaces) StdoutLine: {'line': b'-- Up-to-date: /home/otischung/DATA/workspace/ros2_ws/install/system_interfaces/local/lib/python3.10/dist-packages/system_interfaces/_system_interfaces_s.ep.rosidl_typesupport_introspection_c.c\n'}
[0.502351] (system_interfaces) StdoutLine: {'line': b'-- Up-to-date: /home/otischung/DATA/workspace/ros2_ws/install/system_interfaces/local/lib/python3.10/dist-packages/system_interfaces/__init__.py\n'}
[0.502477] (system_interfaces) StdoutLine: {'line': b'-- Up-to-date: /home/otischung/DATA/workspace/ros2_ws/install/system_interfaces/local/lib/python3.10/dist-packages/system_interfaces/msg\n'}
[0.502598] (system_interfaces) StdoutLine: {'line': b'-- Up-to-date: /home/otischung/DATA/workspace/ros2_ws/install/system_interfaces/local/lib/python3.10/dist-packages/system_interfaces/msg/_node_change.py\n'}
[0.502721] (system_interfaces) StdoutLine: {'line': b'-- Up-to-date: /home/otischung/DATA/workspace/ros2_ws/install/system_interfaces/local/lib/python3.10/dist-packages/system_interfaces/msg/_check_node.py\n'}
[0.502842] (system_interfaces) StdoutLine: {'line': b'-- Up-to-date: /home/otischung/DATA/workspace/ros2_ws/install/system_interfaces/local/lib/python3.10/dist-packages/system_interfaces/msg/__init__.py\n'}
[0.502968] (system_interfaces) StdoutLine: {'line': b'-- Up-to-date: /home/otischung/DATA/workspace/ros2_ws/install/system_interfaces/local/lib/python3.10/dist-packages/system_interfaces/msg/_node_change_s.c\n'}
[0.503078] (system_interfaces) StdoutLine: {'line': b'-- Up-to-date: /home/otischung/DATA/workspace/ros2_ws/install/system_interfaces/local/lib/python3.10/dist-packages/system_interfaces/msg/_check_node_s.c\n'}
[0.503180] (system_interfaces) StdoutLine: {'line': b'-- Up-to-date: /home/otischung/DATA/workspace/ros2_ws/install/system_interfaces/local/lib/python3.10/dist-packages/system_interfaces/system_interfaces_s__rosidl_typesupport_introspection_c.cpython-310-x86_64-linux-gnu.so\n'}
[0.503281] (system_interfaces) StdoutLine: {'line': b'-- Up-to-date: /home/otischung/DATA/workspace/ros2_ws/install/system_interfaces/local/lib/python3.10/dist-packages/system_interfaces/_system_interfaces_s.ep.rosidl_typesupport_fastrtps_c.c\n'}
[0.503384] (system_interfaces) StdoutLine: {'line': b'-- Up-to-date: /home/otischung/DATA/workspace/ros2_ws/install/system_interfaces/local/lib/python3.10/dist-packages/system_interfaces/_system_interfaces_s.ep.rosidl_typesupport_c.c\n'}
[0.503493] (system_interfaces) StdoutLine: {'line': b'-- Up-to-date: /home/otischung/DATA/workspace/ros2_ws/install/system_interfaces/local/lib/python3.10/dist-packages/system_interfaces/system_interfaces_s__rosidl_typesupport_c.cpython-310-x86_64-linux-gnu.so\n'}
[0.530170] (system_interfaces) StdoutLine: {'line': b"Listing '/home/otischung/DATA/workspace/ros2_ws/install/system_interfaces/local/lib/python3.10/dist-packages/system_interfaces'...\n"}
[0.530357] (system_interfaces) StdoutLine: {'line': b"Listing '/home/otischung/DATA/workspace/ros2_ws/install/system_interfaces/local/lib/python3.10/dist-packages/system_interfaces/msg'...\n"}
[0.533912] (system_interfaces) StdoutLine: {'line': b'-- Up-to-date: /home/otischung/DATA/workspace/ros2_ws/install/system_interfaces/local/lib/python3.10/dist-packages/system_interfaces/system_interfaces_s__rosidl_typesupport_fastrtps_c.cpython-310-x86_64-linux-gnu.so\n'}
[0.534241] (system_interfaces) StdoutLine: {'line': b'-- Up-to-date: /home/otischung/DATA/workspace/ros2_ws/install/system_interfaces/local/lib/python3.10/dist-packages/system_interfaces/system_interfaces_s__rosidl_typesupport_introspection_c.cpython-310-x86_64-linux-gnu.so\n'}
[0.534567] (system_interfaces) StdoutLine: {'line': b'-- Up-to-date: /home/otischung/DATA/workspace/ros2_ws/install/system_interfaces/local/lib/python3.10/dist-packages/system_interfaces/system_interfaces_s__rosidl_typesupport_c.cpython-310-x86_64-linux-gnu.so\n'}
[0.534889] (system_interfaces) StdoutLine: {'line': b'-- Up-to-date: /home/otischung/DATA/workspace/ros2_ws/install/system_interfaces/lib/libsystem_interfaces__rosidl_generator_py.so\n'}
[0.535084] (system_interfaces) StdoutLine: {'line': b'-- Up-to-date: /home/otischung/DATA/workspace/ros2_ws/install/system_interfaces/share/system_interfaces/msg/NodeChange.idl\n'}
[0.535265] (system_interfaces) StdoutLine: {'line': b'-- Up-to-date: /home/otischung/DATA/workspace/ros2_ws/install/system_interfaces/share/system_interfaces/msg/CheckNode.idl\n'}
[0.535482] (system_interfaces) StdoutLine: {'line': b'-- Up-to-date: /home/otischung/DATA/workspace/ros2_ws/install/system_interfaces/share/system_interfaces/msg/NodeChange.msg\n'}
[0.535662] (system_interfaces) StdoutLine: {'line': b'-- Up-to-date: /home/otischung/DATA/workspace/ros2_ws/install/system_interfaces/share/system_interfaces/msg/CheckNode.msg\n'}
[0.535797] (system_interfaces) StdoutLine: {'line': b'-- Up-to-date: /home/otischung/DATA/workspace/ros2_ws/install/system_interfaces/share/ament_index/resource_index/package_run_dependencies/system_interfaces\n'}
[0.535932] (system_interfaces) StdoutLine: {'line': b'-- Up-to-date: /home/otischung/DATA/workspace/ros2_ws/install/system_interfaces/share/ament_index/resource_index/parent_prefix_path/system_interfaces\n'}
[0.536069] (system_interfaces) StdoutLine: {'line': b'-- Up-to-date: /home/otischung/DATA/workspace/ros2_ws/install/system_interfaces/share/system_interfaces/environment/ament_prefix_path.sh\n'}
[0.536264] (system_interfaces) StdoutLine: {'line': b'-- Up-to-date: /home/otischung/DATA/workspace/ros2_ws/install/system_interfaces/share/system_interfaces/environment/ament_prefix_path.dsv\n'}
[0.536425] (system_interfaces) StdoutLine: {'line': b'-- Up-to-date: /home/otischung/DATA/workspace/ros2_ws/install/system_interfaces/share/system_interfaces/environment/path.sh\n'}
[0.536606] (system_interfaces) StdoutLine: {'line': b'-- Up-to-date: /home/otischung/DATA/workspace/ros2_ws/install/system_interfaces/share/system_interfaces/environment/path.dsv\n'}
[0.536747] (system_interfaces) StdoutLine: {'line': b'-- Up-to-date: /home/otischung/DATA/workspace/ros2_ws/install/system_interfaces/share/system_interfaces/local_setup.bash\n'}
[0.536892] (system_interfaces) StdoutLine: {'line': b'-- Up-to-date: /home/otischung/DATA/workspace/ros2_ws/install/system_interfaces/share/system_interfaces/local_setup.sh\n'}
[0.537075] (system_interfaces) StdoutLine: {'line': b'-- Up-to-date: /home/otischung/DATA/workspace/ros2_ws/install/system_interfaces/share/system_interfaces/local_setup.zsh\n'}
[0.537243] (system_interfaces) StdoutLine: {'line': b'-- Up-to-date: /home/otischung/DATA/workspace/ros2_ws/install/system_interfaces/share/system_interfaces/local_setup.dsv\n'}
[0.537427] (system_interfaces) StdoutLine: {'line': b'-- Installing: /home/otischung/DATA/workspace/ros2_ws/install/system_interfaces/share/system_interfaces/package.dsv\n'}
[0.537613] (system_interfaces) StdoutLine: {'line': b'-- Up-to-date: /home/otischung/DATA/workspace/ros2_ws/install/system_interfaces/share/ament_index/resource_index/packages/system_interfaces\n'}
[0.537750] (system_interfaces) StdoutLine: {'line': b'-- Up-to-date: /home/otischung/DATA/workspace/ros2_ws/install/system_interfaces/share/system_interfaces/cmake/export_system_interfaces__rosidl_generator_cExport.cmake\n'}
[0.537873] (system_interfaces) StdoutLine: {'line': b'-- Up-to-date: /home/otischung/DATA/workspace/ros2_ws/install/system_interfaces/share/system_interfaces/cmake/export_system_interfaces__rosidl_generator_cExport-noconfig.cmake\n'}
[0.537995] (system_interfaces) StdoutLine: {'line': b'-- Up-to-date: /home/otischung/DATA/workspace/ros2_ws/install/system_interfaces/share/system_interfaces/cmake/export_system_interfaces__rosidl_typesupport_fastrtps_cExport.cmake\n'}
[0.538122] (system_interfaces) StdoutLine: {'line': b'-- Up-to-date: /home/otischung/DATA/workspace/ros2_ws/install/system_interfaces/share/system_interfaces/cmake/export_system_interfaces__rosidl_typesupport_fastrtps_cExport-noconfig.cmake\n'}
[0.538239] (system_interfaces) StdoutLine: {'line': b'-- Up-to-date: /home/otischung/DATA/workspace/ros2_ws/install/system_interfaces/share/system_interfaces/cmake/system_interfaces__rosidl_typesupport_introspection_cExport.cmake\n'}
[0.538361] (system_interfaces) StdoutLine: {'line': b'-- Up-to-date: /home/otischung/DATA/workspace/ros2_ws/install/system_interfaces/share/system_interfaces/cmake/system_interfaces__rosidl_typesupport_introspection_cExport-noconfig.cmake\n'}
[0.538479] (system_interfaces) StdoutLine: {'line': b'-- Up-to-date: /home/otischung/DATA/workspace/ros2_ws/install/system_interfaces/share/system_interfaces/cmake/system_interfaces__rosidl_typesupport_cExport.cmake\n'}
[0.538597] (system_interfaces) StdoutLine: {'line': b'-- Up-to-date: /home/otischung/DATA/workspace/ros2_ws/install/system_interfaces/share/system_interfaces/cmake/system_interfaces__rosidl_typesupport_cExport-noconfig.cmake\n'}
[0.538716] (system_interfaces) StdoutLine: {'line': b'-- Up-to-date: /home/otischung/DATA/workspace/ros2_ws/install/system_interfaces/share/system_interfaces/cmake/export_system_interfaces__rosidl_generator_cppExport.cmake\n'}
[0.538838] (system_interfaces) StdoutLine: {'line': b'-- Up-to-date: /home/otischung/DATA/workspace/ros2_ws/install/system_interfaces/share/system_interfaces/cmake/export_system_interfaces__rosidl_typesupport_fastrtps_cppExport.cmake\n'}
[0.538971] (system_interfaces) StdoutLine: {'line': b'-- Up-to-date: /home/otischung/DATA/workspace/ros2_ws/install/system_interfaces/share/system_interfaces/cmake/export_system_interfaces__rosidl_typesupport_fastrtps_cppExport-noconfig.cmake\n'}
[0.539094] (system_interfaces) StdoutLine: {'line': b'-- Up-to-date: /home/otischung/DATA/workspace/ros2_ws/install/system_interfaces/share/system_interfaces/cmake/system_interfaces__rosidl_typesupport_introspection_cppExport.cmake\n'}
[0.539441] (system_interfaces) StdoutLine: {'line': b'-- Up-to-date: /home/otischung/DATA/workspace/ros2_ws/install/system_interfaces/share/system_interfaces/cmake/system_interfaces__rosidl_typesupport_introspection_cppExport-noconfig.cmake\n'}
[0.540518] (system_interfaces) StdoutLine: {'line': b'-- Up-to-date: /home/otischung/DATA/workspace/ros2_ws/install/system_interfaces/share/system_interfaces/cmake/system_interfaces__rosidl_typesupport_cppExport.cmake\n'}
[0.541807] (system_interfaces) StdoutLine: {'line': b'-- Up-to-date: /home/otischung/DATA/workspace/ros2_ws/install/system_interfaces/share/system_interfaces/cmake/system_interfaces__rosidl_typesupport_cppExport-noconfig.cmake\n'}
[0.542045] (system_interfaces) StdoutLine: {'line': b'-- Up-to-date: /home/otischung/DATA/workspace/ros2_ws/install/system_interfaces/share/system_interfaces/cmake/export_system_interfaces__rosidl_generator_pyExport.cmake\n'}
[0.542274] (system_interfaces) StdoutLine: {'line': b'-- Up-to-date: /home/otischung/DATA/workspace/ros2_ws/install/system_interfaces/share/system_interfaces/cmake/export_system_interfaces__rosidl_generator_pyExport-noconfig.cmake\n'}
[0.542567] (system_interfaces) StdoutLine: {'line': b'-- Up-to-date: /home/otischung/DATA/workspace/ros2_ws/install/system_interfaces/share/system_interfaces/cmake/rosidl_cmake-extras.cmake\n'}
[0.543479] (system_interfaces) StdoutLine: {'line': b'-- Up-to-date: /home/otischung/DATA/workspace/ros2_ws/install/system_interfaces/share/system_interfaces/cmake/ament_cmake_export_include_directories-extras.cmake\n'}
[0.543694] (system_interfaces) StdoutLine: {'line': b'-- Up-to-date: /home/otischung/DATA/workspace/ros2_ws/install/system_interfaces/share/system_interfaces/cmake/ament_cmake_export_libraries-extras.cmake\n'}
[0.543926] (system_interfaces) StdoutLine: {'line': b'-- Up-to-date: /home/otischung/DATA/workspace/ros2_ws/install/system_interfaces/share/system_interfaces/cmake/ament_cmake_export_targets-extras.cmake\n'}
[0.544146] (system_interfaces) StdoutLine: {'line': b'-- Up-to-date: /home/otischung/DATA/workspace/ros2_ws/install/system_interfaces/share/system_interfaces/cmake/rosidl_cmake_export_typesupport_targets-extras.cmake\n'}
[0.544349] (system_interfaces) StdoutLine: {'line': b'-- Up-to-date: /home/otischung/DATA/workspace/ros2_ws/install/system_interfaces/share/system_interfaces/cmake/ament_cmake_export_dependencies-extras.cmake\n'}
[0.544817] (system_interfaces) StdoutLine: {'line': b'-- Up-to-date: /home/otischung/DATA/workspace/ros2_ws/install/system_interfaces/share/system_interfaces/cmake/rosidl_cmake_export_typesupport_libraries-extras.cmake\n'}
[0.544970] (system_interfaces) StdoutLine: {'line': b'-- Up-to-date: /home/otischung/DATA/workspace/ros2_ws/install/system_interfaces/share/system_interfaces/cmake/system_interfacesConfig.cmake\n'}
[0.545416] (system_interfaces) StdoutLine: {'line': b'-- Up-to-date: /home/otischung/DATA/workspace/ros2_ws/install/system_interfaces/share/system_interfaces/cmake/system_interfacesConfig-version.cmake\n'}
[0.546126] (system_interfaces) StdoutLine: {'line': b'-- Up-to-date: /home/otischung/DATA/workspace/ros2_ws/install/system_interfaces/share/system_interfaces/package.xml\n'}
[0.546315] (system_interfaces) CommandEnded: {'returncode': 0}
[0.599643] (-) TimerEvent: {}
[0.647787] (system_interfaces) JobEnded: {'identifier': 'system_interfaces', 'rc': 0}
[0.649864] (pros_library) JobStarted: {'identifier': 'pros_library'}
[0.655536] (monitor_system) JobStarted: {'identifier': 'monitor_system'}
[0.699764] (-) TimerEvent: {}
[0.800001] (-) TimerEvent: {}
[0.900252] (-) TimerEvent: {}
[0.920384] (monitor_system) JobProgress: {'identifier': 'monitor_system', 'progress': 'cmake'}
[0.921001] (monitor_system) JobProgress: {'identifier': 'monitor_system', 'progress': 'build'}
[0.922148] (monitor_system) Command: {'cmd': ['/usr/bin/cmake', '--build', '/home/otischung/DATA/workspace/ros2_ws/build/monitor_system', '--', '-j12', '-l12'], 'cwd': '/home/otischung/DATA/workspace/ros2_ws/build/monitor_system', 'env': OrderedDict([('KDE_FULL_SESSION', 'true'), ('PROFILEHOME', ''), ('LANGUAGE', 'zh_TW:zh'), ('PAM_KWALLET5_LOGIN', '/run/user/1000/kwallet5.socket'), ('USER', 'otischung'), ('LESS_TERMCAP_ue', '\x1b[0m'), ('XDG_SEAT', 'seat0'), ('SSH_AGENT_PID', '1640'), ('XDG_SESSION_TYPE', 'x11'), ('GIT_ASKPASS', '/usr/share/code/resources/app/extensions/git/dist/askpass.sh'), ('KONSOLE_VERSION', '211203'), ('SHLVL', '2'), ('XCURSOR_SIZE', '24'), ('GREP_COLOR', '37;45'), ('LD_LIBRARY_PATH', '/home/otischung/DATA/workspace/ros2_ws/install/system_interfaces/lib:/opt/ros/humble/opt/rviz_ogre_vendor/lib:/opt/ros/humble/lib/x86_64-linux-gnu:/opt/ros/humble/lib'), ('HOME', '/home/otischung'), ('KDE_APPLICATIONS_AS_SCOPE', '1'), ('OLDPWD', '/home/otischung/DATA/workspace/ros2_ws/install/template/lib/python3.10/site-packages/template'), ('CHROME_DESKTOP', 'code-url-handler.desktop'), ('DESKTOP_SESSION', 'plasma'), ('TERM_PROGRAM_VERSION', '1.82.2'), ('GTK_MODULES', 'gail:atk-bridge'), ('GTK_RC_FILES', '/etc/gtk/gtkrc:/home/otischung/.gtkrc:/home/otischung/.config/gtkrc'), ('KDE_SESSION_VERSION', '5'), ('SHELL_SESSION_ID', 'ca8f327f8dd84ac98eac53a239715610'), ('XDG_SEAT_PATH', '/org/freedesktop/DisplayManager/Seat0'), ('PAGER', 'less'), ('ROS_PYTHON_VERSION', '3'), ('VSCODE_GIT_ASKPASS_MAIN', '/usr/share/code/resources/app/extensions/git/dist/askpass-main.js'), ('KONSOLE_DBUS_SESSION', '/Sessions/1'), ('GREP_COLORS', 'mt=37;45'), ('VSCODE_GIT_ASKPASS_NODE', '/usr/share/code/code'), ('DBUS_SESSION_BUS_ADDRESS', 'unix:path=/run/user/1000/bus'), ('SYSTEMD_EXEC_PID', '1462'), ('P9K_TTY', 'old'), ('COLORTERM', 'truecolor'), ('KONSOLE_DBUS_WINDOW', '/Windows/1'), ('MANDATORY_PATH', '/usr/share/gconf/plasma.mandatory.path'), ('ROS_DISTRO', 'humble'), ('COLCON_PREFIX_PATH', '/home/otischung/DATA/workspace/ros2_ws/install'), ('GTK_IM_MODULE', 'ibus'), ('LOGNAME', 'otischung'), ('QT_AUTO_SCREEN_SCALE_FACTOR', '0'), ('WINDOWID', '79691783'), ('_', '/usr/bin/colcon'), ('LESS_TERMCAP_us', '\x1b[1;32m'), ('_P9K_SSH_TTY', '/dev/pts/2'), ('COLORFGBG', '15;0'), ('DEFAULTS_PATH', '/usr/share/gconf/plasma.default.path'), ('XDG_SESSION_CLASS', 'user'), ('ROS_VERSION', '2'), ('USER_ZDOTDIR', '/home/otischung'), ('TERM', 'xterm-256color'), ('XDG_SESSION_ID', '3'), ('ROS_LOCALHOST_ONLY', '0'), ('GTK2_RC_FILES', '/etc/gtk-2.0/gtkrc:/home/otischung/.gtkrc-2.0:/home/otischung/.config/gtkrc-2.0'), ('PATH', '/opt/ros/humble/bin:/usr/local/sbin:/usr/local/bin:/usr/sbin:/usr/bin:/sbin:/bin:/usr/games:/usr/local/games:/snap/bin'), ('XCURSOR_THEME', 'breeze_cursors'), ('XDG_RUNTIME_DIR', '/run/user/1000'), ('XDG_SESSION_PATH', '/org/freedesktop/DisplayManager/Session1'), ('GDK_BACKEND', 'x11'), ('DISPLAY', ':0'), ('LANG', 'zh_TW.UTF-8'), ('XDG_CURRENT_DESKTOP', 'KDE'), ('VSCODE_INJECTION', '1'), ('XAUTHORITY', '/home/otischung/.Xauthority'), ('XDG_SESSION_DESKTOP', 'KDE'), ('XMODIFIERS', '@im=ibus'), ('LS_COLORS', 'di=1;34:ln=35:so=32:pi=33:ex=31:bd=1;36:cd=1;33:su=30;41:sg=30;46:tw=30;42:ow=30;43'), ('TERM_PROGRAM', 'vscode'), ('VSCODE_GIT_IPC_HANDLE', '/run/user/1000/vscode-git-d1ca1d175d.sock'), ('SSH_AUTH_SOCK', '/tmp/ssh-XXXXXXpbpJfe/agent.1544'), ('AMENT_PREFIX_PATH', '/home/otischung/DATA/workspace/ros2_ws/install/test_node:/home/otischung/DATA/workspace/ros2_ws/install/template:/home/otischung/DATA/workspace/ros2_ws/install/pros_library:/home/otischung/DATA/workspace/ros2_ws/install/monitor_system:/home/otischung/DATA/workspace/ros2_ws/install/system_interfaces:/home/otischung/DATA/workspace/ros2_ws/install/my_py_pkg:/opt/ros/humble'), ('ORIGINAL_XDG_CURRENT_DESKTOP', 'KDE'), ('SHELL', '/usr/bin/zsh'), ('QT_ACCESSIBILITY', '1'), ('KONSOLE_DBUS_SERVICE', ':1.81'), ('LESS_TERMCAP_mb', '\x1b[1;31m'), ('GPG_AGENT_INFO', '/run/user/1000/gnupg/S.gpg-agent:0:1'), ('P9K_SSH', '0'), ('QT_IM_MODULE', 'ibus'), ('XDG_VTNR', '1'), ('LESS_TERMCAP_md', '\x1b[1;31m'), ('VSCODE_GIT_ASKPASS_EXTRA_ARGS', '--ms-enable-electron-run-as-node'), ('VSCODE_NONCE', '50c79f29-c18e-4c37-8ffc-5034b819b35a'), ('PWD', '/home/otischung/DATA/workspace/ros2_ws/build/monitor_system'), ('LESS_TERMCAP_me', '\x1b[0m'), ('CLUTTER_IM_MODULE', 'ibus'), ('XDG_CONFIG_DIRS', '/home/otischung/.config/kdedefaults:/etc/xdg/xdg-plasma:/etc/xdg'), ('XDG_DATA_DIRS', '/usr/share/plasma:/usr/local/share/:/usr/share/'), ('_P9K_TTY', '/dev/pts/2'), ('ZDOTDIR', '/home/otischung'), ('PYTHONPATH', '/home/otischung/DATA/workspace/ros2_ws/install/test_node/lib/python3.10/site-packages:/home/otischung/DATA/workspace/ros2_ws/install/template/lib/python3.10/site-packages:/home/otischung/DATA/workspace/ros2_ws/install/pros_library/lib/python3.10/site-packages:/home/otischung/DATA/workspace/ros2_ws/install/system_interfaces/local/lib/python3.10/dist-packages:/home/otischung/DATA/workspace/ros2_ws/install/my_py_pkg/lib/python3.10/site-packages:/home/otischung/DATA/workspace/ros2_ws/install/my-test-package/lib/python3.10/site-packages:/opt/ros/humble/lib/python3.10/site-packages:/opt/ros/humble/local/lib/python3.10/dist-packages'), ('KDE_SESSION_UID', '1000'), ('COLCON', '1'), ('CMAKE_PREFIX_PATH', '/home/otischung/DATA/workspace/ros2_ws/install/system_interfaces:/home/otischung/DATA/workspace/ros2_ws/install/monitor_system:/home/otischung/DATA/workspace/ros2_ws/install/test_node:/home/otischung/DATA/workspace/ros2_ws/install/template:/home/otischung/DATA/workspace/ros2_ws/install/pros_library:/home/otischung/DATA/workspace/ros2_ws/install/my_py_pkg:/opt/ros/humble')]), 'shell': False}
[0.927108] (my-test-package) Command: {'cmd': ['/usr/bin/python3', 'setup.py', 'egg_info', '--egg-base', '../../../../../../../../build/my-test-package', 'build', '--build-base', '/home/otischung/DATA/workspace/ros2_ws/build/my-test-package/build', 'install', '--record', '/home/otischung/DATA/workspace/ros2_ws/build/my-test-package/install.log', '--single-version-externally-managed'], 'cwd': '/home/otischung/DATA/workspace/ros2_ws/venv/lib/python3.10/site-packages/pkg_resources/tests/data/my-test-package-source', 'env': {'KDE_FULL_SESSION': 'true', 'PROFILEHOME': '', 'LANGUAGE': 'zh_TW:zh', 'PAM_KWALLET5_LOGIN': '/run/user/1000/kwallet5.socket', 'USER': 'otischung', 'LESS_TERMCAP_ue': '\x1b[0m', 'XDG_SEAT': 'seat0', 'SSH_AGENT_PID': '1640', 'XDG_SESSION_TYPE': 'x11', 'GIT_ASKPASS': '/usr/share/code/resources/app/extensions/git/dist/askpass.sh', 'KONSOLE_VERSION': '211203', 'SHLVL': '2', 'XCURSOR_SIZE': '24', 'GREP_COLOR': '37;45', 'LD_LIBRARY_PATH': '/home/otischung/DATA/workspace/ros2_ws/install/system_interfaces/lib:/opt/ros/humble/opt/rviz_ogre_vendor/lib:/opt/ros/humble/lib/x86_64-linux-gnu:/opt/ros/humble/lib', 'HOME': '/home/otischung', 'KDE_APPLICATIONS_AS_SCOPE': '1', 'OLDPWD': '/home/otischung/DATA/workspace/ros2_ws/install/template/lib/python3.10/site-packages/template', 'CHROME_DESKTOP': 'code-url-handler.desktop', 'DESKTOP_SESSION': 'plasma', 'TERM_PROGRAM_VERSION': '1.82.2', 'GTK_MODULES': 'gail:atk-bridge', 'GTK_RC_FILES': '/etc/gtk/gtkrc:/home/otischung/.gtkrc:/home/otischung/.config/gtkrc', 'KDE_SESSION_VERSION': '5', 'SHELL_SESSION_ID': 'ca8f327f8dd84ac98eac53a239715610', 'XDG_SEAT_PATH': '/org/freedesktop/DisplayManager/Seat0', 'PAGER': 'less', 'ROS_PYTHON_VERSION': '3', 'VSCODE_GIT_ASKPASS_MAIN': '/usr/share/code/resources/app/extensions/git/dist/askpass-main.js', 'KONSOLE_DBUS_SESSION': '/Sessions/1', 'GREP_COLORS': 'mt=37;45', 'VSCODE_GIT_ASKPASS_NODE': '/usr/share/code/code', 'DBUS_SESSION_BUS_ADDRESS': 'unix:path=/run/user/1000/bus', 'SYSTEMD_EXEC_PID': '1462', 'P9K_TTY': 'old', 'COLORTERM': 'truecolor', 'KONSOLE_DBUS_WINDOW': '/Windows/1', 'MANDATORY_PATH': '/usr/share/gconf/plasma.mandatory.path', 'ROS_DISTRO': 'humble', 'COLCON_PREFIX_PATH': '/home/otischung/DATA/workspace/ros2_ws/install', 'GTK_IM_MODULE': 'ibus', 'LOGNAME': 'otischung', 'QT_AUTO_SCREEN_SCALE_FACTOR': '0', 'WINDOWID': '79691783', '_': '/usr/bin/colcon', 'LESS_TERMCAP_us': '\x1b[1;32m', '_P9K_SSH_TTY': '/dev/pts/2', 'COLORFGBG': '15;0', 'DEFAULTS_PATH': '/usr/share/gconf/plasma.default.path', 'XDG_SESSION_CLASS': 'user', 'ROS_VERSION': '2', 'USER_ZDOTDIR': '/home/otischung', 'TERM': 'xterm-256color', 'XDG_SESSION_ID': '3', 'ROS_LOCALHOST_ONLY': '0', 'GTK2_RC_FILES': '/etc/gtk-2.0/gtkrc:/home/otischung/.gtkrc-2.0:/home/otischung/.config/gtkrc-2.0', 'PATH': '/opt/ros/humble/bin:/usr/local/sbin:/usr/local/bin:/usr/sbin:/usr/bin:/sbin:/bin:/usr/games:/usr/local/games:/snap/bin', 'XCURSOR_THEME': 'breeze_cursors', 'XDG_RUNTIME_DIR': '/run/user/1000', 'XDG_SESSION_PATH': '/org/freedesktop/DisplayManager/Session1', 'GDK_BACKEND': 'x11', 'DISPLAY': ':0', 'LANG': 'zh_TW.UTF-8', 'XDG_CURRENT_DESKTOP': 'KDE', 'VSCODE_INJECTION': '1', 'XAUTHORITY': '/home/otischung/.Xauthority', 'XDG_SESSION_DESKTOP': 'KDE', 'XMODIFIERS': '@im=ibus', 'LS_COLORS': 'di=1;34:ln=35:so=32:pi=33:ex=31:bd=1;36:cd=1;33:su=30;41:sg=30;46:tw=30;42:ow=30;43', 'TERM_PROGRAM': 'vscode', 'VSCODE_GIT_IPC_HANDLE': '/run/user/1000/vscode-git-d1ca1d175d.sock', 'SSH_AUTH_SOCK': '/tmp/ssh-XXXXXXpbpJfe/agent.1544', 'AMENT_PREFIX_PATH': '/home/otischung/DATA/workspace/ros2_ws/install/test_node:/home/otischung/DATA/workspace/ros2_ws/install/template:/home/otischung/DATA/workspace/ros2_ws/install/pros_library:/home/otischung/DATA/workspace/ros2_ws/install/monitor_system:/home/otischung/DATA/workspace/ros2_ws/install/system_interfaces:/home/otischung/DATA/workspace/ros2_ws/install/my_py_pkg:/opt/ros/humble', 'ORIGINAL_XDG_CURRENT_DESKTOP': 'KDE', 'SHELL': '/usr/bin/zsh', 'QT_ACCESSIBILITY': '1', 'KONSOLE_DBUS_SERVICE': ':1.81', 'LESS_TERMCAP_mb': '\x1b[1;31m', 'GPG_AGENT_INFO': '/run/user/1000/gnupg/S.gpg-agent:0:1', 'P9K_SSH': '0', 'QT_IM_MODULE': 'ibus', 'XDG_VTNR': '1', 'LESS_TERMCAP_md': '\x1b[1;31m', 'VSCODE_GIT_ASKPASS_EXTRA_ARGS': '--ms-enable-electron-run-as-node', 'VSCODE_NONCE': '50c79f29-c18e-4c37-8ffc-5034b819b35a', 'PWD': '/home/otischung/DATA/workspace/ros2_ws/build/my-test-package', 'LESS_TERMCAP_me': '\x1b[0m', 'CLUTTER_IM_MODULE': 'ibus', 'XDG_CONFIG_DIRS': '/home/otischung/.config/kdedefaults:/etc/xdg/xdg-plasma:/etc/xdg', 'XDG_DATA_DIRS': '/usr/share/plasma:/usr/local/share/:/usr/share/', '_P9K_TTY': '/dev/pts/2', 'ZDOTDIR': '/home/otischung', 'PYTHONPATH': '/home/otischung/DATA/workspace/ros2_ws/build/my-test-package/prefix_override:/home/otischung/DATA/workspace/ros2_ws/install/my-test-package/lib/python3.10/site-packages:/home/otischung/DATA/workspace/ros2_ws/install/test_node/lib/python3.10/site-packages:/home/otischung/DATA/workspace/ros2_ws/install/template/lib/python3.10/site-packages:/home/otischung/DATA/workspace/ros2_ws/install/pros_library/lib/python3.10/site-packages:/home/otischung/DATA/workspace/ros2_ws/install/system_interfaces/local/lib/python3.10/dist-packages:/home/otischung/DATA/workspace/ros2_ws/install/my_py_pkg/lib/python3.10/site-packages:/home/otischung/DATA/workspace/ros2_ws/install/my-test-package/lib/python3.10/site-packages:/opt/ros/humble/lib/python3.10/site-packages:/opt/ros/humble/local/lib/python3.10/dist-packages', 'KDE_SESSION_UID': '1000', 'COLCON': '1', 'CMAKE_PREFIX_PATH': '/home/otischung/DATA/workspace/ros2_ws/install/monitor_system:/home/otischung/DATA/workspace/ros2_ws/install/system_interfaces'}, 'shell': False}
[0.960591] (monitor_system) StdoutLine: {'line': b'\x1b[35m\x1b[1mConsolidate compiler generated dependencies of target syslog\x1b[0m\n'}
[0.960794] (monitor_system) StdoutLine: {'line': b'\x1b[35m\x1b[1mConsolidate compiler generated dependencies of target watchdog\x1b[0m\n'}
[0.977980] (monitor_system) StdoutLine: {'line': b'[ 75%] Built target watchdog\n'}
[0.978303] (monitor_system) StdoutLine: {'line': b'[100%] Built target syslog\n'}
[0.988556] (monitor_system) CommandEnded: {'returncode': 0}
[1.000326] (-) TimerEvent: {}
[1.015766] (monitor_system) JobProgress: {'identifier': 'monitor_system', 'progress': 'install'}
[1.015924] (monitor_system) Command: {'cmd': ['/usr/bin/cmake', '--install', '/home/otischung/DATA/workspace/ros2_ws/build/monitor_system'], 'cwd': '/home/otischung/DATA/workspace/ros2_ws/build/monitor_system', 'env': OrderedDict([('KDE_FULL_SESSION', 'true'), ('PROFILEHOME', ''), ('LANGUAGE', 'zh_TW:zh'), ('PAM_KWALLET5_LOGIN', '/run/user/1000/kwallet5.socket'), ('USER', 'otischung'), ('LESS_TERMCAP_ue', '\x1b[0m'), ('XDG_SEAT', 'seat0'), ('SSH_AGENT_PID', '1640'), ('XDG_SESSION_TYPE', 'x11'), ('GIT_ASKPASS', '/usr/share/code/resources/app/extensions/git/dist/askpass.sh'), ('KONSOLE_VERSION', '211203'), ('SHLVL', '2'), ('XCURSOR_SIZE', '24'), ('GREP_COLOR', '37;45'), ('LD_LIBRARY_PATH', '/home/otischung/DATA/workspace/ros2_ws/install/system_interfaces/lib:/opt/ros/humble/opt/rviz_ogre_vendor/lib:/opt/ros/humble/lib/x86_64-linux-gnu:/opt/ros/humble/lib'), ('HOME', '/home/otischung'), ('KDE_APPLICATIONS_AS_SCOPE', '1'), ('OLDPWD', '/home/otischung/DATA/workspace/ros2_ws/install/template/lib/python3.10/site-packages/template'), ('CHROME_DESKTOP', 'code-url-handler.desktop'), ('DESKTOP_SESSION', 'plasma'), ('TERM_PROGRAM_VERSION', '1.82.2'), ('GTK_MODULES', 'gail:atk-bridge'), ('GTK_RC_FILES', '/etc/gtk/gtkrc:/home/otischung/.gtkrc:/home/otischung/.config/gtkrc'), ('KDE_SESSION_VERSION', '5'), ('SHELL_SESSION_ID', 'ca8f327f8dd84ac98eac53a239715610'), ('XDG_SEAT_PATH', '/org/freedesktop/DisplayManager/Seat0'), ('PAGER', 'less'), ('ROS_PYTHON_VERSION', '3'), ('VSCODE_GIT_ASKPASS_MAIN', '/usr/share/code/resources/app/extensions/git/dist/askpass-main.js'), ('KONSOLE_DBUS_SESSION', '/Sessions/1'), ('GREP_COLORS', 'mt=37;45'), ('VSCODE_GIT_ASKPASS_NODE', '/usr/share/code/code'), ('DBUS_SESSION_BUS_ADDRESS', 'unix:path=/run/user/1000/bus'), ('SYSTEMD_EXEC_PID', '1462'), ('P9K_TTY', 'old'), ('COLORTERM', 'truecolor'), ('KONSOLE_DBUS_WINDOW', '/Windows/1'), ('MANDATORY_PATH', '/usr/share/gconf/plasma.mandatory.path'), ('ROS_DISTRO', 'humble'), ('COLCON_PREFIX_PATH', '/home/otischung/DATA/workspace/ros2_ws/install'), ('GTK_IM_MODULE', 'ibus'), ('LOGNAME', 'otischung'), ('QT_AUTO_SCREEN_SCALE_FACTOR', '0'), ('WINDOWID', '79691783'), ('_', '/usr/bin/colcon'), ('LESS_TERMCAP_us', '\x1b[1;32m'), ('_P9K_SSH_TTY', '/dev/pts/2'), ('COLORFGBG', '15;0'), ('DEFAULTS_PATH', '/usr/share/gconf/plasma.default.path'), ('XDG_SESSION_CLASS', 'user'), ('ROS_VERSION', '2'), ('USER_ZDOTDIR', '/home/otischung'), ('TERM', 'xterm-256color'), ('XDG_SESSION_ID', '3'), ('ROS_LOCALHOST_ONLY', '0'), ('GTK2_RC_FILES', '/etc/gtk-2.0/gtkrc:/home/otischung/.gtkrc-2.0:/home/otischung/.config/gtkrc-2.0'), ('PATH', '/opt/ros/humble/bin:/usr/local/sbin:/usr/local/bin:/usr/sbin:/usr/bin:/sbin:/bin:/usr/games:/usr/local/games:/snap/bin'), ('XCURSOR_THEME', 'breeze_cursors'), ('XDG_RUNTIME_DIR', '/run/user/1000'), ('XDG_SESSION_PATH', '/org/freedesktop/DisplayManager/Session1'), ('GDK_BACKEND', 'x11'), ('DISPLAY', ':0'), ('LANG', 'zh_TW.UTF-8'), ('XDG_CURRENT_DESKTOP', 'KDE'), ('VSCODE_INJECTION', '1'), ('XAUTHORITY', '/home/otischung/.Xauthority'), ('XDG_SESSION_DESKTOP', 'KDE'), ('XMODIFIERS', '@im=ibus'), ('LS_COLORS', 'di=1;34:ln=35:so=32:pi=33:ex=31:bd=1;36:cd=1;33:su=30;41:sg=30;46:tw=30;42:ow=30;43'), ('TERM_PROGRAM', 'vscode'), ('VSCODE_GIT_IPC_HANDLE', '/run/user/1000/vscode-git-d1ca1d175d.sock'), ('SSH_AUTH_SOCK', '/tmp/ssh-XXXXXXpbpJfe/agent.1544'), ('AMENT_PREFIX_PATH', '/home/otischung/DATA/workspace/ros2_ws/install/test_node:/home/otischung/DATA/workspace/ros2_ws/install/template:/home/otischung/DATA/workspace/ros2_ws/install/pros_library:/home/otischung/DATA/workspace/ros2_ws/install/monitor_system:/home/otischung/DATA/workspace/ros2_ws/install/system_interfaces:/home/otischung/DATA/workspace/ros2_ws/install/my_py_pkg:/opt/ros/humble'), ('ORIGINAL_XDG_CURRENT_DESKTOP', 'KDE'), ('SHELL', '/usr/bin/zsh'), ('QT_ACCESSIBILITY', '1'), ('KONSOLE_DBUS_SERVICE', ':1.81'), ('LESS_TERMCAP_mb', '\x1b[1;31m'), ('GPG_AGENT_INFO', '/run/user/1000/gnupg/S.gpg-agent:0:1'), ('P9K_SSH', '0'), ('QT_IM_MODULE', 'ibus'), ('XDG_VTNR', '1'), ('LESS_TERMCAP_md', '\x1b[1;31m'), ('VSCODE_GIT_ASKPASS_EXTRA_ARGS', '--ms-enable-electron-run-as-node'), ('VSCODE_NONCE', '50c79f29-c18e-4c37-8ffc-5034b819b35a'), ('PWD', '/home/otischung/DATA/workspace/ros2_ws/build/monitor_system'), ('LESS_TERMCAP_me', '\x1b[0m'), ('CLUTTER_IM_MODULE', 'ibus'), ('XDG_CONFIG_DIRS', '/home/otischung/.config/kdedefaults:/etc/xdg/xdg-plasma:/etc/xdg'), ('XDG_DATA_DIRS', '/usr/share/plasma:/usr/local/share/:/usr/share/'), ('_P9K_TTY', '/dev/pts/2'), ('ZDOTDIR', '/home/otischung'), ('PYTHONPATH', '/home/otischung/DATA/workspace/ros2_ws/install/test_node/lib/python3.10/site-packages:/home/otischung/DATA/workspace/ros2_ws/install/template/lib/python3.10/site-packages:/home/otischung/DATA/workspace/ros2_ws/install/pros_library/lib/python3.10/site-packages:/home/otischung/DATA/workspace/ros2_ws/install/system_interfaces/local/lib/python3.10/dist-packages:/home/otischung/DATA/workspace/ros2_ws/install/my_py_pkg/lib/python3.10/site-packages:/home/otischung/DATA/workspace/ros2_ws/install/my-test-package/lib/python3.10/site-packages:/opt/ros/humble/lib/python3.10/site-packages:/opt/ros/humble/local/lib/python3.10/dist-packages'), ('KDE_SESSION_UID', '1000'), ('COLCON', '1'), ('CMAKE_PREFIX_PATH', '/home/otischung/DATA/workspace/ros2_ws/install/system_interfaces:/home/otischung/DATA/workspace/ros2_ws/install/monitor_system:/home/otischung/DATA/workspace/ros2_ws/install/test_node:/home/otischung/DATA/workspace/ros2_ws/install/template:/home/otischung/DATA/workspace/ros2_ws/install/pros_library:/home/otischung/DATA/workspace/ros2_ws/install/my_py_pkg:/opt/ros/humble')]), 'shell': False}
[1.023550] (monitor_system) StdoutLine: {'line': b'-- Install configuration: ""\n'}
[1.023905] (monitor_system) StdoutLine: {'line': b'-- Up-to-date: /home/otischung/DATA/workspace/ros2_ws/install/monitor_system/lib/monitor_system/syslog\n'}
[1.024467] (monitor_system) StdoutLine: {'line': b'-- Up-to-date: /home/otischung/DATA/workspace/ros2_ws/install/monitor_system/lib/monitor_system/watchdog\n'}
[1.024808] (monitor_system) StdoutLine: {'line': b'-- Up-to-date: /home/otischung/DATA/workspace/ros2_ws/install/monitor_system/share/ament_index/resource_index/package_run_dependencies/monitor_system\n'}
[1.025048] (monitor_system) StdoutLine: {'line': b'-- Up-to-date: /home/otischung/DATA/workspace/ros2_ws/install/monitor_system/share/ament_index/resource_index/parent_prefix_path/monitor_system\n'}
[1.025345] (monitor_system) StdoutLine: {'line': b'-- Up-to-date: /home/otischung/DATA/workspace/ros2_ws/install/monitor_system/share/monitor_system/environment/ament_prefix_path.sh\n'}
[1.025538] (monitor_system) StdoutLine: {'line': b'-- Up-to-date: /home/otischung/DATA/workspace/ros2_ws/install/monitor_system/share/monitor_system/environment/ament_prefix_path.dsv\n'}
[1.025681] (monitor_system) StdoutLine: {'line': b'-- Up-to-date: /home/otischung/DATA/workspace/ros2_ws/install/monitor_system/share/monitor_system/environment/path.sh\n'}
[1.025810] (monitor_system) StdoutLine: {'line': b'-- Up-to-date: /home/otischung/DATA/workspace/ros2_ws/install/monitor_system/share/monitor_system/environment/path.dsv\n'}
[1.025980] (monitor_system) StdoutLine: {'line': b'-- Up-to-date: /home/otischung/DATA/workspace/ros2_ws/install/monitor_system/share/monitor_system/local_setup.bash\n'}
[1.026122] (monitor_system) StdoutLine: {'line': b'-- Up-to-date: /home/otischung/DATA/workspace/ros2_ws/install/monitor_system/share/monitor_system/local_setup.sh\n'}
[1.026234] (monitor_system) StdoutLine: {'line': b'-- Up-to-date: /home/otischung/DATA/workspace/ros2_ws/install/monitor_system/share/monitor_system/local_setup.zsh\n'}
[1.026349] (monitor_system) StdoutLine: {'line': b'-- Up-to-date: /home/otischung/DATA/workspace/ros2_ws/install/monitor_system/share/monitor_system/local_setup.dsv\n'}
[1.026466] (monitor_system) StdoutLine: {'line': b'-- Installing: /home/otischung/DATA/workspace/ros2_ws/install/monitor_system/share/monitor_system/package.dsv\n'}
[1.026586] (monitor_system) StdoutLine: {'line': b'-- Up-to-date: /home/otischung/DATA/workspace/ros2_ws/install/monitor_system/share/ament_index/resource_index/packages/monitor_system\n'}
[1.026706] (monitor_system) StdoutLine: {'line': b'-- Up-to-date: /home/otischung/DATA/workspace/ros2_ws/install/monitor_system/share/monitor_system/cmake/monitor_systemConfig.cmake\n'}
[1.026827] (monitor_system) StdoutLine: {'line': b'-- Up-to-date: /home/otischung/DATA/workspace/ros2_ws/install/monitor_system/share/monitor_system/cmake/monitor_systemConfig-version.cmake\n'}
[1.026954] (monitor_system) StdoutLine: {'line': b'-- Up-to-date: /home/otischung/DATA/workspace/ros2_ws/install/monitor_system/share/monitor_system/package.xml\n'}
[1.027858] (monitor_system) CommandEnded: {'returncode': 0}
[1.084042] (monitor_system) JobEnded: {'identifier': 'monitor_system', 'rc': 0}
[1.100434] (-) TimerEvent: {}
[1.191577] (my-test-package) StdoutLine: {'line': b'running egg_info\n'}
[1.192032] (my-test-package) StdoutLine: {'line': b'writing ../../../../../../../../build/my-test-package/my_test_package.egg-info/PKG-INFO\n'}
[1.192250] (my-test-package) StdoutLine: {'line': b'writing dependency_links to ../../../../../../../../build/my-test-package/my_test_package.egg-info/dependency_links.txt\n'}
[1.192422] (my-test-package) StdoutLine: {'line': b'writing top-level names to ../../../../../../../../build/my-test-package/my_test_package.egg-info/top_level.txt\n'}
[1.193033] (my-test-package) StdoutLine: {'line': b"reading manifest file '../../../../../../../../build/my-test-package/my_test_package.egg-info/SOURCES.txt'\n"}
[1.193684] (my-test-package) StdoutLine: {'line': b"writing manifest file '../../../../../../../../build/my-test-package/my_test_package.egg-info/SOURCES.txt'\n"}
[1.193850] (my-test-package) StdoutLine: {'line': b'running build\n'}
[1.193939] (my-test-package) StdoutLine: {'line': b'running install\n'}
[1.194119] (my-test-package) StdoutLine: {'line': b'running install_egg_info\n'}
[1.195754] (my-test-package) StdoutLine: {'line': b"removing '/home/otischung/DATA/workspace/ros2_ws/install/my-test-package/lib/python3.10/site-packages/my_test_package-1.0-py3.10.egg-info' (and everything under it)\n"}
[1.196016] (my-test-package) StdoutLine: {'line': b'Copying ../../../../../../../../build/my-test-package/my_test_package.egg-info to /home/otischung/DATA/workspace/ros2_ws/install/my-test-package/lib/python3.10/site-packages/my_test_package-1.0-py3.10.egg-info\n'}
[1.196616] (my-test-package) StdoutLine: {'line': b'running install_scripts\n'}
[1.200533] (-) TimerEvent: {}
[1.213792] (my-test-package) StdoutLine: {'line': b"writing list of installed files to '/home/otischung/DATA/workspace/ros2_ws/build/my-test-package/install.log'\n"}
[1.237378] (my-test-package) CommandEnded: {'returncode': 0}
[1.247885] (my-test-package) JobEnded: {'identifier': 'my-test-package', 'rc': 0}
[1.282741] (pros_library) Command: {'cmd': ['/usr/bin/python3', 'setup.py', 'egg_info', '--egg-base', '../../build/pros_library', 'build', '--build-base', '/home/otischung/DATA/workspace/ros2_ws/build/pros_library/build', 'install', '--record', '/home/otischung/DATA/workspace/ros2_ws/build/pros_library/install.log', '--single-version-externally-managed'], 'cwd': '/home/otischung/DATA/workspace/ros2_ws/src/pros_library', 'env': {'KDE_FULL_SESSION': 'true', 'PROFILEHOME': '', 'LANGUAGE': 'zh_TW:zh', 'PAM_KWALLET5_LOGIN': '/run/user/1000/kwallet5.socket', 'USER': 'otischung', 'LESS_TERMCAP_ue': '\x1b[0m', 'XDG_SEAT': 'seat0', 'SSH_AGENT_PID': '1640', 'XDG_SESSION_TYPE': 'x11', 'GIT_ASKPASS': '/usr/share/code/resources/app/extensions/git/dist/askpass.sh', 'KONSOLE_VERSION': '211203', 'SHLVL': '2', 'XCURSOR_SIZE': '24', 'GREP_COLOR': '37;45', 'LD_LIBRARY_PATH': '/home/otischung/DATA/workspace/ros2_ws/install/system_interfaces/lib:/opt/ros/humble/opt/rviz_ogre_vendor/lib:/opt/ros/humble/lib/x86_64-linux-gnu:/opt/ros/humble/lib', 'HOME': '/home/otischung', 'KDE_APPLICATIONS_AS_SCOPE': '1', 'OLDPWD': '/home/otischung/DATA/workspace/ros2_ws/install/template/lib/python3.10/site-packages/template', 'CHROME_DESKTOP': 'code-url-handler.desktop', 'DESKTOP_SESSION': 'plasma', 'TERM_PROGRAM_VERSION': '1.82.2', 'GTK_MODULES': 'gail:atk-bridge', 'GTK_RC_FILES': '/etc/gtk/gtkrc:/home/otischung/.gtkrc:/home/otischung/.config/gtkrc', 'KDE_SESSION_VERSION': '5', 'SHELL_SESSION_ID': 'ca8f327f8dd84ac98eac53a239715610', 'XDG_SEAT_PATH': '/org/freedesktop/DisplayManager/Seat0', 'PAGER': 'less', 'ROS_PYTHON_VERSION': '3', 'VSCODE_GIT_ASKPASS_MAIN': '/usr/share/code/resources/app/extensions/git/dist/askpass-main.js', 'KONSOLE_DBUS_SESSION': '/Sessions/1', 'GREP_COLORS': 'mt=37;45', 'VSCODE_GIT_ASKPASS_NODE': '/usr/share/code/code', 'DBUS_SESSION_BUS_ADDRESS': 'unix:path=/run/user/1000/bus', 'SYSTEMD_EXEC_PID': '1462', 'P9K_TTY': 'old', 'COLORTERM': 'truecolor', 'KONSOLE_DBUS_WINDOW': '/Windows/1', 'MANDATORY_PATH': '/usr/share/gconf/plasma.mandatory.path', 'ROS_DISTRO': 'humble', 'COLCON_PREFIX_PATH': '/home/otischung/DATA/workspace/ros2_ws/install', 'GTK_IM_MODULE': 'ibus', 'LOGNAME': 'otischung', 'QT_AUTO_SCREEN_SCALE_FACTOR': '0', 'WINDOWID': '79691783', '_': '/usr/bin/colcon', 'LESS_TERMCAP_us': '\x1b[1;32m', '_P9K_SSH_TTY': '/dev/pts/2', 'COLORFGBG': '15;0', 'DEFAULTS_PATH': '/usr/share/gconf/plasma.default.path', 'XDG_SESSION_CLASS': 'user', 'ROS_VERSION': '2', 'USER_ZDOTDIR': '/home/otischung', 'TERM': 'xterm-256color', 'XDG_SESSION_ID': '3', 'ROS_LOCALHOST_ONLY': '0', 'GTK2_RC_FILES': '/etc/gtk-2.0/gtkrc:/home/otischung/.gtkrc-2.0:/home/otischung/.config/gtkrc-2.0', 'PATH': '/opt/ros/humble/bin:/usr/local/sbin:/usr/local/bin:/usr/sbin:/usr/bin:/sbin:/bin:/usr/games:/usr/local/games:/snap/bin', 'XCURSOR_THEME': 'breeze_cursors', 'XDG_RUNTIME_DIR': '/run/user/1000', 'XDG_SESSION_PATH': '/org/freedesktop/DisplayManager/Session1', 'GDK_BACKEND': 'x11', 'DISPLAY': ':0', 'LANG': 'zh_TW.UTF-8', 'XDG_CURRENT_DESKTOP': 'KDE', 'VSCODE_INJECTION': '1', 'XAUTHORITY': '/home/otischung/.Xauthority', 'XDG_SESSION_DESKTOP': 'KDE', 'XMODIFIERS': '@im=ibus', 'LS_COLORS': 'di=1;34:ln=35:so=32:pi=33:ex=31:bd=1;36:cd=1;33:su=30;41:sg=30;46:tw=30;42:ow=30;43', 'TERM_PROGRAM': 'vscode', 'VSCODE_GIT_IPC_HANDLE': '/run/user/1000/vscode-git-d1ca1d175d.sock', 'SSH_AUTH_SOCK': '/tmp/ssh-XXXXXXpbpJfe/agent.1544', 'AMENT_PREFIX_PATH': '/home/otischung/DATA/workspace/ros2_ws/install/test_node:/home/otischung/DATA/workspace/ros2_ws/install/template:/home/otischung/DATA/workspace/ros2_ws/install/pros_library:/home/otischung/DATA/workspace/ros2_ws/install/monitor_system:/home/otischung/DATA/workspace/ros2_ws/install/system_interfaces:/home/otischung/DATA/workspace/ros2_ws/install/my_py_pkg:/opt/ros/humble', 'ORIGINAL_XDG_CURRENT_DESKTOP': 'KDE', 'SHELL': '/usr/bin/zsh', 'QT_ACCESSIBILITY': '1', 'KONSOLE_DBUS_SERVICE': ':1.81', 'LESS_TERMCAP_mb': '\x1b[1;31m', 'GPG_AGENT_INFO': '/run/user/1000/gnupg/S.gpg-agent:0:1', 'P9K_SSH': '0', 'QT_IM_MODULE': 'ibus', 'XDG_VTNR': '1', 'LESS_TERMCAP_md': '\x1b[1;31m', 'VSCODE_GIT_ASKPASS_EXTRA_ARGS': '--ms-enable-electron-run-as-node', 'VSCODE_NONCE': '50c79f29-c18e-4c37-8ffc-5034b819b35a', 'PWD': '/home/otischung/DATA/workspace/ros2_ws/build/pros_library', 'LESS_TERMCAP_me': '\x1b[0m', 'CLUTTER_IM_MODULE': 'ibus', 'XDG_CONFIG_DIRS': '/home/otischung/.config/kdedefaults:/etc/xdg/xdg-plasma:/etc/xdg', 'XDG_DATA_DIRS': '/usr/share/plasma:/usr/local/share/:/usr/share/', '_P9K_TTY': '/dev/pts/2', 'ZDOTDIR': '/home/otischung', 'PYTHONPATH': '/home/otischung/DATA/workspace/ros2_ws/build/pros_library/prefix_override:/home/otischung/DATA/workspace/ros2_ws/install/pros_library/lib/python3.10/site-packages:/home/otischung/DATA/workspace/ros2_ws/install/test_node/lib/python3.10/site-packages:/home/otischung/DATA/workspace/ros2_ws/install/template/lib/python3.10/site-packages:/home/otischung/DATA/workspace/ros2_ws/install/pros_library/lib/python3.10/site-packages:/home/otischung/DATA/workspace/ros2_ws/install/system_interfaces/local/lib/python3.10/dist-packages:/home/otischung/DATA/workspace/ros2_ws/install/my_py_pkg/lib/python3.10/site-packages:/home/otischung/DATA/workspace/ros2_ws/install/my-test-package/lib/python3.10/site-packages:/opt/ros/humble/lib/python3.10/site-packages:/opt/ros/humble/local/lib/python3.10/dist-packages', 'KDE_SESSION_UID': '1000', 'COLCON': '1', 'CMAKE_PREFIX_PATH': '/home/otischung/DATA/workspace/ros2_ws/install/system_interfaces:/home/otischung/DATA/workspace/ros2_ws/install/monitor_system'}, 'shell': False}
[1.300646] (-) TimerEvent: {}
[1.400878] (-) TimerEvent: {}
[1.501114] (-) TimerEvent: {}
[1.524191] (pros_library) StdoutLine: {'line': b'running egg_info\n'}
[1.524714] (pros_library) StdoutLine: {'line': b'writing ../../build/pros_library/pros_library.egg-info/PKG-INFO\n'}
[1.524982] (pros_library) StdoutLine: {'line': b'writing dependency_links to ../../build/pros_library/pros_library.egg-info/dependency_links.txt\n'}
[1.525218] (pros_library) StdoutLine: {'line': b'writing entry points to ../../build/pros_library/pros_library.egg-info/entry_points.txt\n'}
[1.525300] (pros_library) StdoutLine: {'line': b'writing requirements to ../../build/pros_library/pros_library.egg-info/requires.txt\n'}
[1.525361] (pros_library) StdoutLine: {'line': b'writing top-level names to ../../build/pros_library/pros_library.egg-info/top_level.txt\n'}
[1.526732] (pros_library) StdoutLine: {'line': b"reading manifest file '../../build/pros_library/pros_library.egg-info/SOURCES.txt'\n"}
[1.527450] (pros_library) StdoutLine: {'line': b"writing manifest file '../../build/pros_library/pros_library.egg-info/SOURCES.txt'\n"}
[1.527703] (pros_library) StdoutLine: {'line': b'running build\n'}
[1.527770] (pros_library) StdoutLine: {'line': b'running build_py\n'}
[1.527867] (pros_library) StdoutLine: {'line': b'running install\n'}
[1.528208] (pros_library) StdoutLine: {'line': b'running install_lib\n'}
[1.529143] (pros_library) StdoutLine: {'line': b'running install_data\n'}
[1.529468] (pros_library) StdoutLine: {'line': b'running install_egg_info\n'}
[1.530743] (pros_library) StdoutLine: {'line': b"removing '/home/otischung/DATA/workspace/ros2_ws/install/pros_library/lib/python3.10/site-packages/pros_library-0.0.0-py3.10.egg-info' (and everything under it)\n"}
[1.531000] (pros_library) StdoutLine: {'line': b'Copying ../../build/pros_library/pros_library.egg-info to /home/otischung/DATA/workspace/ros2_ws/install/pros_library/lib/python3.10/site-packages/pros_library-0.0.0-py3.10.egg-info\n'}
[1.531666] (pros_library) StdoutLine: {'line': b'running install_scripts\n'}
[1.548141] (pros_library) StdoutLine: {'line': b"writing list of installed files to '/home/otischung/DATA/workspace/ros2_ws/build/pros_library/install.log'\n"}
[1.566403] (pros_library) CommandEnded: {'returncode': 0}
[1.573425] (pros_library) JobEnded: {'identifier': 'pros_library', 'rc': 0}
[1.575510] (template) JobStarted: {'identifier': 'template'}
[1.581148] (test_node) JobStarted: {'identifier': 'test_node'}
[1.601248] (-) TimerEvent: {}
[1.701473] (-) TimerEvent: {}
[1.801710] (-) TimerEvent: {}
[1.901944] (-) TimerEvent: {}
[2.002180] (-) TimerEvent: {}
[2.102408] (-) TimerEvent: {}
[2.202629] (-) TimerEvent: {}
[2.302865] (-) TimerEvent: {}
[2.403157] (-) TimerEvent: {}
[2.421555] (template) Command: {'cmd': ['/usr/bin/python3', 'setup.py', 'egg_info', '--egg-base', '../../build/template', 'build', '--build-base', '/home/otischung/DATA/workspace/ros2_ws/build/template/build', 'install', '--record', '/home/otischung/DATA/workspace/ros2_ws/build/template/install.log', '--single-version-externally-managed'], 'cwd': '/home/otischung/DATA/workspace/ros2_ws/src/template', 'env': {'KDE_FULL_SESSION': 'true', 'PROFILEHOME': '', 'LANGUAGE': 'zh_TW:zh', 'PAM_KWALLET5_LOGIN': '/run/user/1000/kwallet5.socket', 'USER': 'otischung', 'LESS_TERMCAP_ue': '\x1b[0m', 'XDG_SEAT': 'seat0', 'SSH_AGENT_PID': '1640', 'XDG_SESSION_TYPE': 'x11', 'GIT_ASKPASS': '/usr/share/code/resources/app/extensions/git/dist/askpass.sh', 'KONSOLE_VERSION': '211203', 'SHLVL': '2', 'XCURSOR_SIZE': '24', 'GREP_COLOR': '37;45', 'LD_LIBRARY_PATH': '/home/otischung/DATA/workspace/ros2_ws/install/system_interfaces/lib:/opt/ros/humble/opt/rviz_ogre_vendor/lib:/opt/ros/humble/lib/x86_64-linux-gnu:/opt/ros/humble/lib', 'HOME': '/home/otischung', 'KDE_APPLICATIONS_AS_SCOPE': '1', 'OLDPWD': '/home/otischung/DATA/workspace/ros2_ws/install/template/lib/python3.10/site-packages/template', 'CHROME_DESKTOP': 'code-url-handler.desktop', 'DESKTOP_SESSION': 'plasma', 'TERM_PROGRAM_VERSION': '1.82.2', 'GTK_MODULES': 'gail:atk-bridge', 'GTK_RC_FILES': '/etc/gtk/gtkrc:/home/otischung/.gtkrc:/home/otischung/.config/gtkrc', 'KDE_SESSION_VERSION': '5', 'SHELL_SESSION_ID': 'ca8f327f8dd84ac98eac53a239715610', 'XDG_SEAT_PATH': '/org/freedesktop/DisplayManager/Seat0', 'PAGER': 'less', 'ROS_PYTHON_VERSION': '3', 'VSCODE_GIT_ASKPASS_MAIN': '/usr/share/code/resources/app/extensions/git/dist/askpass-main.js', 'KONSOLE_DBUS_SESSION': '/Sessions/1', 'GREP_COLORS': 'mt=37;45', 'VSCODE_GIT_ASKPASS_NODE': '/usr/share/code/code', 'DBUS_SESSION_BUS_ADDRESS': 'unix:path=/run/user/1000/bus', 'SYSTEMD_EXEC_PID': '1462', 'P9K_TTY': 'old', 'COLORTERM': 'truecolor', 'KONSOLE_DBUS_WINDOW': '/Windows/1', 'MANDATORY_PATH': '/usr/share/gconf/plasma.mandatory.path', 'ROS_DISTRO': 'humble', 'COLCON_PREFIX_PATH': '/home/otischung/DATA/workspace/ros2_ws/install', 'GTK_IM_MODULE': 'ibus', 'LOGNAME': 'otischung', 'QT_AUTO_SCREEN_SCALE_FACTOR': '0', 'WINDOWID': '79691783', '_': '/usr/bin/colcon', 'LESS_TERMCAP_us': '\x1b[1;32m', '_P9K_SSH_TTY': '/dev/pts/2', 'COLORFGBG': '15;0', 'DEFAULTS_PATH': '/usr/share/gconf/plasma.default.path', 'XDG_SESSION_CLASS': 'user', 'ROS_VERSION': '2', 'USER_ZDOTDIR': '/home/otischung', 'TERM': 'xterm-256color', 'XDG_SESSION_ID': '3', 'ROS_LOCALHOST_ONLY': '0', 'GTK2_RC_FILES': '/etc/gtk-2.0/gtkrc:/home/otischung/.gtkrc-2.0:/home/otischung/.config/gtkrc-2.0', 'PATH': '/opt/ros/humble/bin:/usr/local/sbin:/usr/local/bin:/usr/sbin:/usr/bin:/sbin:/bin:/usr/games:/usr/local/games:/snap/bin', 'XCURSOR_THEME': 'breeze_cursors', 'XDG_RUNTIME_DIR': '/run/user/1000', 'XDG_SESSION_PATH': '/org/freedesktop/DisplayManager/Session1', 'GDK_BACKEND': 'x11', 'DISPLAY': ':0', 'LANG': 'zh_TW.UTF-8', 'XDG_CURRENT_DESKTOP': 'KDE', 'VSCODE_INJECTION': '1', 'XAUTHORITY': '/home/otischung/.Xauthority', 'XDG_SESSION_DESKTOP': 'KDE', 'XMODIFIERS': '@im=ibus', 'LS_COLORS': 'di=1;34:ln=35:so=32:pi=33:ex=31:bd=1;36:cd=1;33:su=30;41:sg=30;46:tw=30;42:ow=30;43', 'TERM_PROGRAM': 'vscode', 'VSCODE_GIT_IPC_HANDLE': '/run/user/1000/vscode-git-d1ca1d175d.sock', 'SSH_AUTH_SOCK': '/tmp/ssh-XXXXXXpbpJfe/agent.1544', 'AMENT_PREFIX_PATH': '/home/otischung/DATA/workspace/ros2_ws/install/pros_library:/home/otischung/DATA/workspace/ros2_ws/install/test_node:/home/otischung/DATA/workspace/ros2_ws/install/template:/home/otischung/DATA/workspace/ros2_ws/install/monitor_system:/home/otischung/DATA/workspace/ros2_ws/install/system_interfaces:/home/otischung/DATA/workspace/ros2_ws/install/my_py_pkg:/opt/ros/humble', 'ORIGINAL_XDG_CURRENT_DESKTOP': 'KDE', 'SHELL': '/usr/bin/zsh', 'QT_ACCESSIBILITY': '1', 'KONSOLE_DBUS_SERVICE': ':1.81', 'LESS_TERMCAP_mb': '\x1b[1;31m', 'GPG_AGENT_INFO': '/run/user/1000/gnupg/S.gpg-agent:0:1', 'P9K_SSH': '0', 'QT_IM_MODULE': 'ibus', 'XDG_VTNR': '1', 'LESS_TERMCAP_md': '\x1b[1;31m', 'VSCODE_GIT_ASKPASS_EXTRA_ARGS': '--ms-enable-electron-run-as-node', 'VSCODE_NONCE': '50c79f29-c18e-4c37-8ffc-5034b819b35a', 'PWD': '/home/otischung/DATA/workspace/ros2_ws/build/template', 'LESS_TERMCAP_me': '\x1b[0m', 'CLUTTER_IM_MODULE': 'ibus', 'XDG_CONFIG_DIRS': '/home/otischung/.config/kdedefaults:/etc/xdg/xdg-plasma:/etc/xdg', 'XDG_DATA_DIRS': '/usr/share/plasma:/usr/local/share/:/usr/share/', '_P9K_TTY': '/dev/pts/2', 'ZDOTDIR': '/home/otischung', 'PYTHONPATH': '/home/otischung/DATA/workspace/ros2_ws/build/template/prefix_override:/home/otischung/DATA/workspace/ros2_ws/install/template/lib/python3.10/site-packages:/home/otischung/DATA/workspace/ros2_ws/install/pros_library/lib/python3.10/site-packages:/home/otischung/DATA/workspace/ros2_ws/install/test_node/lib/python3.10/site-packages:/home/otischung/DATA/workspace/ros2_ws/install/template/lib/python3.10/site-packages:/home/otischung/DATA/workspace/ros2_ws/install/system_interfaces/local/lib/python3.10/dist-packages:/home/otischung/DATA/workspace/ros2_ws/install/my_py_pkg/lib/python3.10/site-packages:/home/otischung/DATA/workspace/ros2_ws/install/my-test-package/lib/python3.10/site-packages:/opt/ros/humble/lib/python3.10/site-packages:/opt/ros/humble/local/lib/python3.10/dist-packages', 'KDE_SESSION_UID': '1000', 'COLCON': '1', 'CMAKE_PREFIX_PATH': '/home/otischung/DATA/workspace/ros2_ws/install/system_interfaces:/home/otischung/DATA/workspace/ros2_ws/install/monitor_system'}, 'shell': False}
[2.424907] (test_node) Command: {'cmd': ['/usr/bin/python3', 'setup.py', 'egg_info', '--egg-base', '../../build/test_node', 'build', '--build-base', '/home/otischung/DATA/workspace/ros2_ws/build/test_node/build', 'install', '--record', '/home/otischung/DATA/workspace/ros2_ws/build/test_node/install.log', '--single-version-externally-managed'], 'cwd': '/home/otischung/DATA/workspace/ros2_ws/src/test_node', 'env': {'KDE_FULL_SESSION': 'true', 'PROFILEHOME': '', 'LANGUAGE': 'zh_TW:zh', 'PAM_KWALLET5_LOGIN': '/run/user/1000/kwallet5.socket', 'USER': 'otischung', 'LESS_TERMCAP_ue': '\x1b[0m', 'XDG_SEAT': 'seat0', 'SSH_AGENT_PID': '1640', 'XDG_SESSION_TYPE': 'x11', 'GIT_ASKPASS': '/usr/share/code/resources/app/extensions/git/dist/askpass.sh', 'KONSOLE_VERSION': '211203', 'SHLVL': '2', 'XCURSOR_SIZE': '24', 'GREP_COLOR': '37;45', 'LD_LIBRARY_PATH': '/home/otischung/DATA/workspace/ros2_ws/install/system_interfaces/lib:/opt/ros/humble/opt/rviz_ogre_vendor/lib:/opt/ros/humble/lib/x86_64-linux-gnu:/opt/ros/humble/lib', 'HOME': '/home/otischung', 'KDE_APPLICATIONS_AS_SCOPE': '1', 'OLDPWD': '/home/otischung/DATA/workspace/ros2_ws/install/template/lib/python3.10/site-packages/template', 'CHROME_DESKTOP': 'code-url-handler.desktop', 'DESKTOP_SESSION': 'plasma', 'TERM_PROGRAM_VERSION': '1.82.2', 'GTK_MODULES': 'gail:atk-bridge', 'GTK_RC_FILES': '/etc/gtk/gtkrc:/home/otischung/.gtkrc:/home/otischung/.config/gtkrc', 'KDE_SESSION_VERSION': '5', 'SHELL_SESSION_ID': 'ca8f327f8dd84ac98eac53a239715610', 'XDG_SEAT_PATH': '/org/freedesktop/DisplayManager/Seat0', 'PAGER': 'less', 'ROS_PYTHON_VERSION': '3', 'VSCODE_GIT_ASKPASS_MAIN': '/usr/share/code/resources/app/extensions/git/dist/askpass-main.js', 'KONSOLE_DBUS_SESSION': '/Sessions/1', 'GREP_COLORS': 'mt=37;45', 'VSCODE_GIT_ASKPASS_NODE': '/usr/share/code/code', 'DBUS_SESSION_BUS_ADDRESS': 'unix:path=/run/user/1000/bus', 'SYSTEMD_EXEC_PID': '1462', 'P9K_TTY': 'old', 'COLORTERM': 'truecolor', 'KONSOLE_DBUS_WINDOW': '/Windows/1', 'MANDATORY_PATH': '/usr/share/gconf/plasma.mandatory.path', 'ROS_DISTRO': 'humble', 'COLCON_PREFIX_PATH': '/home/otischung/DATA/workspace/ros2_ws/install', 'GTK_IM_MODULE': 'ibus', 'LOGNAME': 'otischung', 'QT_AUTO_SCREEN_SCALE_FACTOR': '0', 'WINDOWID': '79691783', '_': '/usr/bin/colcon', 'LESS_TERMCAP_us': '\x1b[1;32m', '_P9K_SSH_TTY': '/dev/pts/2', 'COLORFGBG': '15;0', 'DEFAULTS_PATH': '/usr/share/gconf/plasma.default.path', 'XDG_SESSION_CLASS': 'user', 'ROS_VERSION': '2', 'USER_ZDOTDIR': '/home/otischung', 'TERM': 'xterm-256color', 'XDG_SESSION_ID': '3', 'ROS_LOCALHOST_ONLY': '0', 'GTK2_RC_FILES': '/etc/gtk-2.0/gtkrc:/home/otischung/.gtkrc-2.0:/home/otischung/.config/gtkrc-2.0', 'PATH': '/opt/ros/humble/bin:/usr/local/sbin:/usr/local/bin:/usr/sbin:/usr/bin:/sbin:/bin:/usr/games:/usr/local/games:/snap/bin', 'XCURSOR_THEME': 'breeze_cursors', 'XDG_RUNTIME_DIR': '/run/user/1000', 'XDG_SESSION_PATH': '/org/freedesktop/DisplayManager/Session1', 'GDK_BACKEND': 'x11', 'DISPLAY': ':0', 'LANG': 'zh_TW.UTF-8', 'XDG_CURRENT_DESKTOP': 'KDE', 'VSCODE_INJECTION': '1', 'XAUTHORITY': '/home/otischung/.Xauthority', 'XDG_SESSION_DESKTOP': 'KDE', 'XMODIFIERS': '@im=ibus', 'LS_COLORS': 'di=1;34:ln=35:so=32:pi=33:ex=31:bd=1;36:cd=1;33:su=30;41:sg=30;46:tw=30;42:ow=30;43', 'TERM_PROGRAM': 'vscode', 'VSCODE_GIT_IPC_HANDLE': '/run/user/1000/vscode-git-d1ca1d175d.sock', 'SSH_AUTH_SOCK': '/tmp/ssh-XXXXXXpbpJfe/agent.1544', 'AMENT_PREFIX_PATH': '/home/otischung/DATA/workspace/ros2_ws/install/pros_library:/home/otischung/DATA/workspace/ros2_ws/install/test_node:/home/otischung/DATA/workspace/ros2_ws/install/template:/home/otischung/DATA/workspace/ros2_ws/install/monitor_system:/home/otischung/DATA/workspace/ros2_ws/install/system_interfaces:/home/otischung/DATA/workspace/ros2_ws/install/my_py_pkg:/opt/ros/humble', 'ORIGINAL_XDG_CURRENT_DESKTOP': 'KDE', 'SHELL': '/usr/bin/zsh', 'QT_ACCESSIBILITY': '1', 'KONSOLE_DBUS_SERVICE': ':1.81', 'LESS_TERMCAP_mb': '\x1b[1;31m', 'GPG_AGENT_INFO': '/run/user/1000/gnupg/S.gpg-agent:0:1', 'P9K_SSH': '0', 'QT_IM_MODULE': 'ibus', 'XDG_VTNR': '1', 'LESS_TERMCAP_md': '\x1b[1;31m', 'VSCODE_GIT_ASKPASS_EXTRA_ARGS': '--ms-enable-electron-run-as-node', 'VSCODE_NONCE': '50c79f29-c18e-4c37-8ffc-5034b819b35a', 'PWD': '/home/otischung/DATA/workspace/ros2_ws/build/test_node', 'LESS_TERMCAP_me': '\x1b[0m', 'CLUTTER_IM_MODULE': 'ibus', 'XDG_CONFIG_DIRS': '/home/otischung/.config/kdedefaults:/etc/xdg/xdg-plasma:/etc/xdg', 'XDG_DATA_DIRS': '/usr/share/plasma:/usr/local/share/:/usr/share/', '_P9K_TTY': '/dev/pts/2', 'ZDOTDIR': '/home/otischung', 'PYTHONPATH': '/home/otischung/DATA/workspace/ros2_ws/build/test_node/prefix_override:/home/otischung/DATA/workspace/ros2_ws/install/test_node/lib/python3.10/site-packages:/home/otischung/DATA/workspace/ros2_ws/install/pros_library/lib/python3.10/site-packages:/home/otischung/DATA/workspace/ros2_ws/install/test_node/lib/python3.10/site-packages:/home/otischung/DATA/workspace/ros2_ws/install/template/lib/python3.10/site-packages:/home/otischung/DATA/workspace/ros2_ws/install/system_interfaces/local/lib/python3.10/dist-packages:/home/otischung/DATA/workspace/ros2_ws/install/my_py_pkg/lib/python3.10/site-packages:/home/otischung/DATA/workspace/ros2_ws/install/my-test-package/lib/python3.10/site-packages:/opt/ros/humble/lib/python3.10/site-packages:/opt/ros/humble/local/lib/python3.10/dist-packages', 'KDE_SESSION_UID': '1000', 'COLCON': '1', 'CMAKE_PREFIX_PATH': '/home/otischung/DATA/workspace/ros2_ws/install/system_interfaces:/home/otischung/DATA/workspace/ros2_ws/install/monitor_system'}, 'shell': False}
[2.503269] (-) TimerEvent: {}
[2.603501] (-) TimerEvent: {}
[2.666002] (test_node) StdoutLine: {'line': b'running egg_info\n'}
[2.666419] (test_node) StdoutLine: {'line': b'writing ../../build/test_node/test_node.egg-info/PKG-INFO\n'}
[2.666607] (test_node) StdoutLine: {'line': b'writing dependency_links to ../../build/test_node/test_node.egg-info/dependency_links.txt\n'}
[2.666896] (test_node) StdoutLine: {'line': b'writing entry points to ../../build/test_node/test_node.egg-info/entry_points.txt\n'}
[2.666996] (test_node) StdoutLine: {'line': b'writing requirements to ../../build/test_node/test_node.egg-info/requires.txt\n'}
[2.667062] (test_node) StdoutLine: {'line': b'writing top-level names to ../../build/test_node/test_node.egg-info/top_level.txt\n'}
[2.668432] (test_node) StdoutLine: {'line': b"reading manifest file '../../build/test_node/test_node.egg-info/SOURCES.txt'\n"}
[2.669113] (test_node) StdoutLine: {'line': b"writing manifest file '../../build/test_node/test_node.egg-info/SOURCES.txt'\n"}
[2.669271] (test_node) StdoutLine: {'line': b'running build\n'}
[2.669333] (test_node) StdoutLine: {'line': b'running build_py\n'}
[2.669464] (test_node) StdoutLine: {'line': b'running install\n'}
[2.669685] (test_node) StdoutLine: {'line': b'running install_lib\n'}
[2.670588] (test_node) StdoutLine: {'line': b'running install_data\n'}
[2.671069] (test_node) StdoutLine: {'line': b'running install_egg_info\n'}
[2.672319] (template) StdoutLine: {'line': b'running egg_info\n'}
[2.672583] (test_node) StdoutLine: {'line': b"removing '/home/otischung/DATA/workspace/ros2_ws/install/test_node/lib/python3.10/site-packages/test_node-0.0.0-py3.10.egg-info' (and everything under it)\n"}
[2.672960] (test_node) StdoutLine: {'line': b'Copying ../../build/test_node/test_node.egg-info to /home/otischung/DATA/workspace/ros2_ws/install/test_node/lib/python3.10/site-packages/test_node-0.0.0-py3.10.egg-info\n'}
[2.673166] (template) StdoutLine: {'line': b'writing ../../build/template/template.egg-info/PKG-INFO\n'}
[2.673421] (template) StdoutLine: {'line': b'writing dependency_links to ../../build/template/template.egg-info/dependency_links.txt\n'}
[2.673564] (template) StdoutLine: {'line': b'writing entry points to ../../build/template/template.egg-info/entry_points.txt\n'}
[2.673629] (template) StdoutLine: {'line': b'writing requirements to ../../build/template/template.egg-info/requires.txt\n'}
[2.673688] (template) StdoutLine: {'line': b'writing top-level names to ../../build/template/template.egg-info/top_level.txt\n'}
[2.673803] (test_node) StdoutLine: {'line': b'running install_scripts\n'}
[2.675233] (template) StdoutLine: {'line': b"reading manifest file '../../build/template/template.egg-info/SOURCES.txt'\n"}
[2.675922] (template) StdoutLine: {'line': b"writing manifest file '../../build/template/template.egg-info/SOURCES.txt'\n"}
[2.676051] (template) StdoutLine: {'line': b'running build\n'}
[2.676163] (template) StdoutLine: {'line': b'running build_py\n'}
[2.676222] (template) StdoutLine: {'line': b'copying template/template.py -> /home/otischung/DATA/workspace/ros2_ws/build/template/build/lib/template\n'}
[2.676331] (template) StdoutLine: {'line': b'running install\n'}
[2.676571] (template) StdoutLine: {'line': b'running install_lib\n'}
[2.677101] (template) StdoutLine: {'line': b'copying /home/otischung/DATA/workspace/ros2_ws/build/template/build/lib/template/template.py -> /home/otischung/DATA/workspace/ros2_ws/install/template/lib/python3.10/site-packages/template\n'}
[2.677568] (template) StdoutLine: {'line': b'byte-compiling /home/otischung/DATA/workspace/ros2_ws/install/template/lib/python3.10/site-packages/template/template.py to template.cpython-310.pyc\n'}
[2.678155] (template) StdoutLine: {'line': b'running install_data\n'}
[2.678610] (template) StdoutLine: {'line': b'running install_egg_info\n'}
[2.679887] (template) StdoutLine: {'line': b"removing '/home/otischung/DATA/workspace/ros2_ws/install/template/lib/python3.10/site-packages/template-0.0.0-py3.10.egg-info' (and everything under it)\n"}
[2.680069] (template) StdoutLine: {'line': b'Copying ../../build/template/template.egg-info to /home/otischung/DATA/workspace/ros2_ws/install/template/lib/python3.10/site-packages/template-0.0.0-py3.10.egg-info\n'}
[2.680831] (template) StdoutLine: {'line': b'running install_scripts\n'}
[2.690890] (test_node) StdoutLine: {'line': b'Installing test_talker script to /home/otischung/DATA/workspace/ros2_ws/install/test_node/lib/test_node\n'}
[2.691168] (test_node) StdoutLine: {'line': b"writing list of installed files to '/home/otischung/DATA/workspace/ros2_ws/build/test_node/install.log'\n"}
[2.698961] (template) StdoutLine: {'line': b'Installing robot_node script to /home/otischung/DATA/workspace/ros2_ws/install/template/lib/template\n'}
[2.699255] (template) StdoutLine: {'line': b"writing list of installed files to '/home/otischung/DATA/workspace/ros2_ws/build/template/install.log'\n"}
[2.703623] (-) TimerEvent: {}
[2.715716] (test_node) CommandEnded: {'returncode': 0}
[2.731893] (test_node) JobEnded: {'identifier': 'test_node', 'rc': 0}
[2.732372] (template) CommandEnded: {'returncode': 0}
[2.739933] (template) JobEnded: {'identifier': 'template', 'rc': 0}
[2.740838] (-) EventReactorShutdown: {}
