[0.252s] Invoking command in '/home/otischung/DATA/workspace/ros2_ws/build/monitor_system': CMAKE_PREFIX_PATH=/home/otischung/DATA/workspace/ros2_ws/install/system_interfaces:/home/otischung/DATA/workspace/ros2_ws/install/monitor_system:/home/otischung/DATA/workspace/ros2_ws/install/test_node:/home/otischung/DATA/workspace/ros2_ws/install/template:/home/otischung/DATA/workspace/ros2_ws/install/pros_library:/home/otischung/DATA/workspace/ros2_ws/install/my_py_pkg:/opt/ros/humble /usr/bin/cmake /home/otischung/DATA/workspace/ros2_ws/src/monitor_system -DCMAKE_INSTALL_PREFIX=/home/otischung/DATA/workspace/ros2_ws/install/monitor_system
[0.299s] -- The C compiler identification is GNU 11.4.0
[0.347s] -- The CXX compiler identification is GNU 11.4.0
[0.354s] -- Detecting C compiler ABI info
[0.416s] -- Detecting C compiler ABI info - done
[0.423s] -- Check for working C compiler: /usr/bin/cc - skipped
[0.424s] -- Detecting C compile features
[0.424s] -- Detecting C compile features - done
[0.427s] -- Detecting CXX compiler ABI info
[0.496s] -- Detecting CXX compiler ABI info - done
[0.503s] -- Check for working CXX compiler: /usr/bin/c++ - skipped
[0.504s] -- Detecting CXX compile features
[0.504s] -- Detecting CXX compile features - done
[0.506s] -- Found ament_cmake: 1.3.5 (/opt/ros/humble/share/ament_cmake/cmake)
[0.661s] -- Found Python3: /usr/bin/python3.10 (found version "3.10.12") found components: Interpreter 
[0.742s] -- Found rclcpp: 16.0.6 (/opt/ros/humble/share/rclcpp/cmake)
[0.780s] -- Found rosidl_generator_c: 3.1.5 (/opt/ros/humble/share/rosidl_generator_c/cmake)
[0.785s] -- Found rosidl_adapter: 3.1.5 (/opt/ros/humble/share/rosidl_adapter/cmake)
[0.792s] -- Found rosidl_generator_cpp: 3.1.5 (/opt/ros/humble/share/rosidl_generator_cpp/cmake)
[0.808s] -- Using all available rosidl_typesupport_c: rosidl_typesupport_fastrtps_c;rosidl_typesupport_introspection_c
[0.826s] -- Using all available rosidl_typesupport_cpp: rosidl_typesupport_fastrtps_cpp;rosidl_typesupport_introspection_cpp
[0.902s] -- Found rmw_implementation_cmake: 6.1.1 (/opt/ros/humble/share/rmw_implementation_cmake/cmake)
[0.904s] -- Found rmw_fastrtps_cpp: 6.2.4 (/opt/ros/humble/share/rmw_fastrtps_cpp/cmake)
[0.996s] -- Found OpenSSL: /usr/lib/x86_64-linux-gnu/libcrypto.so (found version "3.0.2")  
[1.023s] -- Found FastRTPS: /opt/ros/humble/include  
[1.068s] -- Using RMW implementation 'rmw_fastrtps_cpp' as default
[1.076s] -- Looking for pthread.h
[1.145s] -- Looking for pthread.h - found
[1.145s] -- Performing Test CMAKE_HAVE_LIBC_PTHREAD
[1.212s] -- Performing Test CMAKE_HAVE_LIBC_PTHREAD - Success
[1.213s] -- Found Threads: TRUE  
[1.368s] -- Found system_interfaces: 0.0.0 (/home/otischung/DATA/workspace/ros2_ws/install/system_interfaces/share/system_interfaces/cmake)
[1.385s] -- Found ament_lint_auto: 0.12.8 (/opt/ros/humble/share/ament_lint_auto/cmake)
[1.459s] -- Added test 'cppcheck' to perform static code analysis on C / C++ code
[1.459s] -- Configured cppcheck include dirs: 
[1.459s] -- Configured cppcheck exclude dirs and/or files: 
[1.459s] -- Added test 'lint_cmake' to check CMake code style
[1.460s] -- Added test 'uncrustify' to check C / C++ code style
[1.460s] -- Configured uncrustify additional arguments: 
[1.461s] -- Added test 'xmllint' to check XML markup files
[1.462s] -- Configuring done
[1.473s] -- Generating done
[1.474s] -- Build files have been written to: /home/otischung/DATA/workspace/ros2_ws/build/monitor_system
[1.482s] Invoked command in '/home/otischung/DATA/workspace/ros2_ws/build/monitor_system' returned '0': CMAKE_PREFIX_PATH=/home/otischung/DATA/workspace/ros2_ws/install/system_interfaces:/home/otischung/DATA/workspace/ros2_ws/install/monitor_system:/home/otischung/DATA/workspace/ros2_ws/install/test_node:/home/otischung/DATA/workspace/ros2_ws/install/template:/home/otischung/DATA/workspace/ros2_ws/install/pros_library:/home/otischung/DATA/workspace/ros2_ws/install/my_py_pkg:/opt/ros/humble /usr/bin/cmake /home/otischung/DATA/workspace/ros2_ws/src/monitor_system -DCMAKE_INSTALL_PREFIX=/home/otischung/DATA/workspace/ros2_ws/install/monitor_system
[1.483s] Invoking command in '/home/otischung/DATA/workspace/ros2_ws/build/monitor_system': CMAKE_PREFIX_PATH=/home/otischung/DATA/workspace/ros2_ws/install/system_interfaces:/home/otischung/DATA/workspace/ros2_ws/install/monitor_system:/home/otischung/DATA/workspace/ros2_ws/install/test_node:/home/otischung/DATA/workspace/ros2_ws/install/template:/home/otischung/DATA/workspace/ros2_ws/install/pros_library:/home/otischung/DATA/workspace/ros2_ws/install/my_py_pkg:/opt/ros/humble /usr/bin/cmake --build /home/otischung/DATA/workspace/ros2_ws/build/monitor_system -- -j12 -l12
[1.531s] [ 50%] [32mBuilding CXX object CMakeFiles/watchdog.dir/src/watchdog.cpp.o[0m
[1.531s] [ 50%] [32mBuilding CXX object CMakeFiles/syslog.dir/src/log.cpp.o[0m
[8.393s] [ 75%] [32m[1mLinking CXX executable syslog[0m
[8.713s] [ 75%] Built target syslog
[11.517s] [100%] [32m[1mLinking CXX executable watchdog[0m
[11.959s] [100%] Built target watchdog
[11.969s] Invoked command in '/home/otischung/DATA/workspace/ros2_ws/build/monitor_system' returned '0': CMAKE_PREFIX_PATH=/home/otischung/DATA/workspace/ros2_ws/install/system_interfaces:/home/otischung/DATA/workspace/ros2_ws/install/monitor_system:/home/otischung/DATA/workspace/ros2_ws/install/test_node:/home/otischung/DATA/workspace/ros2_ws/install/template:/home/otischung/DATA/workspace/ros2_ws/install/pros_library:/home/otischung/DATA/workspace/ros2_ws/install/my_py_pkg:/opt/ros/humble /usr/bin/cmake --build /home/otischung/DATA/workspace/ros2_ws/build/monitor_system -- -j12 -l12
[11.995s] Invoking command in '/home/otischung/DATA/workspace/ros2_ws/build/monitor_system': CMAKE_PREFIX_PATH=/home/otischung/DATA/workspace/ros2_ws/install/system_interfaces:/home/otischung/DATA/workspace/ros2_ws/install/monitor_system:/home/otischung/DATA/workspace/ros2_ws/install/test_node:/home/otischung/DATA/workspace/ros2_ws/install/template:/home/otischung/DATA/workspace/ros2_ws/install/pros_library:/home/otischung/DATA/workspace/ros2_ws/install/my_py_pkg:/opt/ros/humble /usr/bin/cmake --install /home/otischung/DATA/workspace/ros2_ws/build/monitor_system
[12.001s] -- Install configuration: ""
[12.001s] -- Installing: /home/otischung/DATA/workspace/ros2_ws/install/monitor_system/lib/monitor_system/syslog
[12.005s] -- Set runtime path of "/home/otischung/DATA/workspace/ros2_ws/install/monitor_system/lib/monitor_system/syslog" to ""
[12.005s] -- Installing: /home/otischung/DATA/workspace/ros2_ws/install/monitor_system/lib/monitor_system/watchdog
[12.010s] -- Set runtime path of "/home/otischung/DATA/workspace/ros2_ws/install/monitor_system/lib/monitor_system/watchdog" to ""
[12.010s] -- Installing: /home/otischung/DATA/workspace/ros2_ws/install/monitor_system/share/ament_index/resource_index/package_run_dependencies/monitor_system
[12.010s] -- Installing: /home/otischung/DATA/workspace/ros2_ws/install/monitor_system/share/ament_index/resource_index/parent_prefix_path/monitor_system
[12.010s] -- Installing: /home/otischung/DATA/workspace/ros2_ws/install/monitor_system/share/monitor_system/environment/ament_prefix_path.sh
[12.010s] -- Installing: /home/otischung/DATA/workspace/ros2_ws/install/monitor_system/share/monitor_system/environment/ament_prefix_path.dsv
[12.011s] -- Installing: /home/otischung/DATA/workspace/ros2_ws/install/monitor_system/share/monitor_system/environment/path.sh
[12.011s] -- Installing: /home/otischung/DATA/workspace/ros2_ws/install/monitor_system/share/monitor_system/environment/path.dsv
[12.011s] -- Installing: /home/otischung/DATA/workspace/ros2_ws/install/monitor_system/share/monitor_system/local_setup.bash
[12.011s] -- Installing: /home/otischung/DATA/workspace/ros2_ws/install/monitor_system/share/monitor_system/local_setup.sh
[12.011s] -- Installing: /home/otischung/DATA/workspace/ros2_ws/install/monitor_system/share/monitor_system/local_setup.zsh
[12.011s] -- Installing: /home/otischung/DATA/workspace/ros2_ws/install/monitor_system/share/monitor_system/local_setup.dsv
[12.011s] -- Installing: /home/otischung/DATA/workspace/ros2_ws/install/monitor_system/share/monitor_system/package.dsv
[12.011s] -- Installing: /home/otischung/DATA/workspace/ros2_ws/install/monitor_system/share/ament_index/resource_index/packages/monitor_system
[12.012s] -- Installing: /home/otischung/DATA/workspace/ros2_ws/install/monitor_system/share/monitor_system/cmake/monitor_systemConfig.cmake
[12.012s] -- Installing: /home/otischung/DATA/workspace/ros2_ws/install/monitor_system/share/monitor_system/cmake/monitor_systemConfig-version.cmake
[12.012s] -- Installing: /home/otischung/DATA/workspace/ros2_ws/install/monitor_system/share/monitor_system/package.xml
[12.015s] Invoked command in '/home/otischung/DATA/workspace/ros2_ws/build/monitor_system' returned '0': CMAKE_PREFIX_PATH=/home/otischung/DATA/workspace/ros2_ws/install/system_interfaces:/home/otischung/DATA/workspace/ros2_ws/install/monitor_system:/home/otischung/DATA/workspace/ros2_ws/install/test_node:/home/otischung/DATA/workspace/ros2_ws/install/template:/home/otischung/DATA/workspace/ros2_ws/install/pros_library:/home/otischung/DATA/workspace/ros2_ws/install/my_py_pkg:/opt/ros/humble /usr/bin/cmake --install /home/otischung/DATA/workspace/ros2_ws/build/monitor_system
