[35m[1mConsolidate compiler generated dependencies of target system_interfaces__rosidl_generator_c[0m
[  2%] Built target system_interfaces__cpp
[ 12%] Built target system_interfaces__rosidl_generator_c
[35m[1mConsolidate compiler generated dependencies of target system_interfaces__rosidl_typesupport_cpp[0m
[ 12%] Built target ament_cmake_python_copy_system_interfaces
[35m[1mConsolidate compiler generated dependencies of target system_interfaces__rosidl_typesupport_fastrtps_cpp[0m
[35m[1mConsolidate compiler generated dependencies of target system_interfaces__rosidl_typesupport_introspection_cpp[0m
[35m[1mConsolidate compiler generated dependencies of target system_interfaces__rosidl_typesupport_introspection_c[0m
[35m[1mConsolidate compiler generated dependencies of target system_interfaces__rosidl_typesupport_c[0m
[35m[1mConsolidate compiler generated dependencies of target system_interfaces__rosidl_typesupport_fastrtps_c[0m
[ 23%] Built target system_interfaces__rosidl_typesupport_cpp
[ 33%] Built target system_interfaces__rosidl_typesupport_introspection_c
[ 43%] Built target system_interfaces__rosidl_typesupport_c
[ 53%] Built target system_interfaces__rosidl_typesupport_fastrtps_cpp
[ 64%] Built target system_interfaces__rosidl_typesupport_introspection_cpp
[ 74%] Built target system_interfaces__rosidl_typesupport_fastrtps_c
[ 74%] Built target system_interfaces
[ 76%] Built target system_interfaces__py
[35m[1mConsolidate compiler generated dependencies of target system_interfaces__rosidl_generator_py[0m
[ 84%] Built target system_interfaces__rosidl_generator_py
[35m[1mConsolidate compiler generated dependencies of target system_interfaces__rosidl_typesupport_fastrtps_c__pyext[0m
[35m[1mConsolidate compiler generated dependencies of target system_interfaces__rosidl_typesupport_introspection_c__pyext[0m
[35m[1mConsolidate compiler generated dependencies of target system_interfaces__rosidl_typesupport_c__pyext[0m
[ 89%] Built target system_interfaces__rosidl_typesupport_fastrtps_c__pyext
[ 94%] Built target system_interfaces__rosidl_typesupport_introspection_c__pyext
[100%] Built target system_interfaces__rosidl_typesupport_c__pyext
running egg_info
writing system_interfaces.egg-info/PKG-INFO
writing dependency_links to system_interfaces.egg-info/dependency_links.txt
writing top-level names to system_interfaces.egg-info/top_level.txt
reading manifest file 'system_interfaces.egg-info/SOURCES.txt'
writing manifest file 'system_interfaces.egg-info/SOURCES.txt'
[100%] Built target ament_cmake_python_build_system_interfaces_egg
-- Install configuration: ""
-- Up-to-date: /home/otischung/DATA/workspace/ros2_ws/install/system_interfaces/share/ament_index/resource_index/rosidl_interfaces/system_interfaces
-- Up-to-date: /home/otischung/DATA/workspace/ros2_ws/install/system_interfaces/include/system_interfaces/system_interfaces
-- Up-to-date: /home/otischung/DATA/workspace/ros2_ws/install/system_interfaces/include/system_interfaces/system_interfaces/msg
-- Up-to-date: /home/otischung/DATA/workspace/ros2_ws/install/system_interfaces/include/system_interfaces/system_interfaces/msg/rosidl_generator_c__visibility_control.h
-- Up-to-date: /home/otischung/DATA/workspace/ros2_ws/install/system_interfaces/include/system_interfaces/system_interfaces/msg/detail
-- Up-to-date: /home/otischung/DATA/workspace/ros2_ws/install/system_interfaces/include/system_interfaces/system_interfaces/msg/detail/node_change__type_support.h
-- Up-to-date: /home/otischung/DATA/workspace/ros2_ws/install/system_interfaces/include/system_interfaces/system_interfaces/msg/detail/node_change__functions.c
-- Up-to-date: /home/otischung/DATA/workspace/ros2_ws/install/system_interfaces/include/system_interfaces/system_interfaces/msg/detail/check_node__functions.c
-- Up-to-date: /home/otischung/DATA/workspace/ros2_ws/install/system_interfaces/include/system_interfaces/system_interfaces/msg/detail/check_node__functions.h
-- Up-to-date: /home/otischung/DATA/workspace/ros2_ws/install/system_interfaces/include/system_interfaces/system_interfaces/msg/detail/check_node__type_support.h
-- Up-to-date: /home/otischung/DATA/workspace/ros2_ws/install/system_interfaces/include/system_interfaces/system_interfaces/msg/detail/node_change__struct.h
-- Up-to-date: /home/otischung/DATA/workspace/ros2_ws/install/system_interfaces/include/system_interfaces/system_interfaces/msg/detail/node_change__functions.h
-- Up-to-date: /home/otischung/DATA/workspace/ros2_ws/install/system_interfaces/include/system_interfaces/system_interfaces/msg/detail/check_node__struct.h
-- Up-to-date: /home/otischung/DATA/workspace/ros2_ws/install/system_interfaces/include/system_interfaces/system_interfaces/msg/node_change.h
-- Up-to-date: /home/otischung/DATA/workspace/ros2_ws/install/system_interfaces/include/system_interfaces/system_interfaces/msg/check_node.h
-- Up-to-date: /home/otischung/DATA/workspace/ros2_ws/install/system_interfaces/share/system_interfaces/environment/library_path.sh
-- Up-to-date: /home/otischung/DATA/workspace/ros2_ws/install/system_interfaces/share/system_interfaces/environment/library_path.dsv
-- Up-to-date: /home/otischung/DATA/workspace/ros2_ws/install/system_interfaces/lib/libsystem_interfaces__rosidl_generator_c.so
-- Up-to-date: /home/otischung/DATA/workspace/ros2_ws/install/system_interfaces/include/system_interfaces/system_interfaces
-- Up-to-date: /home/otischung/DATA/workspace/ros2_ws/install/system_interfaces/include/system_interfaces/system_interfaces/msg
-- Up-to-date: /home/otischung/DATA/workspace/ros2_ws/install/system_interfaces/include/system_interfaces/system_interfaces/msg/rosidl_typesupport_fastrtps_c__visibility_control.h
-- Up-to-date: /home/otischung/DATA/workspace/ros2_ws/install/system_interfaces/include/system_interfaces/system_interfaces/msg/detail
-- Up-to-date: /home/otischung/DATA/workspace/ros2_ws/install/system_interfaces/include/system_interfaces/system_interfaces/msg/detail/check_node__rosidl_typesupport_fastrtps_c.h
-- Up-to-date: /home/otischung/DATA/workspace/ros2_ws/install/system_interfaces/include/system_interfaces/system_interfaces/msg/detail/node_change__rosidl_typesupport_fastrtps_c.h
-- Up-to-date: /home/otischung/DATA/workspace/ros2_ws/install/system_interfaces/lib/libsystem_interfaces__rosidl_typesupport_fastrtps_c.so
-- Up-to-date: /home/otischung/DATA/workspace/ros2_ws/install/system_interfaces/include/system_interfaces/system_interfaces
-- Up-to-date: /home/otischung/DATA/workspace/ros2_ws/install/system_interfaces/include/system_interfaces/system_interfaces/msg
-- Up-to-date: /home/otischung/DATA/workspace/ros2_ws/install/system_interfaces/include/system_interfaces/system_interfaces/msg/rosidl_typesupport_introspection_c__visibility_control.h
-- Up-to-date: /home/otischung/DATA/workspace/ros2_ws/install/system_interfaces/include/system_interfaces/system_interfaces/msg/detail
-- Up-to-date: /home/otischung/DATA/workspace/ros2_ws/install/system_interfaces/include/system_interfaces/system_interfaces/msg/detail/check_node__type_support.c
-- Up-to-date: /home/otischung/DATA/workspace/ros2_ws/install/system_interfaces/include/system_interfaces/system_interfaces/msg/detail/node_change__type_support.c
-- Up-to-date: /home/otischung/DATA/workspace/ros2_ws/install/system_interfaces/include/system_interfaces/system_interfaces/msg/detail/check_node__rosidl_typesupport_introspection_c.h
-- Up-to-date: /home/otischung/DATA/workspace/ros2_ws/install/system_interfaces/include/system_interfaces/system_interfaces/msg/detail/node_change__rosidl_typesupport_introspection_c.h
-- Up-to-date: /home/otischung/DATA/workspace/ros2_ws/install/system_interfaces/lib/libsystem_interfaces__rosidl_typesupport_introspection_c.so
-- Up-to-date: /home/otischung/DATA/workspace/ros2_ws/install/system_interfaces/lib/libsystem_interfaces__rosidl_typesupport_c.so
-- Up-to-date: /home/otischung/DATA/workspace/ros2_ws/install/system_interfaces/include/system_interfaces/system_interfaces
-- Up-to-date: /home/otischung/DATA/workspace/ros2_ws/install/system_interfaces/include/system_interfaces/system_interfaces/msg
-- Up-to-date: /home/otischung/DATA/workspace/ros2_ws/install/system_interfaces/include/system_interfaces/system_interfaces/msg/check_node.hpp
-- Up-to-date: /home/otischung/DATA/workspace/ros2_ws/install/system_interfaces/include/system_interfaces/system_interfaces/msg/node_change.hpp
-- Up-to-date: /home/otischung/DATA/workspace/ros2_ws/install/system_interfaces/include/system_interfaces/system_interfaces/msg/detail
-- Up-to-date: /home/otischung/DATA/workspace/ros2_ws/install/system_interfaces/include/system_interfaces/system_interfaces/msg/detail/node_change__builder.hpp
-- Up-to-date: /home/otischung/DATA/workspace/ros2_ws/install/system_interfaces/include/system_interfaces/system_interfaces/msg/detail/check_node__builder.hpp
-- Up-to-date: /home/otischung/DATA/workspace/ros2_ws/install/system_interfaces/include/system_interfaces/system_interfaces/msg/detail/node_change__struct.hpp
-- Up-to-date: /home/otischung/DATA/workspace/ros2_ws/install/system_interfaces/include/system_interfaces/system_interfaces/msg/detail/check_node__struct.hpp
-- Up-to-date: /home/otischung/DATA/workspace/ros2_ws/install/system_interfaces/include/system_interfaces/system_interfaces/msg/detail/check_node__traits.hpp
-- Up-to-date: /home/otischung/DATA/workspace/ros2_ws/install/system_interfaces/include/system_interfaces/system_interfaces/msg/detail/node_change__traits.hpp
-- Up-to-date: /home/otischung/DATA/workspace/ros2_ws/install/system_interfaces/include/system_interfaces/system_interfaces
-- Up-to-date: /home/otischung/DATA/workspace/ros2_ws/install/system_interfaces/include/system_interfaces/system_interfaces/msg
-- Up-to-date: /home/otischung/DATA/workspace/ros2_ws/install/system_interfaces/include/system_interfaces/system_interfaces/msg/rosidl_typesupport_fastrtps_cpp__visibility_control.h
-- Up-to-date: /home/otischung/DATA/workspace/ros2_ws/install/system_interfaces/include/system_interfaces/system_interfaces/msg/detail
-- Up-to-date: /home/otischung/DATA/workspace/ros2_ws/install/system_interfaces/include/system_interfaces/system_interfaces/msg/detail/node_change__rosidl_typesupport_fastrtps_cpp.hpp
-- Up-to-date: /home/otischung/DATA/workspace/ros2_ws/install/system_interfaces/include/system_interfaces/system_interfaces/msg/detail/check_node__rosidl_typesupport_fastrtps_cpp.hpp
-- Up-to-date: /home/otischung/DATA/workspace/ros2_ws/install/system_interfaces/include/system_interfaces/system_interfaces/msg/detail/dds_fastrtps
-- Up-to-date: /home/otischung/DATA/workspace/ros2_ws/install/system_interfaces/lib/libsystem_interfaces__rosidl_typesupport_fastrtps_cpp.so
-- Up-to-date: /home/otischung/DATA/workspace/ros2_ws/install/system_interfaces/include/system_interfaces/system_interfaces
-- Up-to-date: /home/otischung/DATA/workspace/ros2_ws/install/system_interfaces/include/system_interfaces/system_interfaces/msg
-- Up-to-date: /home/otischung/DATA/workspace/ros2_ws/install/system_interfaces/include/system_interfaces/system_interfaces/msg/detail
-- Up-to-date: /home/otischung/DATA/workspace/ros2_ws/install/system_interfaces/include/system_interfaces/system_interfaces/msg/detail/check_node__rosidl_typesupport_introspection_cpp.hpp
-- Up-to-date: /home/otischung/DATA/workspace/ros2_ws/install/system_interfaces/include/system_interfaces/system_interfaces/msg/detail/check_node__type_support.cpp
-- Up-to-date: /home/otischung/DATA/workspace/ros2_ws/install/system_interfaces/include/system_interfaces/system_interfaces/msg/detail/node_change__rosidl_typesupport_introspection_cpp.hpp
-- Up-to-date: /home/otischung/DATA/workspace/ros2_ws/install/system_interfaces/include/system_interfaces/system_interfaces/msg/detail/node_change__type_support.cpp
-- Up-to-date: /home/otischung/DATA/workspace/ros2_ws/install/system_interfaces/lib/libsystem_interfaces__rosidl_typesupport_introspection_cpp.so
-- Up-to-date: /home/otischung/DATA/workspace/ros2_ws/install/system_interfaces/lib/libsystem_interfaces__rosidl_typesupport_cpp.so
-- Up-to-date: /home/otischung/DATA/workspace/ros2_ws/install/system_interfaces/share/system_interfaces/environment/pythonpath.sh
-- Up-to-date: /home/otischung/DATA/workspace/ros2_ws/install/system_interfaces/share/system_interfaces/environment/pythonpath.dsv
-- Up-to-date: /home/otischung/DATA/workspace/ros2_ws/install/system_interfaces/local/lib/python3.10/dist-packages/system_interfaces-0.0.0-py3.10.egg-info
-- Installing: /home/otischung/DATA/workspace/ros2_ws/install/system_interfaces/local/lib/python3.10/dist-packages/system_interfaces-0.0.0-py3.10.egg-info/dependency_links.txt
-- Installing: /home/otischung/DATA/workspace/ros2_ws/install/system_interfaces/local/lib/python3.10/dist-packages/system_interfaces-0.0.0-py3.10.egg-info/SOURCES.txt
-- Installing: /home/otischung/DATA/workspace/ros2_ws/install/system_interfaces/local/lib/python3.10/dist-packages/system_interfaces-0.0.0-py3.10.egg-info/top_level.txt
-- Installing: /home/otischung/DATA/workspace/ros2_ws/install/system_interfaces/local/lib/python3.10/dist-packages/system_interfaces-0.0.0-py3.10.egg-info/PKG-INFO
-- Up-to-date: /home/otischung/DATA/workspace/ros2_ws/install/system_interfaces/local/lib/python3.10/dist-packages/system_interfaces
-- Up-to-date: /home/otischung/DATA/workspace/ros2_ws/install/system_interfaces/local/lib/python3.10/dist-packages/system_interfaces/system_interfaces_s__rosidl_typesupport_fastrtps_c.cpython-310-x86_64-linux-gnu.so
-- Up-to-date: /home/otischung/DATA/workspace/ros2_ws/install/system_interfaces/local/lib/python3.10/dist-packages/system_interfaces/libsystem_interfaces__rosidl_generator_py.so
-- Up-to-date: /home/otischung/DATA/workspace/ros2_ws/install/system_interfaces/local/lib/python3.10/dist-packages/system_interfaces/_system_interfaces_s.ep.rosidl_typesupport_introspection_c.c
-- Up-to-date: /home/otischung/DATA/workspace/ros2_ws/install/system_interfaces/local/lib/python3.10/dist-packages/system_interfaces/__init__.py
-- Up-to-date: /home/otischung/DATA/workspace/ros2_ws/install/system_interfaces/local/lib/python3.10/dist-packages/system_interfaces/msg
-- Up-to-date: /home/otischung/DATA/workspace/ros2_ws/install/system_interfaces/local/lib/python3.10/dist-packages/system_interfaces/msg/_node_change.py
-- Up-to-date: /home/otischung/DATA/workspace/ros2_ws/install/system_interfaces/local/lib/python3.10/dist-packages/system_interfaces/msg/_check_node.py
-- Up-to-date: /home/otischung/DATA/workspace/ros2_ws/install/system_interfaces/local/lib/python3.10/dist-packages/system_interfaces/msg/__init__.py
-- Up-to-date: /home/otischung/DATA/workspace/ros2_ws/install/system_interfaces/local/lib/python3.10/dist-packages/system_interfaces/msg/_node_change_s.c
-- Up-to-date: /home/otischung/DATA/workspace/ros2_ws/install/system_interfaces/local/lib/python3.10/dist-packages/system_interfaces/msg/_check_node_s.c
-- Up-to-date: /home/otischung/DATA/workspace/ros2_ws/install/system_interfaces/local/lib/python3.10/dist-packages/system_interfaces/system_interfaces_s__rosidl_typesupport_introspection_c.cpython-310-x86_64-linux-gnu.so
-- Up-to-date: /home/otischung/DATA/workspace/ros2_ws/install/system_interfaces/local/lib/python3.10/dist-packages/system_interfaces/_system_interfaces_s.ep.rosidl_typesupport_fastrtps_c.c
-- Up-to-date: /home/otischung/DATA/workspace/ros2_ws/install/system_interfaces/local/lib/python3.10/dist-packages/system_interfaces/_system_interfaces_s.ep.rosidl_typesupport_c.c
-- Up-to-date: /home/otischung/DATA/workspace/ros2_ws/install/system_interfaces/local/lib/python3.10/dist-packages/system_interfaces/system_interfaces_s__rosidl_typesupport_c.cpython-310-x86_64-linux-gnu.so
Listing '/home/otischung/DATA/workspace/ros2_ws/install/system_interfaces/local/lib/python3.10/dist-packages/system_interfaces'...
Listing '/home/otischung/DATA/workspace/ros2_ws/install/system_interfaces/local/lib/python3.10/dist-packages/system_interfaces/msg'...
-- Up-to-date: /home/otischung/DATA/workspace/ros2_ws/install/system_interfaces/local/lib/python3.10/dist-packages/system_interfaces/system_interfaces_s__rosidl_typesupport_fastrtps_c.cpython-310-x86_64-linux-gnu.so
-- Up-to-date: /home/otischung/DATA/workspace/ros2_ws/install/system_interfaces/local/lib/python3.10/dist-packages/system_interfaces/system_interfaces_s__rosidl_typesupport_introspection_c.cpython-310-x86_64-linux-gnu.so
-- Up-to-date: /home/otischung/DATA/workspace/ros2_ws/install/system_interfaces/local/lib/python3.10/dist-packages/system_interfaces/system_interfaces_s__rosidl_typesupport_c.cpython-310-x86_64-linux-gnu.so
-- Up-to-date: /home/otischung/DATA/workspace/ros2_ws/install/system_interfaces/lib/libsystem_interfaces__rosidl_generator_py.so
-- Up-to-date: /home/otischung/DATA/workspace/ros2_ws/install/system_interfaces/share/system_interfaces/msg/NodeChange.idl
-- Up-to-date: /home/otischung/DATA/workspace/ros2_ws/install/system_interfaces/share/system_interfaces/msg/CheckNode.idl
-- Up-to-date: /home/otischung/DATA/workspace/ros2_ws/install/system_interfaces/share/system_interfaces/msg/NodeChange.msg
-- Up-to-date: /home/otischung/DATA/workspace/ros2_ws/install/system_interfaces/share/system_interfaces/msg/CheckNode.msg
-- Up-to-date: /home/otischung/DATA/workspace/ros2_ws/install/system_interfaces/share/ament_index/resource_index/package_run_dependencies/system_interfaces
-- Up-to-date: /home/otischung/DATA/workspace/ros2_ws/install/system_interfaces/share/ament_index/resource_index/parent_prefix_path/system_interfaces
-- Up-to-date: /home/otischung/DATA/workspace/ros2_ws/install/system_interfaces/share/system_interfaces/environment/ament_prefix_path.sh
-- Up-to-date: /home/otischung/DATA/workspace/ros2_ws/install/system_interfaces/share/system_interfaces/environment/ament_prefix_path.dsv
-- Up-to-date: /home/otischung/DATA/workspace/ros2_ws/install/system_interfaces/share/system_interfaces/environment/path.sh
-- Up-to-date: /home/otischung/DATA/workspace/ros2_ws/install/system_interfaces/share/system_interfaces/environment/path.dsv
-- Up-to-date: /home/otischung/DATA/workspace/ros2_ws/install/system_interfaces/share/system_interfaces/local_setup.bash
-- Up-to-date: /home/otischung/DATA/workspace/ros2_ws/install/system_interfaces/share/system_interfaces/local_setup.sh
-- Up-to-date: /home/otischung/DATA/workspace/ros2_ws/install/system_interfaces/share/system_interfaces/local_setup.zsh
-- Up-to-date: /home/otischung/DATA/workspace/ros2_ws/install/system_interfaces/share/system_interfaces/local_setup.dsv
-- Installing: /home/otischung/DATA/workspace/ros2_ws/install/system_interfaces/share/system_interfaces/package.dsv
-- Up-to-date: /home/otischung/DATA/workspace/ros2_ws/install/system_interfaces/share/ament_index/resource_index/packages/system_interfaces
-- Up-to-date: /home/otischung/DATA/workspace/ros2_ws/install/system_interfaces/share/system_interfaces/cmake/export_system_interfaces__rosidl_generator_cExport.cmake
-- Up-to-date: /home/otischung/DATA/workspace/ros2_ws/install/system_interfaces/share/system_interfaces/cmake/export_system_interfaces__rosidl_generator_cExport-noconfig.cmake
-- Up-to-date: /home/otischung/DATA/workspace/ros2_ws/install/system_interfaces/share/system_interfaces/cmake/export_system_interfaces__rosidl_typesupport_fastrtps_cExport.cmake
-- Up-to-date: /home/otischung/DATA/workspace/ros2_ws/install/system_interfaces/share/system_interfaces/cmake/export_system_interfaces__rosidl_typesupport_fastrtps_cExport-noconfig.cmake
-- Up-to-date: /home/otischung/DATA/workspace/ros2_ws/install/system_interfaces/share/system_interfaces/cmake/system_interfaces__rosidl_typesupport_introspection_cExport.cmake
-- Up-to-date: /home/otischung/DATA/workspace/ros2_ws/install/system_interfaces/share/system_interfaces/cmake/system_interfaces__rosidl_typesupport_introspection_cExport-noconfig.cmake
-- Up-to-date: /home/otischung/DATA/workspace/ros2_ws/install/system_interfaces/share/system_interfaces/cmake/system_interfaces__rosidl_typesupport_cExport.cmake
-- Up-to-date: /home/otischung/DATA/workspace/ros2_ws/install/system_interfaces/share/system_interfaces/cmake/system_interfaces__rosidl_typesupport_cExport-noconfig.cmake
-- Up-to-date: /home/otischung/DATA/workspace/ros2_ws/install/system_interfaces/share/system_interfaces/cmake/export_system_interfaces__rosidl_generator_cppExport.cmake
-- Up-to-date: /home/otischung/DATA/workspace/ros2_ws/install/system_interfaces/share/system_interfaces/cmake/export_system_interfaces__rosidl_typesupport_fastrtps_cppExport.cmake
-- Up-to-date: /home/otischung/DATA/workspace/ros2_ws/install/system_interfaces/share/system_interfaces/cmake/export_system_interfaces__rosidl_typesupport_fastrtps_cppExport-noconfig.cmake
-- Up-to-date: /home/otischung/DATA/workspace/ros2_ws/install/system_interfaces/share/system_interfaces/cmake/system_interfaces__rosidl_typesupport_introspection_cppExport.cmake
-- Up-to-date: /home/otischung/DATA/workspace/ros2_ws/install/system_interfaces/share/system_interfaces/cmake/system_interfaces__rosidl_typesupport_introspection_cppExport-noconfig.cmake
-- Up-to-date: /home/otischung/DATA/workspace/ros2_ws/install/system_interfaces/share/system_interfaces/cmake/system_interfaces__rosidl_typesupport_cppExport.cmake
-- Up-to-date: /home/otischung/DATA/workspace/ros2_ws/install/system_interfaces/share/system_interfaces/cmake/system_interfaces__rosidl_typesupport_cppExport-noconfig.cmake
-- Up-to-date: /home/otischung/DATA/workspace/ros2_ws/install/system_interfaces/share/system_interfaces/cmake/export_system_interfaces__rosidl_generator_pyExport.cmake
-- Up-to-date: /home/otischung/DATA/workspace/ros2_ws/install/system_interfaces/share/system_interfaces/cmake/export_system_interfaces__rosidl_generator_pyExport-noconfig.cmake
-- Up-to-date: /home/otischung/DATA/workspace/ros2_ws/install/system_interfaces/share/system_interfaces/cmake/rosidl_cmake-extras.cmake
-- Up-to-date: /home/otischung/DATA/workspace/ros2_ws/install/system_interfaces/share/system_interfaces/cmake/ament_cmake_export_include_directories-extras.cmake
-- Up-to-date: /home/otischung/DATA/workspace/ros2_ws/install/system_interfaces/share/system_interfaces/cmake/ament_cmake_export_libraries-extras.cmake
-- Up-to-date: /home/otischung/DATA/workspace/ros2_ws/install/system_interfaces/share/system_interfaces/cmake/ament_cmake_export_targets-extras.cmake
-- Up-to-date: /home/otischung/DATA/workspace/ros2_ws/install/system_interfaces/share/system_interfaces/cmake/rosidl_cmake_export_typesupport_targets-extras.cmake
-- Up-to-date: /home/otischung/DATA/workspace/ros2_ws/install/system_interfaces/share/system_interfaces/cmake/ament_cmake_export_dependencies-extras.cmake
-- Up-to-date: /home/otischung/DATA/workspace/ros2_ws/install/system_interfaces/share/system_interfaces/cmake/rosidl_cmake_export_typesupport_libraries-extras.cmake
-- Up-to-date: /home/otischung/DATA/workspace/ros2_ws/install/system_interfaces/share/system_interfaces/cmake/system_interfacesConfig.cmake
-- Up-to-date: /home/otischung/DATA/workspace/ros2_ws/install/system_interfaces/share/system_interfaces/cmake/system_interfacesConfig-version.cmake
-- Up-to-date: /home/otischung/DATA/workspace/ros2_ws/install/system_interfaces/share/system_interfaces/package.xml
