[0.018s] Invoking command in '/home/otischung/DATA/workspace/ros2_ws/build/system_interfaces': CMAKE_PREFIX_PATH=${CMAKE_PREFIX_PATH}:/home/otischung/DATA/workspace/ros2_ws/install/test_node:/home/otischung/DATA/workspace/ros2_ws/install/template:/home/otischung/DATA/workspace/ros2_ws/install/pros_library:/home/otischung/DATA/workspace/ros2_ws/install/my_py_pkg:/opt/ros/humble /usr/bin/cmake --build /home/otischung/DATA/workspace/ros2_ws/build/system_interfaces -- -j12 -l12
[0.057s] [35m[1mConsolidate compiler generated dependencies of target system_interfaces__rosidl_generator_c[0m
[0.065s] [  2%] Built target system_interfaces__cpp
[0.067s] [ 12%] Built target system_interfaces__rosidl_generator_c
[0.075s] [35m[1mConsolidate compiler generated dependencies of target system_interfaces__rosidl_typesupport_cpp[0m
[0.076s] [ 12%] Built target ament_cmake_python_copy_system_interfaces
[0.076s] [35m[1mConsolidate compiler generated dependencies of target system_interfaces__rosidl_typesupport_fastrtps_cpp[0m
[0.077s] [35m[1mConsolidate compiler generated dependencies of target system_interfaces__rosidl_typesupport_introspection_cpp[0m
[0.080s] [35m[1mConsolidate compiler generated dependencies of target system_interfaces__rosidl_typesupport_introspection_c[0m
[0.081s] [35m[1mConsolidate compiler generated dependencies of target system_interfaces__rosidl_typesupport_c[0m
[0.081s] [35m[1mConsolidate compiler generated dependencies of target system_interfaces__rosidl_typesupport_fastrtps_c[0m
[0.093s] [ 23%] Built target system_interfaces__rosidl_typesupport_cpp
[0.095s] [ 33%] Built target system_interfaces__rosidl_typesupport_introspection_c
[0.095s] [ 43%] Built target system_interfaces__rosidl_typesupport_c
[0.096s] [ 53%] Built target system_interfaces__rosidl_typesupport_fastrtps_cpp
[0.097s] [ 64%] Built target system_interfaces__rosidl_typesupport_introspection_cpp
[0.102s] [ 74%] Built target system_interfaces__rosidl_typesupport_fastrtps_c
[0.122s] [ 74%] Built target system_interfaces
[0.142s] [ 76%] Built target system_interfaces__py
[0.151s] [35m[1mConsolidate compiler generated dependencies of target system_interfaces__rosidl_generator_py[0m
[0.166s] [ 84%] Built target system_interfaces__rosidl_generator_py
[0.176s] [35m[1mConsolidate compiler generated dependencies of target system_interfaces__rosidl_typesupport_fastrtps_c__pyext[0m
[0.176s] [35m[1mConsolidate compiler generated dependencies of target system_interfaces__rosidl_typesupport_introspection_c__pyext[0m
[0.176s] [35m[1mConsolidate compiler generated dependencies of target system_interfaces__rosidl_typesupport_c__pyext[0m
[0.189s] [ 89%] Built target system_interfaces__rosidl_typesupport_fastrtps_c__pyext
[0.190s] [ 94%] Built target system_interfaces__rosidl_typesupport_introspection_c__pyext
[0.190s] [100%] Built target system_interfaces__rosidl_typesupport_c__pyext
[0.359s] running egg_info
[0.360s] writing system_interfaces.egg-info/PKG-INFO
[0.360s] writing dependency_links to system_interfaces.egg-info/dependency_links.txt
[0.360s] writing top-level names to system_interfaces.egg-info/top_level.txt
[0.362s] reading manifest file 'system_interfaces.egg-info/SOURCES.txt'
[0.363s] writing manifest file 'system_interfaces.egg-info/SOURCES.txt'
[0.384s] [100%] Built target ament_cmake_python_build_system_interfaces_egg
[0.396s] Invoked command in '/home/otischung/DATA/workspace/ros2_ws/build/system_interfaces' returned '0': CMAKE_PREFIX_PATH=${CMAKE_PREFIX_PATH}:/home/otischung/DATA/workspace/ros2_ws/install/test_node:/home/otischung/DATA/workspace/ros2_ws/install/template:/home/otischung/DATA/workspace/ros2_ws/install/pros_library:/home/otischung/DATA/workspace/ros2_ws/install/my_py_pkg:/opt/ros/humble /usr/bin/cmake --build /home/otischung/DATA/workspace/ros2_ws/build/system_interfaces -- -j12 -l12
[0.482s] Invoking command in '/home/otischung/DATA/workspace/ros2_ws/build/system_interfaces': CMAKE_PREFIX_PATH=${CMAKE_PREFIX_PATH}:/home/otischung/DATA/workspace/ros2_ws/install/test_node:/home/otischung/DATA/workspace/ros2_ws/install/template:/home/otischung/DATA/workspace/ros2_ws/install/pros_library:/home/otischung/DATA/workspace/ros2_ws/install/my_py_pkg:/opt/ros/humble /usr/bin/cmake --install /home/otischung/DATA/workspace/ros2_ws/build/system_interfaces
[0.490s] -- Install configuration: ""
[0.491s] -- Up-to-date: /home/otischung/DATA/workspace/ros2_ws/install/system_interfaces/share/ament_index/resource_index/rosidl_interfaces/system_interfaces
[0.491s] -- Up-to-date: /home/otischung/DATA/workspace/ros2_ws/install/system_interfaces/include/system_interfaces/system_interfaces
[0.491s] -- Up-to-date: /home/otischung/DATA/workspace/ros2_ws/install/system_interfaces/include/system_interfaces/system_interfaces/msg
[0.491s] -- Up-to-date: /home/otischung/DATA/workspace/ros2_ws/install/system_interfaces/include/system_interfaces/system_interfaces/msg/rosidl_generator_c__visibility_control.h
[0.491s] -- Up-to-date: /home/otischung/DATA/workspace/ros2_ws/install/system_interfaces/include/system_interfaces/system_interfaces/msg/detail
[0.491s] -- Up-to-date: /home/otischung/DATA/workspace/ros2_ws/install/system_interfaces/include/system_interfaces/system_interfaces/msg/detail/node_change__type_support.h
[0.492s] -- Up-to-date: /home/otischung/DATA/workspace/ros2_ws/install/system_interfaces/include/system_interfaces/system_interfaces/msg/detail/node_change__functions.c
[0.492s] -- Up-to-date: /home/otischung/DATA/workspace/ros2_ws/install/system_interfaces/include/system_interfaces/system_interfaces/msg/detail/check_node__functions.c
[0.492s] -- Up-to-date: /home/otischung/DATA/workspace/ros2_ws/install/system_interfaces/include/system_interfaces/system_interfaces/msg/detail/check_node__functions.h
[0.492s] -- Up-to-date: /home/otischung/DATA/workspace/ros2_ws/install/system_interfaces/include/system_interfaces/system_interfaces/msg/detail/check_node__type_support.h
[0.492s] -- Up-to-date: /home/otischung/DATA/workspace/ros2_ws/install/system_interfaces/include/system_interfaces/system_interfaces/msg/detail/node_change__struct.h
[0.492s] -- Up-to-date: /home/otischung/DATA/workspace/ros2_ws/install/system_interfaces/include/system_interfaces/system_interfaces/msg/detail/node_change__functions.h
[0.492s] -- Up-to-date: /home/otischung/DATA/workspace/ros2_ws/install/system_interfaces/include/system_interfaces/system_interfaces/msg/detail/check_node__struct.h
[0.493s] -- Up-to-date: /home/otischung/DATA/workspace/ros2_ws/install/system_interfaces/include/system_interfaces/system_interfaces/msg/node_change.h
[0.493s] -- Up-to-date: /home/otischung/DATA/workspace/ros2_ws/install/system_interfaces/include/system_interfaces/system_interfaces/msg/check_node.h
[0.493s] -- Up-to-date: /home/otischung/DATA/workspace/ros2_ws/install/system_interfaces/share/system_interfaces/environment/library_path.sh
[0.493s] -- Up-to-date: /home/otischung/DATA/workspace/ros2_ws/install/system_interfaces/share/system_interfaces/environment/library_path.dsv
[0.493s] -- Up-to-date: /home/otischung/DATA/workspace/ros2_ws/install/system_interfaces/lib/libsystem_interfaces__rosidl_generator_c.so
[0.493s] -- Up-to-date: /home/otischung/DATA/workspace/ros2_ws/install/system_interfaces/include/system_interfaces/system_interfaces
[0.493s] -- Up-to-date: /home/otischung/DATA/workspace/ros2_ws/install/system_interfaces/include/system_interfaces/system_interfaces/msg
[0.494s] -- Up-to-date: /home/otischung/DATA/workspace/ros2_ws/install/system_interfaces/include/system_interfaces/system_interfaces/msg/rosidl_typesupport_fastrtps_c__visibility_control.h
[0.494s] -- Up-to-date: /home/otischung/DATA/workspace/ros2_ws/install/system_interfaces/include/system_interfaces/system_interfaces/msg/detail
[0.494s] -- Up-to-date: /home/otischung/DATA/workspace/ros2_ws/install/system_interfaces/include/system_interfaces/system_interfaces/msg/detail/check_node__rosidl_typesupport_fastrtps_c.h
[0.494s] -- Up-to-date: /home/otischung/DATA/workspace/ros2_ws/install/system_interfaces/include/system_interfaces/system_interfaces/msg/detail/node_change__rosidl_typesupport_fastrtps_c.h
[0.494s] -- Up-to-date: /home/otischung/DATA/workspace/ros2_ws/install/system_interfaces/lib/libsystem_interfaces__rosidl_typesupport_fastrtps_c.so
[0.494s] -- Up-to-date: /home/otischung/DATA/workspace/ros2_ws/install/system_interfaces/include/system_interfaces/system_interfaces
[0.495s] -- Up-to-date: /home/otischung/DATA/workspace/ros2_ws/install/system_interfaces/include/system_interfaces/system_interfaces/msg
[0.495s] -- Up-to-date: /home/otischung/DATA/workspace/ros2_ws/install/system_interfaces/include/system_interfaces/system_interfaces/msg/rosidl_typesupport_introspection_c__visibility_control.h
[0.495s] -- Up-to-date: /home/otischung/DATA/workspace/ros2_ws/install/system_interfaces/include/system_interfaces/system_interfaces/msg/detail
[0.495s] -- Up-to-date: /home/otischung/DATA/workspace/ros2_ws/install/system_interfaces/include/system_interfaces/system_interfaces/msg/detail/check_node__type_support.c
[0.495s] -- Up-to-date: /home/otischung/DATA/workspace/ros2_ws/install/system_interfaces/include/system_interfaces/system_interfaces/msg/detail/node_change__type_support.c
[0.495s] -- Up-to-date: /home/otischung/DATA/workspace/ros2_ws/install/system_interfaces/include/system_interfaces/system_interfaces/msg/detail/check_node__rosidl_typesupport_introspection_c.h
[0.495s] -- Up-to-date: /home/otischung/DATA/workspace/ros2_ws/install/system_interfaces/include/system_interfaces/system_interfaces/msg/detail/node_change__rosidl_typesupport_introspection_c.h
[0.496s] -- Up-to-date: /home/otischung/DATA/workspace/ros2_ws/install/system_interfaces/lib/libsystem_interfaces__rosidl_typesupport_introspection_c.so
[0.496s] -- Up-to-date: /home/otischung/DATA/workspace/ros2_ws/install/system_interfaces/lib/libsystem_interfaces__rosidl_typesupport_c.so
[0.496s] -- Up-to-date: /home/otischung/DATA/workspace/ros2_ws/install/system_interfaces/include/system_interfaces/system_interfaces
[0.496s] -- Up-to-date: /home/otischung/DATA/workspace/ros2_ws/install/system_interfaces/include/system_interfaces/system_interfaces/msg
[0.496s] -- Up-to-date: /home/otischung/DATA/workspace/ros2_ws/install/system_interfaces/include/system_interfaces/system_interfaces/msg/check_node.hpp
[0.496s] -- Up-to-date: /home/otischung/DATA/workspace/ros2_ws/install/system_interfaces/include/system_interfaces/system_interfaces/msg/node_change.hpp
[0.497s] -- Up-to-date: /home/otischung/DATA/workspace/ros2_ws/install/system_interfaces/include/system_interfaces/system_interfaces/msg/detail
[0.497s] -- Up-to-date: /home/otischung/DATA/workspace/ros2_ws/install/system_interfaces/include/system_interfaces/system_interfaces/msg/detail/node_change__builder.hpp
[0.497s] -- Up-to-date: /home/otischung/DATA/workspace/ros2_ws/install/system_interfaces/include/system_interfaces/system_interfaces/msg/detail/check_node__builder.hpp
[0.497s] -- Up-to-date: /home/otischung/DATA/workspace/ros2_ws/install/system_interfaces/include/system_interfaces/system_interfaces/msg/detail/node_change__struct.hpp
[0.497s] -- Up-to-date: /home/otischung/DATA/workspace/ros2_ws/install/system_interfaces/include/system_interfaces/system_interfaces/msg/detail/check_node__struct.hpp
[0.497s] -- Up-to-date: /home/otischung/DATA/workspace/ros2_ws/install/system_interfaces/include/system_interfaces/system_interfaces/msg/detail/check_node__traits.hpp
[0.497s] -- Up-to-date: /home/otischung/DATA/workspace/ros2_ws/install/system_interfaces/include/system_interfaces/system_interfaces/msg/detail/node_change__traits.hpp
[0.497s] -- Up-to-date: /home/otischung/DATA/workspace/ros2_ws/install/system_interfaces/include/system_interfaces/system_interfaces
[0.498s] -- Up-to-date: /home/otischung/DATA/workspace/ros2_ws/install/system_interfaces/include/system_interfaces/system_interfaces/msg
[0.498s] -- Up-to-date: /home/otischung/DATA/workspace/ros2_ws/install/system_interfaces/include/system_interfaces/system_interfaces/msg/rosidl_typesupport_fastrtps_cpp__visibility_control.h
[0.498s] -- Up-to-date: /home/otischung/DATA/workspace/ros2_ws/install/system_interfaces/include/system_interfaces/system_interfaces/msg/detail
[0.498s] -- Up-to-date: /home/otischung/DATA/workspace/ros2_ws/install/system_interfaces/include/system_interfaces/system_interfaces/msg/detail/node_change__rosidl_typesupport_fastrtps_cpp.hpp
[0.498s] -- Up-to-date: /home/otischung/DATA/workspace/ros2_ws/install/system_interfaces/include/system_interfaces/system_interfaces/msg/detail/check_node__rosidl_typesupport_fastrtps_cpp.hpp
[0.498s] -- Up-to-date: /home/otischung/DATA/workspace/ros2_ws/install/system_interfaces/include/system_interfaces/system_interfaces/msg/detail/dds_fastrtps
[0.498s] -- Up-to-date: /home/otischung/DATA/workspace/ros2_ws/install/system_interfaces/lib/libsystem_interfaces__rosidl_typesupport_fastrtps_cpp.so
[0.499s] -- Up-to-date: /home/otischung/DATA/workspace/ros2_ws/install/system_interfaces/include/system_interfaces/system_interfaces
[0.499s] -- Up-to-date: /home/otischung/DATA/workspace/ros2_ws/install/system_interfaces/include/system_interfaces/system_interfaces/msg
[0.499s] -- Up-to-date: /home/otischung/DATA/workspace/ros2_ws/install/system_interfaces/include/system_interfaces/system_interfaces/msg/detail
[0.499s] -- Up-to-date: /home/otischung/DATA/workspace/ros2_ws/install/system_interfaces/include/system_interfaces/system_interfaces/msg/detail/check_node__rosidl_typesupport_introspection_cpp.hpp
[0.499s] -- Up-to-date: /home/otischung/DATA/workspace/ros2_ws/install/system_interfaces/include/system_interfaces/system_interfaces/msg/detail/check_node__type_support.cpp
[0.499s] -- Up-to-date: /home/otischung/DATA/workspace/ros2_ws/install/system_interfaces/include/system_interfaces/system_interfaces/msg/detail/node_change__rosidl_typesupport_introspection_cpp.hpp
[0.499s] -- Up-to-date: /home/otischung/DATA/workspace/ros2_ws/install/system_interfaces/include/system_interfaces/system_interfaces/msg/detail/node_change__type_support.cpp
[0.499s] -- Up-to-date: /home/otischung/DATA/workspace/ros2_ws/install/system_interfaces/lib/libsystem_interfaces__rosidl_typesupport_introspection_cpp.so
[0.500s] -- Up-to-date: /home/otischung/DATA/workspace/ros2_ws/install/system_interfaces/lib/libsystem_interfaces__rosidl_typesupport_cpp.so
[0.500s] -- Up-to-date: /home/otischung/DATA/workspace/ros2_ws/install/system_interfaces/share/system_interfaces/environment/pythonpath.sh
[0.500s] -- Up-to-date: /home/otischung/DATA/workspace/ros2_ws/install/system_interfaces/share/system_interfaces/environment/pythonpath.dsv
[0.500s] -- Up-to-date: /home/otischung/DATA/workspace/ros2_ws/install/system_interfaces/local/lib/python3.10/dist-packages/system_interfaces-0.0.0-py3.10.egg-info
[0.500s] -- Installing: /home/otischung/DATA/workspace/ros2_ws/install/system_interfaces/local/lib/python3.10/dist-packages/system_interfaces-0.0.0-py3.10.egg-info/dependency_links.txt
[0.500s] -- Installing: /home/otischung/DATA/workspace/ros2_ws/install/system_interfaces/local/lib/python3.10/dist-packages/system_interfaces-0.0.0-py3.10.egg-info/SOURCES.txt
[0.500s] -- Installing: /home/otischung/DATA/workspace/ros2_ws/install/system_interfaces/local/lib/python3.10/dist-packages/system_interfaces-0.0.0-py3.10.egg-info/top_level.txt
[0.500s] -- Installing: /home/otischung/DATA/workspace/ros2_ws/install/system_interfaces/local/lib/python3.10/dist-packages/system_interfaces-0.0.0-py3.10.egg-info/PKG-INFO
[0.501s] -- Up-to-date: /home/otischung/DATA/workspace/ros2_ws/install/system_interfaces/local/lib/python3.10/dist-packages/system_interfaces
[0.501s] -- Up-to-date: /home/otischung/DATA/workspace/ros2_ws/install/system_interfaces/local/lib/python3.10/dist-packages/system_interfaces/system_interfaces_s__rosidl_typesupport_fastrtps_c.cpython-310-x86_64-linux-gnu.so
[0.501s] -- Up-to-date: /home/otischung/DATA/workspace/ros2_ws/install/system_interfaces/local/lib/python3.10/dist-packages/system_interfaces/libsystem_interfaces__rosidl_generator_py.so
[0.501s] -- Up-to-date: /home/otischung/DATA/workspace/ros2_ws/install/system_interfaces/local/lib/python3.10/dist-packages/system_interfaces/_system_interfaces_s.ep.rosidl_typesupport_introspection_c.c
[0.501s] -- Up-to-date: /home/otischung/DATA/workspace/ros2_ws/install/system_interfaces/local/lib/python3.10/dist-packages/system_interfaces/__init__.py
[0.501s] -- Up-to-date: /home/otischung/DATA/workspace/ros2_ws/install/system_interfaces/local/lib/python3.10/dist-packages/system_interfaces/msg
[0.501s] -- Up-to-date: /home/otischung/DATA/workspace/ros2_ws/install/system_interfaces/local/lib/python3.10/dist-packages/system_interfaces/msg/_node_change.py
[0.501s] -- Up-to-date: /home/otischung/DATA/workspace/ros2_ws/install/system_interfaces/local/lib/python3.10/dist-packages/system_interfaces/msg/_check_node.py
[0.502s] -- Up-to-date: /home/otischung/DATA/workspace/ros2_ws/install/system_interfaces/local/lib/python3.10/dist-packages/system_interfaces/msg/__init__.py
[0.502s] -- Up-to-date: /home/otischung/DATA/workspace/ros2_ws/install/system_interfaces/local/lib/python3.10/dist-packages/system_interfaces/msg/_node_change_s.c
[0.502s] -- Up-to-date: /home/otischung/DATA/workspace/ros2_ws/install/system_interfaces/local/lib/python3.10/dist-packages/system_interfaces/msg/_check_node_s.c
[0.502s] -- Up-to-date: /home/otischung/DATA/workspace/ros2_ws/install/system_interfaces/local/lib/python3.10/dist-packages/system_interfaces/system_interfaces_s__rosidl_typesupport_introspection_c.cpython-310-x86_64-linux-gnu.so
[0.502s] -- Up-to-date: /home/otischung/DATA/workspace/ros2_ws/install/system_interfaces/local/lib/python3.10/dist-packages/system_interfaces/_system_interfaces_s.ep.rosidl_typesupport_fastrtps_c.c
[0.502s] -- Up-to-date: /home/otischung/DATA/workspace/ros2_ws/install/system_interfaces/local/lib/python3.10/dist-packages/system_interfaces/_system_interfaces_s.ep.rosidl_typesupport_c.c
[0.502s] -- Up-to-date: /home/otischung/DATA/workspace/ros2_ws/install/system_interfaces/local/lib/python3.10/dist-packages/system_interfaces/system_interfaces_s__rosidl_typesupport_c.cpython-310-x86_64-linux-gnu.so
[0.529s] Listing '/home/otischung/DATA/workspace/ros2_ws/install/system_interfaces/local/lib/python3.10/dist-packages/system_interfaces'...
[0.529s] Listing '/home/otischung/DATA/workspace/ros2_ws/install/system_interfaces/local/lib/python3.10/dist-packages/system_interfaces/msg'...
[0.533s] -- Up-to-date: /home/otischung/DATA/workspace/ros2_ws/install/system_interfaces/local/lib/python3.10/dist-packages/system_interfaces/system_interfaces_s__rosidl_typesupport_fastrtps_c.cpython-310-x86_64-linux-gnu.so
[0.533s] -- Up-to-date: /home/otischung/DATA/workspace/ros2_ws/install/system_interfaces/local/lib/python3.10/dist-packages/system_interfaces/system_interfaces_s__rosidl_typesupport_introspection_c.cpython-310-x86_64-linux-gnu.so
[0.533s] -- Up-to-date: /home/otischung/DATA/workspace/ros2_ws/install/system_interfaces/local/lib/python3.10/dist-packages/system_interfaces/system_interfaces_s__rosidl_typesupport_c.cpython-310-x86_64-linux-gnu.so
[0.534s] -- Up-to-date: /home/otischung/DATA/workspace/ros2_ws/install/system_interfaces/lib/libsystem_interfaces__rosidl_generator_py.so
[0.534s] -- Up-to-date: /home/otischung/DATA/workspace/ros2_ws/install/system_interfaces/share/system_interfaces/msg/NodeChange.idl
[0.534s] -- Up-to-date: /home/otischung/DATA/workspace/ros2_ws/install/system_interfaces/share/system_interfaces/msg/CheckNode.idl
[0.534s] -- Up-to-date: /home/otischung/DATA/workspace/ros2_ws/install/system_interfaces/share/system_interfaces/msg/NodeChange.msg
[0.534s] -- Up-to-date: /home/otischung/DATA/workspace/ros2_ws/install/system_interfaces/share/system_interfaces/msg/CheckNode.msg
[0.534s] -- Up-to-date: /home/otischung/DATA/workspace/ros2_ws/install/system_interfaces/share/ament_index/resource_index/package_run_dependencies/system_interfaces
[0.535s] -- Up-to-date: /home/otischung/DATA/workspace/ros2_ws/install/system_interfaces/share/ament_index/resource_index/parent_prefix_path/system_interfaces
[0.535s] -- Up-to-date: /home/otischung/DATA/workspace/ros2_ws/install/system_interfaces/share/system_interfaces/environment/ament_prefix_path.sh
[0.535s] -- Up-to-date: /home/otischung/DATA/workspace/ros2_ws/install/system_interfaces/share/system_interfaces/environment/ament_prefix_path.dsv
[0.535s] -- Up-to-date: /home/otischung/DATA/workspace/ros2_ws/install/system_interfaces/share/system_interfaces/environment/path.sh
[0.535s] -- Up-to-date: /home/otischung/DATA/workspace/ros2_ws/install/system_interfaces/share/system_interfaces/environment/path.dsv
[0.535s] -- Up-to-date: /home/otischung/DATA/workspace/ros2_ws/install/system_interfaces/share/system_interfaces/local_setup.bash
[0.536s] -- Up-to-date: /home/otischung/DATA/workspace/ros2_ws/install/system_interfaces/share/system_interfaces/local_setup.sh
[0.536s] -- Up-to-date: /home/otischung/DATA/workspace/ros2_ws/install/system_interfaces/share/system_interfaces/local_setup.zsh
[0.536s] -- Up-to-date: /home/otischung/DATA/workspace/ros2_ws/install/system_interfaces/share/system_interfaces/local_setup.dsv
[0.536s] -- Installing: /home/otischung/DATA/workspace/ros2_ws/install/system_interfaces/share/system_interfaces/package.dsv
[0.536s] -- Up-to-date: /home/otischung/DATA/workspace/ros2_ws/install/system_interfaces/share/ament_index/resource_index/packages/system_interfaces
[0.536s] -- Up-to-date: /home/otischung/DATA/workspace/ros2_ws/install/system_interfaces/share/system_interfaces/cmake/export_system_interfaces__rosidl_generator_cExport.cmake
[0.537s] -- Up-to-date: /home/otischung/DATA/workspace/ros2_ws/install/system_interfaces/share/system_interfaces/cmake/export_system_interfaces__rosidl_generator_cExport-noconfig.cmake
[0.537s] -- Up-to-date: /home/otischung/DATA/workspace/ros2_ws/install/system_interfaces/share/system_interfaces/cmake/export_system_interfaces__rosidl_typesupport_fastrtps_cExport.cmake
[0.537s] -- Up-to-date: /home/otischung/DATA/workspace/ros2_ws/install/system_interfaces/share/system_interfaces/cmake/export_system_interfaces__rosidl_typesupport_fastrtps_cExport-noconfig.cmake
[0.537s] -- Up-to-date: /home/otischung/DATA/workspace/ros2_ws/install/system_interfaces/share/system_interfaces/cmake/system_interfaces__rosidl_typesupport_introspection_cExport.cmake
[0.537s] -- Up-to-date: /home/otischung/DATA/workspace/ros2_ws/install/system_interfaces/share/system_interfaces/cmake/system_interfaces__rosidl_typesupport_introspection_cExport-noconfig.cmake
[0.537s] -- Up-to-date: /home/otischung/DATA/workspace/ros2_ws/install/system_interfaces/share/system_interfaces/cmake/system_interfaces__rosidl_typesupport_cExport.cmake
[0.537s] -- Up-to-date: /home/otischung/DATA/workspace/ros2_ws/install/system_interfaces/share/system_interfaces/cmake/system_interfaces__rosidl_typesupport_cExport-noconfig.cmake
[0.537s] -- Up-to-date: /home/otischung/DATA/workspace/ros2_ws/install/system_interfaces/share/system_interfaces/cmake/export_system_interfaces__rosidl_generator_cppExport.cmake
[0.538s] -- Up-to-date: /home/otischung/DATA/workspace/ros2_ws/install/system_interfaces/share/system_interfaces/cmake/export_system_interfaces__rosidl_typesupport_fastrtps_cppExport.cmake
[0.538s] -- Up-to-date: /home/otischung/DATA/workspace/ros2_ws/install/system_interfaces/share/system_interfaces/cmake/export_system_interfaces__rosidl_typesupport_fastrtps_cppExport-noconfig.cmake
[0.538s] -- Up-to-date: /home/otischung/DATA/workspace/ros2_ws/install/system_interfaces/share/system_interfaces/cmake/system_interfaces__rosidl_typesupport_introspection_cppExport.cmake
[0.539s] -- Up-to-date: /home/otischung/DATA/workspace/ros2_ws/install/system_interfaces/share/system_interfaces/cmake/system_interfaces__rosidl_typesupport_introspection_cppExport-noconfig.cmake
[0.540s] -- Up-to-date: /home/otischung/DATA/workspace/ros2_ws/install/system_interfaces/share/system_interfaces/cmake/system_interfaces__rosidl_typesupport_cppExport.cmake
[0.541s] -- Up-to-date: /home/otischung/DATA/workspace/ros2_ws/install/system_interfaces/share/system_interfaces/cmake/system_interfaces__rosidl_typesupport_cppExport-noconfig.cmake
[0.541s] -- Up-to-date: /home/otischung/DATA/workspace/ros2_ws/install/system_interfaces/share/system_interfaces/cmake/export_system_interfaces__rosidl_generator_pyExport.cmake
[0.541s] -- Up-to-date: /home/otischung/DATA/workspace/ros2_ws/install/system_interfaces/share/system_interfaces/cmake/export_system_interfaces__rosidl_generator_pyExport-noconfig.cmake
[0.542s] -- Up-to-date: /home/otischung/DATA/workspace/ros2_ws/install/system_interfaces/share/system_interfaces/cmake/rosidl_cmake-extras.cmake
[0.542s] -- Up-to-date: /home/otischung/DATA/workspace/ros2_ws/install/system_interfaces/share/system_interfaces/cmake/ament_cmake_export_include_directories-extras.cmake
[0.542s] -- Up-to-date: /home/otischung/DATA/workspace/ros2_ws/install/system_interfaces/share/system_interfaces/cmake/ament_cmake_export_libraries-extras.cmake
[0.543s] -- Up-to-date: /home/otischung/DATA/workspace/ros2_ws/install/system_interfaces/share/system_interfaces/cmake/ament_cmake_export_targets-extras.cmake
[0.543s] -- Up-to-date: /home/otischung/DATA/workspace/ros2_ws/install/system_interfaces/share/system_interfaces/cmake/rosidl_cmake_export_typesupport_targets-extras.cmake
[0.543s] -- Up-to-date: /home/otischung/DATA/workspace/ros2_ws/install/system_interfaces/share/system_interfaces/cmake/ament_cmake_export_dependencies-extras.cmake
[0.544s] -- Up-to-date: /home/otischung/DATA/workspace/ros2_ws/install/system_interfaces/share/system_interfaces/cmake/rosidl_cmake_export_typesupport_libraries-extras.cmake
[0.544s] -- Up-to-date: /home/otischung/DATA/workspace/ros2_ws/install/system_interfaces/share/system_interfaces/cmake/system_interfacesConfig.cmake
[0.545s] -- Up-to-date: /home/otischung/DATA/workspace/ros2_ws/install/system_interfaces/share/system_interfaces/cmake/system_interfacesConfig-version.cmake
[0.545s] -- Up-to-date: /home/otischung/DATA/workspace/ros2_ws/install/system_interfaces/share/system_interfaces/package.xml
[0.545s] Invoked command in '/home/otischung/DATA/workspace/ros2_ws/build/system_interfaces' returned '0': CMAKE_PREFIX_PATH=${CMAKE_PREFIX_PATH}:/home/otischung/DATA/workspace/ros2_ws/install/test_node:/home/otischung/DATA/workspace/ros2_ws/install/template:/home/otischung/DATA/workspace/ros2_ws/install/pros_library:/home/otischung/DATA/workspace/ros2_ws/install/my_py_pkg:/opt/ros/humble /usr/bin/cmake --install /home/otischung/DATA/workspace/ros2_ws/build/system_interfaces
