[0.843s] Invoking command in '/home/otischung/DATA/workspace/ros2_ws/src/template': AMENT_PREFIX_PATH=/home/otischung/DATA/workspace/ros2_ws/install/pros_library:/home/otischung/DATA/workspace/ros2_ws/install/test_node:/home/otischung/DATA/workspace/ros2_ws/install/template:/home/otischung/DATA/workspace/ros2_ws/install/monitor_system:/home/otischung/DATA/workspace/ros2_ws/install/system_interfaces:/home/otischung/DATA/workspace/ros2_ws/install/my_py_pkg:/opt/ros/humble CMAKE_PREFIX_PATH=/home/otischung/DATA/workspace/ros2_ws/install/system_interfaces:/home/otischung/DATA/workspace/ros2_ws/install/monitor_system PYTHONPATH=/home/otischung/DATA/workspace/ros2_ws/build/template/prefix_override:/home/otischung/DATA/workspace/ros2_ws/install/template/lib/python3.10/site-packages:/home/otischung/DATA/workspace/ros2_ws/install/pros_library/lib/python3.10/site-packages:/home/otischung/DATA/workspace/ros2_ws/install/test_node/lib/python3.10/site-packages:/home/otischung/DATA/workspace/ros2_ws/install/template/lib/python3.10/site-packages:/home/otischung/DATA/workspace/ros2_ws/install/system_interfaces/local/lib/python3.10/dist-packages:/home/otischung/DATA/workspace/ros2_ws/install/my_py_pkg/lib/python3.10/site-packages:/home/otischung/DATA/workspace/ros2_ws/install/my-test-package/lib/python3.10/site-packages:/opt/ros/humble/lib/python3.10/site-packages:/opt/ros/humble/local/lib/python3.10/dist-packages /usr/bin/python3 setup.py egg_info --egg-base ../../build/template build --build-base /home/otischung/DATA/workspace/ros2_ws/build/template/build install --record /home/otischung/DATA/workspace/ros2_ws/build/template/install.log --single-version-externally-managed
[1.091s] running egg_info
[1.091s] creating ../../build/template/template.egg-info
[1.092s] writing ../../build/template/template.egg-info/PKG-INFO
[1.092s] writing dependency_links to ../../build/template/template.egg-info/dependency_links.txt
[1.092s] writing entry points to ../../build/template/template.egg-info/entry_points.txt
[1.092s] writing requirements to ../../build/template/template.egg-info/requires.txt
[1.092s] writing top-level names to ../../build/template/template.egg-info/top_level.txt
[1.092s] writing manifest file '../../build/template/template.egg-info/SOURCES.txt'
[1.094s] reading manifest file '../../build/template/template.egg-info/SOURCES.txt'
[1.095s] writing manifest file '../../build/template/template.egg-info/SOURCES.txt'
[1.095s] running build
[1.095s] running build_py
[1.095s] creating /home/otischung/DATA/workspace/ros2_ws/build/template/build
[1.095s] creating /home/otischung/DATA/workspace/ros2_ws/build/template/build/lib
[1.095s] creating /home/otischung/DATA/workspace/ros2_ws/build/template/build/lib/template
[1.095s] copying template/template.py -> /home/otischung/DATA/workspace/ros2_ws/build/template/build/lib/template
[1.096s] copying template/__init__.py -> /home/otischung/DATA/workspace/ros2_ws/build/template/build/lib/template
[1.096s] running install
[1.096s] running install_lib
[1.096s] creating /home/otischung/DATA/workspace/ros2_ws/install/template/lib/python3.10/site-packages/template
[1.096s] copying /home/otischung/DATA/workspace/ros2_ws/build/template/build/lib/template/template.py -> /home/otischung/DATA/workspace/ros2_ws/install/template/lib/python3.10/site-packages/template
[1.096s] copying /home/otischung/DATA/workspace/ros2_ws/build/template/build/lib/template/__init__.py -> /home/otischung/DATA/workspace/ros2_ws/install/template/lib/python3.10/site-packages/template
[1.097s] byte-compiling /home/otischung/DATA/workspace/ros2_ws/install/template/lib/python3.10/site-packages/template/template.py to template.cpython-310.pyc
[1.097s] byte-compiling /home/otischung/DATA/workspace/ros2_ws/install/template/lib/python3.10/site-packages/template/__init__.py to __init__.cpython-310.pyc
[1.097s] running install_data
[1.098s] creating /home/otischung/DATA/workspace/ros2_ws/install/template/share/ament_index
[1.098s] creating /home/otischung/DATA/workspace/ros2_ws/install/template/share/ament_index/resource_index
[1.098s] creating /home/otischung/DATA/workspace/ros2_ws/install/template/share/ament_index/resource_index/packages
[1.098s] copying resource/template -> /home/otischung/DATA/workspace/ros2_ws/install/template/share/ament_index/resource_index/packages
[1.098s] copying package.xml -> /home/otischung/DATA/workspace/ros2_ws/install/template/share/template
[1.099s] running install_egg_info
[1.100s] Copying ../../build/template/template.egg-info to /home/otischung/DATA/workspace/ros2_ws/install/template/lib/python3.10/site-packages/template-0.0.0-py3.10.egg-info
[1.100s] running install_scripts
[1.119s] Installing robot_node script to /home/otischung/DATA/workspace/ros2_ws/install/template/lib/template
[1.119s] writing list of installed files to '/home/otischung/DATA/workspace/ros2_ws/build/template/install.log'
[1.146s] Invoked command in '/home/otischung/DATA/workspace/ros2_ws/src/template' returned '0': AMENT_PREFIX_PATH=/home/otischung/DATA/workspace/ros2_ws/install/pros_library:/home/otischung/DATA/workspace/ros2_ws/install/test_node:/home/otischung/DATA/workspace/ros2_ws/install/template:/home/otischung/DATA/workspace/ros2_ws/install/monitor_system:/home/otischung/DATA/workspace/ros2_ws/install/system_interfaces:/home/otischung/DATA/workspace/ros2_ws/install/my_py_pkg:/opt/ros/humble CMAKE_PREFIX_PATH=/home/otischung/DATA/workspace/ros2_ws/install/system_interfaces:/home/otischung/DATA/workspace/ros2_ws/install/monitor_system PYTHONPATH=/home/otischung/DATA/workspace/ros2_ws/build/template/prefix_override:/home/otischung/DATA/workspace/ros2_ws/install/template/lib/python3.10/site-packages:/home/otischung/DATA/workspace/ros2_ws/install/pros_library/lib/python3.10/site-packages:/home/otischung/DATA/workspace/ros2_ws/install/test_node/lib/python3.10/site-packages:/home/otischung/DATA/workspace/ros2_ws/install/template/lib/python3.10/site-packages:/home/otischung/DATA/workspace/ros2_ws/install/system_interfaces/local/lib/python3.10/dist-packages:/home/otischung/DATA/workspace/ros2_ws/install/my_py_pkg/lib/python3.10/site-packages:/home/otischung/DATA/workspace/ros2_ws/install/my-test-package/lib/python3.10/site-packages:/opt/ros/humble/lib/python3.10/site-packages:/opt/ros/humble/local/lib/python3.10/dist-packages /usr/bin/python3 setup.py egg_info --egg-base ../../build/template build --build-base /home/otischung/DATA/workspace/ros2_ws/build/template/build install --record /home/otischung/DATA/workspace/ros2_ws/build/template/install.log --single-version-externally-managed
