[35m[1mConsolidate compiler generated dependencies of target syslog[0m
[35m[1mConsolidate compiler generated dependencies of target watchdog[0m
[ 75%] Built target watchdog
[100%] Built target syslog
-- Install configuration: ""
-- Up-to-date: /home/otischung/DATA/workspace/ros2_ws/install/monitor_system/lib/monitor_system/syslog
-- Up-to-date: /home/otischung/DATA/workspace/ros2_ws/install/monitor_system/lib/monitor_system/watchdog
-- Up-to-date: /home/otischung/DATA/workspace/ros2_ws/install/monitor_system/share/ament_index/resource_index/package_run_dependencies/monitor_system
-- Up-to-date: /home/otischung/DATA/workspace/ros2_ws/install/monitor_system/share/ament_index/resource_index/parent_prefix_path/monitor_system
-- Up-to-date: /home/otischung/DATA/workspace/ros2_ws/install/monitor_system/share/monitor_system/environment/ament_prefix_path.sh
-- Up-to-date: /home/otischung/DATA/workspace/ros2_ws/install/monitor_system/share/monitor_system/environment/ament_prefix_path.dsv
-- Up-to-date: /home/otischung/DATA/workspace/ros2_ws/install/monitor_system/share/monitor_system/environment/path.sh
-- Up-to-date: /home/otischung/DATA/workspace/ros2_ws/install/monitor_system/share/monitor_system/environment/path.dsv
-- Up-to-date: /home/otischung/DATA/workspace/ros2_ws/install/monitor_system/share/monitor_system/local_setup.bash
-- Up-to-date: /home/otischung/DATA/workspace/ros2_ws/install/monitor_system/share/monitor_system/local_setup.sh
-- Up-to-date: /home/otischung/DATA/workspace/ros2_ws/install/monitor_system/share/monitor_system/local_setup.zsh
-- Up-to-date: /home/otischung/DATA/workspace/ros2_ws/install/monitor_system/share/monitor_system/local_setup.dsv
-- Installing: /home/otischung/DATA/workspace/ros2_ws/install/monitor_system/share/monitor_system/package.dsv
-- Up-to-date: /home/otischung/DATA/workspace/ros2_ws/install/monitor_system/share/ament_index/resource_index/packages/monitor_system
-- Up-to-date: /home/otischung/DATA/workspace/ros2_ws/install/monitor_system/share/monitor_system/cmake/monitor_systemConfig.cmake
-- Up-to-date: /home/otischung/DATA/workspace/ros2_ws/install/monitor_system/share/monitor_system/cmake/monitor_systemConfig-version.cmake
-- Up-to-date: /home/otischung/DATA/workspace/ros2_ws/install/monitor_system/share/monitor_system/package.xml
