[0.271s] Invoking command in '/home/otischung/DATA/workspace/ros2_ws/build/monitor_system': CMAKE_PREFIX_PATH=/home/otischung/DATA/workspace/ros2_ws/install/system_interfaces:/home/otischung/DATA/workspace/ros2_ws/install/monitor_system:/home/otischung/DATA/workspace/ros2_ws/install/test_node:/home/otischung/DATA/workspace/ros2_ws/install/template:/home/otischung/DATA/workspace/ros2_ws/install/pros_library:/home/otischung/DATA/workspace/ros2_ws/install/my_py_pkg:/opt/ros/humble /usr/bin/cmake --build /home/otischung/DATA/workspace/ros2_ws/build/monitor_system -- -j12 -l12
[0.305s] [35m[1mConsolidate compiler generated dependencies of target syslog[0m
[0.305s] [35m[1mConsolidate compiler generated dependencies of target watchdog[0m
[0.322s] [ 75%] Built target watchdog
[0.323s] [100%] Built target syslog
[0.333s] Invoked command in '/home/otischung/DATA/workspace/ros2_ws/build/monitor_system' returned '0': CMAKE_PREFIX_PATH=/home/otischung/DATA/workspace/ros2_ws/install/system_interfaces:/home/otischung/DATA/workspace/ros2_ws/install/monitor_system:/home/otischung/DATA/workspace/ros2_ws/install/test_node:/home/otischung/DATA/workspace/ros2_ws/install/template:/home/otischung/DATA/workspace/ros2_ws/install/pros_library:/home/otischung/DATA/workspace/ros2_ws/install/my_py_pkg:/opt/ros/humble /usr/bin/cmake --build /home/otischung/DATA/workspace/ros2_ws/build/monitor_system -- -j12 -l12
[0.361s] Invoking command in '/home/otischung/DATA/workspace/ros2_ws/build/monitor_system': CMAKE_PREFIX_PATH=/home/otischung/DATA/workspace/ros2_ws/install/system_interfaces:/home/otischung/DATA/workspace/ros2_ws/install/monitor_system:/home/otischung/DATA/workspace/ros2_ws/install/test_node:/home/otischung/DATA/workspace/ros2_ws/install/template:/home/otischung/DATA/workspace/ros2_ws/install/pros_library:/home/otischung/DATA/workspace/ros2_ws/install/my_py_pkg:/opt/ros/humble /usr/bin/cmake --install /home/otischung/DATA/workspace/ros2_ws/build/monitor_system
[0.368s] -- Install configuration: ""
[0.368s] -- Up-to-date: /home/otischung/DATA/workspace/ros2_ws/install/monitor_system/lib/monitor_system/syslog
[0.369s] -- Up-to-date: /home/otischung/DATA/workspace/ros2_ws/install/monitor_system/lib/monitor_system/watchdog
[0.369s] -- Up-to-date: /home/otischung/DATA/workspace/ros2_ws/install/monitor_system/share/ament_index/resource_index/package_run_dependencies/monitor_system
[0.370s] -- Up-to-date: /home/otischung/DATA/workspace/ros2_ws/install/monitor_system/share/ament_index/resource_index/parent_prefix_path/monitor_system
[0.370s] -- Up-to-date: /home/otischung/DATA/workspace/ros2_ws/install/monitor_system/share/monitor_system/environment/ament_prefix_path.sh
[0.370s] -- Up-to-date: /home/otischung/DATA/workspace/ros2_ws/install/monitor_system/share/monitor_system/environment/ament_prefix_path.dsv
[0.370s] -- Up-to-date: /home/otischung/DATA/workspace/ros2_ws/install/monitor_system/share/monitor_system/environment/path.sh
[0.370s] -- Up-to-date: /home/otischung/DATA/workspace/ros2_ws/install/monitor_system/share/monitor_system/environment/path.dsv
[0.370s] -- Up-to-date: /home/otischung/DATA/workspace/ros2_ws/install/monitor_system/share/monitor_system/local_setup.bash
[0.370s] -- Up-to-date: /home/otischung/DATA/workspace/ros2_ws/install/monitor_system/share/monitor_system/local_setup.sh
[0.371s] -- Up-to-date: /home/otischung/DATA/workspace/ros2_ws/install/monitor_system/share/monitor_system/local_setup.zsh
[0.371s] -- Up-to-date: /home/otischung/DATA/workspace/ros2_ws/install/monitor_system/share/monitor_system/local_setup.dsv
[0.371s] -- Installing: /home/otischung/DATA/workspace/ros2_ws/install/monitor_system/share/monitor_system/package.dsv
[0.371s] -- Up-to-date: /home/otischung/DATA/workspace/ros2_ws/install/monitor_system/share/ament_index/resource_index/packages/monitor_system
[0.371s] -- Up-to-date: /home/otischung/DATA/workspace/ros2_ws/install/monitor_system/share/monitor_system/cmake/monitor_systemConfig.cmake
[0.371s] -- Up-to-date: /home/otischung/DATA/workspace/ros2_ws/install/monitor_system/share/monitor_system/cmake/monitor_systemConfig-version.cmake
[0.371s] -- Up-to-date: /home/otischung/DATA/workspace/ros2_ws/install/monitor_system/share/monitor_system/package.xml
[0.376s] Invoked command in '/home/otischung/DATA/workspace/ros2_ws/build/monitor_system' returned '0': CMAKE_PREFIX_PATH=/home/otischung/DATA/workspace/ros2_ws/install/system_interfaces:/home/otischung/DATA/workspace/ros2_ws/install/monitor_system:/home/otischung/DATA/workspace/ros2_ws/install/test_node:/home/otischung/DATA/workspace/ros2_ws/install/template:/home/otischung/DATA/workspace/ros2_ws/install/pros_library:/home/otischung/DATA/workspace/ros2_ws/install/my_py_pkg:/opt/ros/humble /usr/bin/cmake --install /home/otischung/DATA/workspace/ros2_ws/build/monitor_system
